/home/boris/ros2_ws/src/install/my_calculate_action/lib/python3.10/site-packages/my_calculate_action/calculate_action_client.py
/home/boris/ros2_ws/src/install/my_calculate_action/lib/python3.10/site-packages/my_calculate_action/__init__.py
/home/boris/ros2_ws/src/install/my_calculate_action/lib/python3.10/site-packages/my_calculate_action/calculate_action_server.py
/home/boris/ros2_ws/src/install/my_calculate_action/lib/python3.10/site-packages/my_calculate_action/publisher_node.py
/home/boris/ros2_ws/src/install/my_calculate_action/lib/python3.10/site-packages/my_calculate_action/__pycache__/calculate_action_client.cpython-310.pyc
/home/boris/ros2_ws/src/install/my_calculate_action/lib/python3.10/site-packages/my_calculate_action/__pycache__/__init__.cpython-310.pyc
/home/boris/ros2_ws/src/install/my_calculate_action/lib/python3.10/site-packages/my_calculate_action/__pycache__/calculate_action_server.cpython-310.pyc
/home/boris/ros2_ws/src/install/my_calculate_action/lib/python3.10/site-packages/my_calculate_action/__pycache__/publisher_node.cpython-310.pyc
/home/boris/ros2_ws/src/install/my_calculate_action/share/ament_index/resource_index/packages/my_calculate_action
/home/boris/ros2_ws/src/install/my_calculate_action/share/my_calculate_action/package.xml
/home/boris/ros2_ws/src/install/my_calculate_action/lib/python3.10/site-packages/my_calculate_action-0.0.0-py3.10.egg-info/zip-safe
/home/boris/ros2_ws/src/install/my_calculate_action/lib/python3.10/site-packages/my_calculate_action-0.0.0-py3.10.egg-info/entry_points.txt
/home/boris/ros2_ws/src/install/my_calculate_action/lib/python3.10/site-packages/my_calculate_action-0.0.0-py3.10.egg-info/PKG-INFO
/home/boris/ros2_ws/src/install/my_calculate_action/lib/python3.10/site-packages/my_calculate_action-0.0.0-py3.10.egg-info/requires.txt
/home/boris/ros2_ws/src/install/my_calculate_action/lib/python3.10/site-packages/my_calculate_action-0.0.0-py3.10.egg-info/dependency_links.txt
/home/boris/ros2_ws/src/install/my_calculate_action/lib/python3.10/site-packages/my_calculate_action-0.0.0-py3.10.egg-info/top_level.txt
/home/boris/ros2_ws/src/install/my_calculate_action/lib/python3.10/site-packages/my_calculate_action-0.0.0-py3.10.egg-info/SOURCES.txt
/home/boris/ros2_ws/src/install/my_calculate_action/lib/my_calculate_action/calculate_action_client
/home/boris/ros2_ws/src/install/my_calculate_action/lib/my_calculate_action/calculate_action_server
/home/boris/ros2_ws/src/install/my_calculate_action/lib/my_calculate_action/number_publisher
