/home/boris/ros2_ws/src/install/my_turtle_controller/lib/python3.10/site-packages/my_turtle_controller/turtle_pose.py
/home/boris/ros2_ws/src/install/my_turtle_controller/lib/python3.10/site-packages/my_turtle_controller/turtle_mover.py
/home/boris/ros2_ws/src/install/my_turtle_controller/lib/python3.10/site-packages/my_turtle_controller/__init__.py
/home/boris/ros2_ws/src/install/my_turtle_controller/lib/python3.10/site-packages/my_turtle_controller/turtle_figure8.py
/home/boris/ros2_ws/src/install/my_turtle_controller/lib/python3.10/site-packages/my_turtle_controller/__pycache__/turtle_pose.cpython-310.pyc
/home/boris/ros2_ws/src/install/my_turtle_controller/lib/python3.10/site-packages/my_turtle_controller/__pycache__/turtle_mover.cpython-310.pyc
/home/boris/ros2_ws/src/install/my_turtle_controller/lib/python3.10/site-packages/my_turtle_controller/__pycache__/__init__.cpython-310.pyc
/home/boris/ros2_ws/src/install/my_turtle_controller/lib/python3.10/site-packages/my_turtle_controller/__pycache__/turtle_figure8.cpython-310.pyc
/home/boris/ros2_ws/src/install/my_turtle_controller/share/ament_index/resource_index/packages/my_turtle_controller
/home/boris/ros2_ws/src/install/my_turtle_controller/share/my_turtle_controller/package.xml
/home/boris/ros2_ws/src/install/my_turtle_controller/lib/python3.10/site-packages/my_turtle_controller-0.0.0-py3.10.egg-info/zip-safe
/home/boris/ros2_ws/src/install/my_turtle_controller/lib/python3.10/site-packages/my_turtle_controller-0.0.0-py3.10.egg-info/entry_points.txt
/home/boris/ros2_ws/src/install/my_turtle_controller/lib/python3.10/site-packages/my_turtle_controller-0.0.0-py3.10.egg-info/PKG-INFO
/home/boris/ros2_ws/src/install/my_turtle_controller/lib/python3.10/site-packages/my_turtle_controller-0.0.0-py3.10.egg-info/requires.txt
/home/boris/ros2_ws/src/install/my_turtle_controller/lib/python3.10/site-packages/my_turtle_controller-0.0.0-py3.10.egg-info/dependency_links.txt
/home/boris/ros2_ws/src/install/my_turtle_controller/lib/python3.10/site-packages/my_turtle_controller-0.0.0-py3.10.egg-info/top_level.txt
/home/boris/ros2_ws/src/install/my_turtle_controller/lib/python3.10/site-packages/my_turtle_controller-0.0.0-py3.10.egg-info/SOURCES.txt
/home/boris/ros2_ws/src/install/my_turtle_controller/lib/my_turtle_controller/turtle_figure8
/home/boris/ros2_ws/src/install/my_turtle_controller/lib/my_turtle_controller/turtle_mover
/home/boris/ros2_ws/src/install/my_turtle_controller/lib/my_turtle_controller/turtle_pose
