[1.776s] Invoking command in '/home/boris/ros2_ws/src/my_service_server': AMENT_PREFIX_PATH=/home/boris/ros2_ws/src/install/my_service_interfaces:${AMENT_PREFIX_PATH} CMAKE_PREFIX_PATH=/home/boris/ros2_ws/src/install/my_service_interfaces LD_LIBRARY_PATH=/home/boris/ros2_ws/src/install/my_service_interfaces/lib:${LD_LIBRARY_PATH} PYTHONPATH=/home/boris/ros2_ws/src/build/my_service_server/prefix_override:/usr/lib/python3/dist-packages/colcon_core/task/python/colcon_distutils_commands:/home/boris/ros2_ws/src/install/my_service_server/lib/python3.10/site-packages:/home/boris/ros2_ws/src/install/my_service_interfaces/local/lib/python3.10/dist-packages:${PYTHONPATH} /usr/bin/python3 -W ignore:setup.py install is deprecated -W ignore:easy_install command is deprecated setup.py egg_info --egg-base ../build/my_service_server build --build-base /home/boris/ros2_ws/src/build/my_service_server/build install --record /home/boris/ros2_ws/src/build/my_service_server/install.log --single-version-externally-managed install_data
[2.269s] running egg_info
[2.270s] creating ../build/my_service_server/my_service_server.egg-info
[2.270s] writing ../build/my_service_server/my_service_server.egg-info/PKG-INFO
[2.271s] writing dependency_links to ../build/my_service_server/my_service_server.egg-info/dependency_links.txt
[2.271s] writing entry points to ../build/my_service_server/my_service_server.egg-info/entry_points.txt
[2.272s] writing requirements to ../build/my_service_server/my_service_server.egg-info/requires.txt
[2.272s] writing top-level names to ../build/my_service_server/my_service_server.egg-info/top_level.txt
[2.272s] writing manifest file '../build/my_service_server/my_service_server.egg-info/SOURCES.txt'
[2.274s] reading manifest file '../build/my_service_server/my_service_server.egg-info/SOURCES.txt'
[2.276s] writing manifest file '../build/my_service_server/my_service_server.egg-info/SOURCES.txt'
[2.276s] running build
[2.277s] running build_py
[2.277s] creating /home/boris/ros2_ws/src/build/my_service_server/build
[2.278s] creating /home/boris/ros2_ws/src/build/my_service_server/build/lib
[2.278s] creating /home/boris/ros2_ws/src/build/my_service_server/build/lib/my_service_server
[2.278s] copying my_service_server/server_node.py -> /home/boris/ros2_ws/src/build/my_service_server/build/lib/my_service_server
[2.279s] copying my_service_server/__init__.py -> /home/boris/ros2_ws/src/build/my_service_server/build/lib/my_service_server
[2.279s] running install
[2.280s] running install_lib
[2.281s] creating /home/boris/ros2_ws/src/install/my_service_server/lib/python3.10/site-packages/my_service_server
[2.281s] copying /home/boris/ros2_ws/src/build/my_service_server/build/lib/my_service_server/server_node.py -> /home/boris/ros2_ws/src/install/my_service_server/lib/python3.10/site-packages/my_service_server
[2.281s] copying /home/boris/ros2_ws/src/build/my_service_server/build/lib/my_service_server/__init__.py -> /home/boris/ros2_ws/src/install/my_service_server/lib/python3.10/site-packages/my_service_server
[2.282s] byte-compiling /home/boris/ros2_ws/src/install/my_service_server/lib/python3.10/site-packages/my_service_server/server_node.py to server_node.cpython-310.pyc
[2.282s] byte-compiling /home/boris/ros2_ws/src/install/my_service_server/lib/python3.10/site-packages/my_service_server/__init__.py to __init__.cpython-310.pyc
[2.283s] running install_data
[2.283s] creating /home/boris/ros2_ws/src/install/my_service_server/share/ament_index
[2.284s] creating /home/boris/ros2_ws/src/install/my_service_server/share/ament_index/resource_index
[2.284s] creating /home/boris/ros2_ws/src/install/my_service_server/share/ament_index/resource_index/packages
[2.284s] copying resource/my_service_server -> /home/boris/ros2_ws/src/install/my_service_server/share/ament_index/resource_index/packages
[2.284s] copying package.xml -> /home/boris/ros2_ws/src/install/my_service_server/share/my_service_server
[2.285s] running install_egg_info
[2.288s] Copying ../build/my_service_server/my_service_server.egg-info to /home/boris/ros2_ws/src/install/my_service_server/lib/python3.10/site-packages/my_service_server-0.0.0-py3.10.egg-info
[2.291s] running install_scripts
[2.332s] Installing velocity_server script to /home/boris/ros2_ws/src/install/my_service_server/lib/my_service_server
[2.332s] writing list of installed files to '/home/boris/ros2_ws/src/build/my_service_server/install.log'
[2.388s] Invoked command in '/home/boris/ros2_ws/src/my_service_server' returned '0': AMENT_PREFIX_PATH=/home/boris/ros2_ws/src/install/my_service_interfaces:${AMENT_PREFIX_PATH} CMAKE_PREFIX_PATH=/home/boris/ros2_ws/src/install/my_service_interfaces LD_LIBRARY_PATH=/home/boris/ros2_ws/src/install/my_service_interfaces/lib:${LD_LIBRARY_PATH} PYTHONPATH=/home/boris/ros2_ws/src/build/my_service_server/prefix_override:/usr/lib/python3/dist-packages/colcon_core/task/python/colcon_distutils_commands:/home/boris/ros2_ws/src/install/my_service_server/lib/python3.10/site-packages:/home/boris/ros2_ws/src/install/my_service_interfaces/local/lib/python3.10/dist-packages:${PYTHONPATH} /usr/bin/python3 -W ignore:setup.py install is deprecated -W ignore:easy_install command is deprecated setup.py egg_info --egg-base ../build/my_service_server build --build-base /home/boris/ros2_ws/src/build/my_service_server/build install --record /home/boris/ros2_ws/src/build/my_service_server/install.log --single-version-externally-managed install_data
