[0.578s] Invoking command in '/home/boris/ros2_ws/src/build/my_action_interface': CMAKE_PREFIX_PATH=/opt/ros/humble /usr/bin/cmake /home/boris/ros2_ws/src/my_action_interface -DCMAKE_INSTALL_PREFIX=/home/boris/ros2_ws/src/install/my_action_interface
[2.313s] -- The C compiler identification is GNU 11.4.0
[2.313s] -- The CXX compiler identification is GNU 11.4.0
[2.314s] -- Detecting C compiler ABI info
[2.314s] -- Detecting C compiler ABI info - done
[2.315s] -- Check for working C compiler: /usr/bin/cc - skipped
[2.315s] -- Detecting C compile features
[2.315s] -- Detecting C compile features - done
[2.315s] -- Detecting CXX compiler ABI info
[2.316s] -- Detecting CXX compiler ABI info - done
[2.316s] -- Check for working CXX compiler: /usr/bin/c++ - skipped
[2.316s] -- Detecting CXX compile features
[2.316s] -- Detecting CXX compile features - done
[2.317s] -- Found ament_cmake: 1.3.12 (/opt/ros/humble/share/ament_cmake/cmake)
[2.317s] -- Found Python3: /usr/bin/python3 (found version "3.10.12") found components: Interpreter 
[2.317s] -- Found rosidl_default_generators: 1.2.0 (/opt/ros/humble/share/rosidl_default_generators/cmake)
[2.318s] -- Using all available rosidl_typesupport_c: rosidl_typesupport_fastrtps_c;rosidl_typesupport_introspection_c
[2.318s] -- Found rosidl_adapter: 3.1.7 (/opt/ros/humble/share/rosidl_adapter/cmake)
[2.318s] -- Using all available rosidl_typesupport_cpp: rosidl_typesupport_fastrtps_cpp;rosidl_typesupport_introspection_cpp
[3.052s] -- Found ament_cmake_ros: 0.10.0 (/opt/ros/humble/share/ament_cmake_ros/cmake)
[3.727s] -- Using all available rosidl_typesupport_c: rosidl_typesupport_fastrtps_c;rosidl_typesupport_introspection_c
[4.968s] -- Using all available rosidl_typesupport_cpp: rosidl_typesupport_fastrtps_cpp;rosidl_typesupport_introspection_cpp
[5.044s] -- Found PythonInterp: /usr/bin/python3 (found suitable version "3.10.12", minimum required is "3.6") 
[5.053s] -- Found python_cmake_module: 0.10.0 (/opt/ros/humble/share/python_cmake_module/cmake)
[5.133s] -- Found PythonLibs: /usr/lib/x86_64-linux-gnu/libpython3.10.so (found suitable version "3.10.12", minimum required is "3.5") 
[5.133s] -- Using PYTHON_EXECUTABLE: /usr/bin/python3
[5.134s] -- Using PYTHON_INCLUDE_DIRS: /usr/include/python3.10
[5.134s] -- Using PYTHON_LIBRARIES: /usr/lib/x86_64-linux-gnu/libpython3.10.so
[5.196s] -- Found PythonExtra: .so  
[5.357s] -- Found ament_lint_auto: 0.12.14 (/opt/ros/humble/share/ament_lint_auto/cmake)
[5.440s] -- Added test 'lint_cmake' to check CMake code style
[5.444s] -- Added test 'xmllint' to check XML markup files
[5.458s] -- Configuring done
[5.637s] -- Generating done
[5.673s] -- Build files have been written to: /home/boris/ros2_ws/src/build/my_action_interface
[5.719s] Invoked command in '/home/boris/ros2_ws/src/build/my_action_interface' returned '0': CMAKE_PREFIX_PATH=/opt/ros/humble /usr/bin/cmake /home/boris/ros2_ws/src/my_action_interface -DCMAKE_INSTALL_PREFIX=/home/boris/ros2_ws/src/install/my_action_interface
[5.727s] Invoking command in '/home/boris/ros2_ws/src/build/my_action_interface': CMAKE_PREFIX_PATH=/opt/ros/humble /usr/bin/cmake --build /home/boris/ros2_ws/src/build/my_action_interface -- -j8 -l8
[5.883s] [  3%] [34m[1mGenerating C code for ROS interfaces[0m
[5.909s] [  6%] [34m[1mGenerating C++ code for ROS interfaces[0m
[5.962s] [  6%] Built target ament_cmake_python_copy_my_action_interface
[7.493s] running egg_info
[7.497s] creating my_action_interface.egg-info
[7.498s] writing my_action_interface.egg-info/PKG-INFO
[7.503s] writing dependency_links to my_action_interface.egg-info/dependency_links.txt
[7.512s] writing top-level names to my_action_interface.egg-info/top_level.txt
[7.512s] writing manifest file 'my_action_interface.egg-info/SOURCES.txt'
[7.525s] reading manifest file 'my_action_interface.egg-info/SOURCES.txt'
[7.532s] writing manifest file 'my_action_interface.egg-info/SOURCES.txt'
[7.670s] [  6%] Built target ament_cmake_python_build_my_action_interface_egg
[8.105s] [  6%] Built target my_action_interface__cpp
[8.158s] [  9%] [34m[1mGenerating C++ type support for eProsima Fast-RTPS[0m
[8.167s] [ 12%] [34m[1mGenerating C++ introspection for ROS interfaces[0m
[8.172s] [ 16%] [34m[1mGenerating C++ type support dispatch for ROS interfaces[0m
[8.568s] [ 19%] [32mBuilding C object CMakeFiles/my_action_interface__rosidl_generator_c.dir/rosidl_generator_c/my_action_interface/action/detail/summ_calculate__functions.c.o[0m
[9.526s] [ 22%] [32m[1mLinking C shared library libmy_action_interface__rosidl_generator_c.so[0m
[9.736s] [ 22%] Built target my_action_interface__rosidl_generator_c
[9.767s] [ 25%] [32mBuilding CXX object CMakeFiles/my_action_interface__rosidl_typesupport_cpp.dir/rosidl_typesupport_cpp/my_action_interface/action/summ_calculate__type_support.cpp.o[0m
[9.791s] [ 29%] [34m[1mGenerating C type support for eProsima Fast-RTPS[0m
[9.799s] [ 32%] [34m[1mGenerating C type support dispatch for ROS interfaces[0m
[9.818s] [ 35%] [34m[1mGenerating C introspection for ROS interfaces[0m
[10.102s] [ 38%] [32mBuilding CXX object CMakeFiles/my_action_interface__rosidl_typesupport_introspection_cpp.dir/rosidl_typesupport_introspection_cpp/my_action_interface/action/detail/summ_calculate__type_support.cpp.o[0m
[11.357s] [ 41%] [32mBuilding CXX object CMakeFiles/my_action_interface__rosidl_typesupport_fastrtps_c.dir/rosidl_typesupport_fastrtps_c/my_action_interface/action/detail/summ_calculate__type_support_c.cpp.o[0m
[11.403s] [ 45%] [32mBuilding CXX object CMakeFiles/my_action_interface__rosidl_typesupport_c.dir/rosidl_typesupport_c/my_action_interface/action/summ_calculate__type_support.cpp.o[0m
[11.425s] [ 48%] [32mBuilding CXX object CMakeFiles/my_action_interface__rosidl_typesupport_fastrtps_cpp.dir/rosidl_typesupport_fastrtps_cpp/my_action_interface/action/detail/dds_fastrtps/summ_calculate__type_support.cpp.o[0m
[11.461s] [ 51%] [32mBuilding C object CMakeFiles/my_action_interface__rosidl_typesupport_introspection_c.dir/rosidl_typesupport_introspection_c/my_action_interface/action/detail/summ_calculate__type_support.c.o[0m
[11.544s] [ 54%] [32m[1mLinking CXX shared library libmy_action_interface__rosidl_typesupport_c.so[0m
[11.612s] [ 58%] [32m[1mLinking C shared library libmy_action_interface__rosidl_typesupport_introspection_c.so[0m
[11.654s] [ 58%] Built target my_action_interface__rosidl_typesupport_c
[11.684s] [ 58%] Built target my_action_interface__rosidl_typesupport_introspection_c
[12.043s] [ 61%] [32m[1mLinking CXX shared library libmy_action_interface__rosidl_typesupport_cpp.so[0m
[12.225s] [ 61%] Built target my_action_interface__rosidl_typesupport_cpp
[12.508s] [ 64%] [32m[1mLinking CXX shared library libmy_action_interface__rosidl_typesupport_fastrtps_c.so[0m
[12.720s] [ 64%] Built target my_action_interface__rosidl_typesupport_fastrtps_c
[12.731s] [ 67%] [32m[1mLinking CXX shared library libmy_action_interface__rosidl_typesupport_fastrtps_cpp.so[0m
[12.892s] [ 67%] Built target my_action_interface__rosidl_typesupport_fastrtps_cpp
[13.035s] [ 70%] [32m[1mLinking CXX shared library libmy_action_interface__rosidl_typesupport_introspection_cpp.so[0m
[13.250s] [ 70%] Built target my_action_interface__rosidl_typesupport_introspection_cpp
[13.286s] [ 70%] Built target my_action_interface
[13.338s] [ 74%] [34m[1mGenerating Python code for ROS interfaces[0m
[14.941s] [ 74%] Built target my_action_interface__py
[14.997s] [ 77%] [32mBuilding C object CMakeFiles/my_action_interface__rosidl_generator_py.dir/rosidl_generator_py/my_action_interface/action/_summ_calculate_s.c.o[0m
[15.493s] [ 80%] [32m[1mLinking C shared library rosidl_generator_py/my_action_interface/libmy_action_interface__rosidl_generator_py.so[0m
[15.622s] [ 80%] Built target my_action_interface__rosidl_generator_py
[15.675s] [ 83%] [32mBuilding C object CMakeFiles/my_action_interface__rosidl_typesupport_introspection_c__pyext.dir/rosidl_generator_py/my_action_interface/_my_action_interface_s.ep.rosidl_typesupport_introspection_c.c.o[0m
[15.679s] [ 87%] [32mBuilding C object CMakeFiles/my_action_interface__rosidl_typesupport_fastrtps_c__pyext.dir/rosidl_generator_py/my_action_interface/_my_action_interface_s.ep.rosidl_typesupport_fastrtps_c.c.o[0m
[15.689s] [ 90%] [32mBuilding C object CMakeFiles/my_action_interface__rosidl_typesupport_c__pyext.dir/rosidl_generator_py/my_action_interface/_my_action_interface_s.ep.rosidl_typesupport_c.c.o[0m
[15.910s] [ 93%] [32m[1mLinking C shared library rosidl_generator_py/my_action_interface/my_action_interface_s__rosidl_typesupport_introspection_c.cpython-310-x86_64-linux-gnu.so[0m
[15.960s] [ 96%] [32m[1mLinking C shared library rosidl_generator_py/my_action_interface/my_action_interface_s__rosidl_typesupport_c.cpython-310-x86_64-linux-gnu.so[0m
[16.020s] [ 96%] Built target my_action_interface__rosidl_typesupport_introspection_c__pyext
[16.031s] [100%] [32m[1mLinking C shared library rosidl_generator_py/my_action_interface/my_action_interface_s__rosidl_typesupport_fastrtps_c.cpython-310-x86_64-linux-gnu.so[0m
[16.056s] [100%] Built target my_action_interface__rosidl_typesupport_c__pyext
[16.111s] [100%] Built target my_action_interface__rosidl_typesupport_fastrtps_c__pyext
[16.132s] Invoked command in '/home/boris/ros2_ws/src/build/my_action_interface' returned '0': CMAKE_PREFIX_PATH=/opt/ros/humble /usr/bin/cmake --build /home/boris/ros2_ws/src/build/my_action_interface -- -j8 -l8
[16.137s] Invoking command in '/home/boris/ros2_ws/src/build/my_action_interface': CMAKE_PREFIX_PATH=/opt/ros/humble /usr/bin/cmake --install /home/boris/ros2_ws/src/build/my_action_interface
[16.152s] -- Install configuration: ""
[16.152s] -- Installing: /home/boris/ros2_ws/src/install/my_action_interface/share/ament_index/resource_index/rosidl_interfaces/my_action_interface
[16.154s] -- Installing: /home/boris/ros2_ws/src/install/my_action_interface/include/my_action_interface/my_action_interface
[16.154s] -- Installing: /home/boris/ros2_ws/src/install/my_action_interface/include/my_action_interface/my_action_interface/msg
[16.155s] -- Installing: /home/boris/ros2_ws/src/install/my_action_interface/include/my_action_interface/my_action_interface/msg/rosidl_generator_c__visibility_control.h
[16.156s] -- Installing: /home/boris/ros2_ws/src/install/my_action_interface/include/my_action_interface/my_action_interface/action
[16.156s] -- Installing: /home/boris/ros2_ws/src/install/my_action_interface/include/my_action_interface/my_action_interface/action/summ_calculate.h
[16.156s] -- Installing: /home/boris/ros2_ws/src/install/my_action_interface/include/my_action_interface/my_action_interface/action/detail
[16.156s] -- Installing: /home/boris/ros2_ws/src/install/my_action_interface/include/my_action_interface/my_action_interface/action/detail/summ_calculate__struct.h
[16.157s] -- Installing: /home/boris/ros2_ws/src/install/my_action_interface/include/my_action_interface/my_action_interface/action/detail/summ_calculate__functions.h
[16.158s] -- Installing: /home/boris/ros2_ws/src/install/my_action_interface/include/my_action_interface/my_action_interface/action/detail/summ_calculate__functions.c
[16.158s] -- Installing: /home/boris/ros2_ws/src/install/my_action_interface/include/my_action_interface/my_action_interface/action/detail/summ_calculate__type_support.h
[16.158s] -- Installing: /home/boris/ros2_ws/src/install/my_action_interface/share/my_action_interface/environment/library_path.sh
[16.158s] -- Installing: /home/boris/ros2_ws/src/install/my_action_interface/share/my_action_interface/environment/library_path.dsv
[16.158s] -- Installing: /home/boris/ros2_ws/src/install/my_action_interface/lib/libmy_action_interface__rosidl_generator_c.so
[16.158s] -- Set runtime path of "/home/boris/ros2_ws/src/install/my_action_interface/lib/libmy_action_interface__rosidl_generator_c.so" to ""
[16.158s] -- Up-to-date: /home/boris/ros2_ws/src/install/my_action_interface/include/my_action_interface/my_action_interface
[16.159s] -- Up-to-date: /home/boris/ros2_ws/src/install/my_action_interface/include/my_action_interface/my_action_interface/msg
[16.159s] -- Installing: /home/boris/ros2_ws/src/install/my_action_interface/include/my_action_interface/my_action_interface/msg/rosidl_typesupport_fastrtps_c__visibility_control.h
[16.159s] -- Up-to-date: /home/boris/ros2_ws/src/install/my_action_interface/include/my_action_interface/my_action_interface/action
[16.159s] -- Up-to-date: /home/boris/ros2_ws/src/install/my_action_interface/include/my_action_interface/my_action_interface/action/detail
[16.159s] -- Installing: /home/boris/ros2_ws/src/install/my_action_interface/include/my_action_interface/my_action_interface/action/detail/summ_calculate__rosidl_typesupport_fastrtps_c.h
[16.159s] -- Installing: /home/boris/ros2_ws/src/install/my_action_interface/lib/libmy_action_interface__rosidl_typesupport_fastrtps_c.so
[16.159s] -- Set runtime path of "/home/boris/ros2_ws/src/install/my_action_interface/lib/libmy_action_interface__rosidl_typesupport_fastrtps_c.so" to ""
[16.159s] -- Up-to-date: /home/boris/ros2_ws/src/install/my_action_interface/include/my_action_interface/my_action_interface
[16.160s] -- Up-to-date: /home/boris/ros2_ws/src/install/my_action_interface/include/my_action_interface/my_action_interface/msg
[16.160s] -- Installing: /home/boris/ros2_ws/src/install/my_action_interface/include/my_action_interface/my_action_interface/msg/rosidl_typesupport_introspection_c__visibility_control.h
[16.160s] -- Up-to-date: /home/boris/ros2_ws/src/install/my_action_interface/include/my_action_interface/my_action_interface/action
[16.160s] -- Up-to-date: /home/boris/ros2_ws/src/install/my_action_interface/include/my_action_interface/my_action_interface/action/detail
[16.160s] -- Installing: /home/boris/ros2_ws/src/install/my_action_interface/include/my_action_interface/my_action_interface/action/detail/summ_calculate__type_support.c
[16.160s] -- Installing: /home/boris/ros2_ws/src/install/my_action_interface/include/my_action_interface/my_action_interface/action/detail/summ_calculate__rosidl_typesupport_introspection_c.h
[16.160s] -- Installing: /home/boris/ros2_ws/src/install/my_action_interface/lib/libmy_action_interface__rosidl_typesupport_introspection_c.so
[16.160s] -- Set runtime path of "/home/boris/ros2_ws/src/install/my_action_interface/lib/libmy_action_interface__rosidl_typesupport_introspection_c.so" to ""
[16.161s] -- Installing: /home/boris/ros2_ws/src/install/my_action_interface/lib/libmy_action_interface__rosidl_typesupport_c.so
[16.161s] -- Set runtime path of "/home/boris/ros2_ws/src/install/my_action_interface/lib/libmy_action_interface__rosidl_typesupport_c.so" to ""
[16.161s] -- Up-to-date: /home/boris/ros2_ws/src/install/my_action_interface/include/my_action_interface/my_action_interface
[16.161s] -- Up-to-date: /home/boris/ros2_ws/src/install/my_action_interface/include/my_action_interface/my_action_interface/msg
[16.162s] -- Installing: /home/boris/ros2_ws/src/install/my_action_interface/include/my_action_interface/my_action_interface/msg/rosidl_generator_cpp__visibility_control.hpp
[16.163s] -- Up-to-date: /home/boris/ros2_ws/src/install/my_action_interface/include/my_action_interface/my_action_interface/action
[16.163s] -- Installing: /home/boris/ros2_ws/src/install/my_action_interface/include/my_action_interface/my_action_interface/action/summ_calculate.hpp
[16.163s] -- Up-to-date: /home/boris/ros2_ws/src/install/my_action_interface/include/my_action_interface/my_action_interface/action/detail
[16.164s] -- Installing: /home/boris/ros2_ws/src/install/my_action_interface/include/my_action_interface/my_action_interface/action/detail/summ_calculate__struct.hpp
[16.164s] -- Installing: /home/boris/ros2_ws/src/install/my_action_interface/include/my_action_interface/my_action_interface/action/detail/summ_calculate__traits.hpp
[16.164s] -- Installing: /home/boris/ros2_ws/src/install/my_action_interface/include/my_action_interface/my_action_interface/action/detail/summ_calculate__builder.hpp
[16.164s] -- Installing: /home/boris/ros2_ws/src/install/my_action_interface/include/my_action_interface/my_action_interface/action/detail/summ_calculate__type_support.hpp
[16.165s] -- Up-to-date: /home/boris/ros2_ws/src/install/my_action_interface/include/my_action_interface/my_action_interface
[16.165s] -- Up-to-date: /home/boris/ros2_ws/src/install/my_action_interface/include/my_action_interface/my_action_interface/msg
[16.165s] -- Installing: /home/boris/ros2_ws/src/install/my_action_interface/include/my_action_interface/my_action_interface/msg/rosidl_typesupport_fastrtps_cpp__visibility_control.h
[16.166s] -- Up-to-date: /home/boris/ros2_ws/src/install/my_action_interface/include/my_action_interface/my_action_interface/action
[16.166s] -- Up-to-date: /home/boris/ros2_ws/src/install/my_action_interface/include/my_action_interface/my_action_interface/action/detail
[16.166s] -- Installing: /home/boris/ros2_ws/src/install/my_action_interface/include/my_action_interface/my_action_interface/action/detail/summ_calculate__rosidl_typesupport_fastrtps_cpp.hpp
[16.166s] -- Installing: /home/boris/ros2_ws/src/install/my_action_interface/include/my_action_interface/my_action_interface/action/detail/dds_fastrtps
[16.166s] -- Installing: /home/boris/ros2_ws/src/install/my_action_interface/lib/libmy_action_interface__rosidl_typesupport_fastrtps_cpp.so
[16.166s] -- Set runtime path of "/home/boris/ros2_ws/src/install/my_action_interface/lib/libmy_action_interface__rosidl_typesupport_fastrtps_cpp.so" to ""
[16.166s] -- Up-to-date: /home/boris/ros2_ws/src/install/my_action_interface/include/my_action_interface/my_action_interface
[16.166s] -- Up-to-date: /home/boris/ros2_ws/src/install/my_action_interface/include/my_action_interface/my_action_interface/action
[16.167s] -- Up-to-date: /home/boris/ros2_ws/src/install/my_action_interface/include/my_action_interface/my_action_interface/action/detail
[16.168s] -- Installing: /home/boris/ros2_ws/src/install/my_action_interface/include/my_action_interface/my_action_interface/action/detail/summ_calculate__type_support.cpp
[16.168s] -- Installing: /home/boris/ros2_ws/src/install/my_action_interface/include/my_action_interface/my_action_interface/action/detail/summ_calculate__rosidl_typesupport_introspection_cpp.hpp
[16.169s] -- Installing: /home/boris/ros2_ws/src/install/my_action_interface/lib/libmy_action_interface__rosidl_typesupport_introspection_cpp.so
[16.169s] -- Set runtime path of "/home/boris/ros2_ws/src/install/my_action_interface/lib/libmy_action_interface__rosidl_typesupport_introspection_cpp.so" to ""
[16.169s] -- Installing: /home/boris/ros2_ws/src/install/my_action_interface/lib/libmy_action_interface__rosidl_typesupport_cpp.so
[16.169s] -- Set runtime path of "/home/boris/ros2_ws/src/install/my_action_interface/lib/libmy_action_interface__rosidl_typesupport_cpp.so" to ""
[16.170s] -- Installing: /home/boris/ros2_ws/src/install/my_action_interface/share/my_action_interface/environment/pythonpath.sh
[16.170s] -- Installing: /home/boris/ros2_ws/src/install/my_action_interface/share/my_action_interface/environment/pythonpath.dsv
[16.170s] -- Installing: /home/boris/ros2_ws/src/install/my_action_interface/local/lib/python3.10/dist-packages/my_action_interface-0.0.0-py3.10.egg-info
[16.170s] -- Installing: /home/boris/ros2_ws/src/install/my_action_interface/local/lib/python3.10/dist-packages/my_action_interface-0.0.0-py3.10.egg-info/PKG-INFO
[16.171s] -- Installing: /home/boris/ros2_ws/src/install/my_action_interface/local/lib/python3.10/dist-packages/my_action_interface-0.0.0-py3.10.egg-info/dependency_links.txt
[16.171s] -- Installing: /home/boris/ros2_ws/src/install/my_action_interface/local/lib/python3.10/dist-packages/my_action_interface-0.0.0-py3.10.egg-info/top_level.txt
[16.171s] -- Installing: /home/boris/ros2_ws/src/install/my_action_interface/local/lib/python3.10/dist-packages/my_action_interface-0.0.0-py3.10.egg-info/SOURCES.txt
[16.171s] -- Installing: /home/boris/ros2_ws/src/install/my_action_interface/local/lib/python3.10/dist-packages/my_action_interface
[16.171s] -- Installing: /home/boris/ros2_ws/src/install/my_action_interface/local/lib/python3.10/dist-packages/my_action_interface/my_action_interface_s__rosidl_typesupport_fastrtps_c.cpython-310-x86_64-linux-gnu.so
[16.172s] -- Installing: /home/boris/ros2_ws/src/install/my_action_interface/local/lib/python3.10/dist-packages/my_action_interface/_my_action_interface_s.ep.rosidl_typesupport_introspection_c.c
[16.172s] -- Installing: /home/boris/ros2_ws/src/install/my_action_interface/local/lib/python3.10/dist-packages/my_action_interface/action
[16.172s] -- Installing: /home/boris/ros2_ws/src/install/my_action_interface/local/lib/python3.10/dist-packages/my_action_interface/action/_summ_calculate_s.c
[16.172s] -- Installing: /home/boris/ros2_ws/src/install/my_action_interface/local/lib/python3.10/dist-packages/my_action_interface/action/_summ_calculate.py
[16.173s] -- Installing: /home/boris/ros2_ws/src/install/my_action_interface/local/lib/python3.10/dist-packages/my_action_interface/action/__init__.py
[16.173s] -- Installing: /home/boris/ros2_ws/src/install/my_action_interface/local/lib/python3.10/dist-packages/my_action_interface/__init__.py
[16.173s] -- Installing: /home/boris/ros2_ws/src/install/my_action_interface/local/lib/python3.10/dist-packages/my_action_interface/_my_action_interface_s.ep.rosidl_typesupport_c.c
[16.173s] -- Installing: /home/boris/ros2_ws/src/install/my_action_interface/local/lib/python3.10/dist-packages/my_action_interface/libmy_action_interface__rosidl_generator_py.so
[16.174s] -- Installing: /home/boris/ros2_ws/src/install/my_action_interface/local/lib/python3.10/dist-packages/my_action_interface/_my_action_interface_s.ep.rosidl_typesupport_fastrtps_c.c
[16.174s] -- Installing: /home/boris/ros2_ws/src/install/my_action_interface/local/lib/python3.10/dist-packages/my_action_interface/my_action_interface_s__rosidl_typesupport_c.cpython-310-x86_64-linux-gnu.so
[16.174s] -- Installing: /home/boris/ros2_ws/src/install/my_action_interface/local/lib/python3.10/dist-packages/my_action_interface/my_action_interface_s__rosidl_typesupport_introspection_c.cpython-310-x86_64-linux-gnu.so
[16.250s] Listing '/home/boris/ros2_ws/src/install/my_action_interface/local/lib/python3.10/dist-packages/my_action_interface'...
[16.250s] Compiling '/home/boris/ros2_ws/src/install/my_action_interface/local/lib/python3.10/dist-packages/my_action_interface/__init__.py'...
[16.250s] Listing '/home/boris/ros2_ws/src/install/my_action_interface/local/lib/python3.10/dist-packages/my_action_interface/action'...
[16.251s] Compiling '/home/boris/ros2_ws/src/install/my_action_interface/local/lib/python3.10/dist-packages/my_action_interface/action/__init__.py'...
[16.251s] Compiling '/home/boris/ros2_ws/src/install/my_action_interface/local/lib/python3.10/dist-packages/my_action_interface/action/_summ_calculate.py'...
[16.260s] -- Installing: /home/boris/ros2_ws/src/install/my_action_interface/local/lib/python3.10/dist-packages/my_action_interface/my_action_interface_s__rosidl_typesupport_fastrtps_c.cpython-310-x86_64-linux-gnu.so
[16.261s] -- Set runtime path of "/home/boris/ros2_ws/src/install/my_action_interface/local/lib/python3.10/dist-packages/my_action_interface/my_action_interface_s__rosidl_typesupport_fastrtps_c.cpython-310-x86_64-linux-gnu.so" to ""
[16.261s] -- Installing: /home/boris/ros2_ws/src/install/my_action_interface/local/lib/python3.10/dist-packages/my_action_interface/my_action_interface_s__rosidl_typesupport_introspection_c.cpython-310-x86_64-linux-gnu.so
[16.261s] -- Set runtime path of "/home/boris/ros2_ws/src/install/my_action_interface/local/lib/python3.10/dist-packages/my_action_interface/my_action_interface_s__rosidl_typesupport_introspection_c.cpython-310-x86_64-linux-gnu.so" to ""
[16.261s] -- Installing: /home/boris/ros2_ws/src/install/my_action_interface/local/lib/python3.10/dist-packages/my_action_interface/my_action_interface_s__rosidl_typesupport_c.cpython-310-x86_64-linux-gnu.so
[16.262s] -- Set runtime path of "/home/boris/ros2_ws/src/install/my_action_interface/local/lib/python3.10/dist-packages/my_action_interface/my_action_interface_s__rosidl_typesupport_c.cpython-310-x86_64-linux-gnu.so" to ""
[16.262s] -- Installing: /home/boris/ros2_ws/src/install/my_action_interface/lib/libmy_action_interface__rosidl_generator_py.so
[16.262s] -- Set runtime path of "/home/boris/ros2_ws/src/install/my_action_interface/lib/libmy_action_interface__rosidl_generator_py.so" to ""
[16.263s] -- Installing: /home/boris/ros2_ws/src/install/my_action_interface/share/my_action_interface/action/SummCalculate.idl
[16.263s] -- Installing: /home/boris/ros2_ws/src/install/my_action_interface/share/my_action_interface/action/SummCalculate.action
[16.263s] -- Installing: /home/boris/ros2_ws/src/install/my_action_interface/share/ament_index/resource_index/package_run_dependencies/my_action_interface
[16.263s] -- Installing: /home/boris/ros2_ws/src/install/my_action_interface/share/ament_index/resource_index/parent_prefix_path/my_action_interface
[16.263s] -- Installing: /home/boris/ros2_ws/src/install/my_action_interface/share/my_action_interface/environment/ament_prefix_path.sh
[16.264s] -- Installing: /home/boris/ros2_ws/src/install/my_action_interface/share/my_action_interface/environment/ament_prefix_path.dsv
[16.264s] -- Installing: /home/boris/ros2_ws/src/install/my_action_interface/share/my_action_interface/environment/path.sh
[16.264s] -- Installing: /home/boris/ros2_ws/src/install/my_action_interface/share/my_action_interface/environment/path.dsv
[16.264s] -- Installing: /home/boris/ros2_ws/src/install/my_action_interface/share/my_action_interface/local_setup.bash
[16.264s] -- Installing: /home/boris/ros2_ws/src/install/my_action_interface/share/my_action_interface/local_setup.sh
[16.264s] -- Installing: /home/boris/ros2_ws/src/install/my_action_interface/share/my_action_interface/local_setup.zsh
[16.265s] -- Installing: /home/boris/ros2_ws/src/install/my_action_interface/share/my_action_interface/local_setup.dsv
[16.265s] -- Installing: /home/boris/ros2_ws/src/install/my_action_interface/share/my_action_interface/package.dsv
[16.265s] -- Installing: /home/boris/ros2_ws/src/install/my_action_interface/share/ament_index/resource_index/packages/my_action_interface
[16.265s] -- Installing: /home/boris/ros2_ws/src/install/my_action_interface/share/my_action_interface/cmake/export_my_action_interface__rosidl_generator_cExport.cmake
[16.266s] -- Installing: /home/boris/ros2_ws/src/install/my_action_interface/share/my_action_interface/cmake/export_my_action_interface__rosidl_generator_cExport-noconfig.cmake
[16.266s] -- Installing: /home/boris/ros2_ws/src/install/my_action_interface/share/my_action_interface/cmake/export_my_action_interface__rosidl_typesupport_fastrtps_cExport.cmake
[16.267s] -- Installing: /home/boris/ros2_ws/src/install/my_action_interface/share/my_action_interface/cmake/export_my_action_interface__rosidl_typesupport_fastrtps_cExport-noconfig.cmake
[16.267s] -- Installing: /home/boris/ros2_ws/src/install/my_action_interface/share/my_action_interface/cmake/my_action_interface__rosidl_typesupport_introspection_cExport.cmake
[16.267s] -- Installing: /home/boris/ros2_ws/src/install/my_action_interface/share/my_action_interface/cmake/my_action_interface__rosidl_typesupport_introspection_cExport-noconfig.cmake
[16.268s] -- Installing: /home/boris/ros2_ws/src/install/my_action_interface/share/my_action_interface/cmake/my_action_interface__rosidl_typesupport_cExport.cmake
[16.268s] -- Installing: /home/boris/ros2_ws/src/install/my_action_interface/share/my_action_interface/cmake/my_action_interface__rosidl_typesupport_cExport-noconfig.cmake
[16.268s] -- Installing: /home/boris/ros2_ws/src/install/my_action_interface/share/my_action_interface/cmake/export_my_action_interface__rosidl_generator_cppExport.cmake
[16.268s] -- Installing: /home/boris/ros2_ws/src/install/my_action_interface/share/my_action_interface/cmake/export_my_action_interface__rosidl_typesupport_fastrtps_cppExport.cmake
[16.268s] -- Installing: /home/boris/ros2_ws/src/install/my_action_interface/share/my_action_interface/cmake/export_my_action_interface__rosidl_typesupport_fastrtps_cppExport-noconfig.cmake
[16.268s] -- Installing: /home/boris/ros2_ws/src/install/my_action_interface/share/my_action_interface/cmake/my_action_interface__rosidl_typesupport_introspection_cppExport.cmake
[16.268s] -- Installing: /home/boris/ros2_ws/src/install/my_action_interface/share/my_action_interface/cmake/my_action_interface__rosidl_typesupport_introspection_cppExport-noconfig.cmake
[16.269s] -- Installing: /home/boris/ros2_ws/src/install/my_action_interface/share/my_action_interface/cmake/my_action_interface__rosidl_typesupport_cppExport.cmake
[16.269s] -- Installing: /home/boris/ros2_ws/src/install/my_action_interface/share/my_action_interface/cmake/my_action_interface__rosidl_typesupport_cppExport-noconfig.cmake
[16.269s] -- Installing: /home/boris/ros2_ws/src/install/my_action_interface/share/my_action_interface/cmake/export_my_action_interface__rosidl_generator_pyExport.cmake
[16.269s] -- Installing: /home/boris/ros2_ws/src/install/my_action_interface/share/my_action_interface/cmake/export_my_action_interface__rosidl_generator_pyExport-noconfig.cmake
[16.269s] -- Installing: /home/boris/ros2_ws/src/install/my_action_interface/share/my_action_interface/cmake/rosidl_cmake-extras.cmake
[16.269s] -- Installing: /home/boris/ros2_ws/src/install/my_action_interface/share/my_action_interface/cmake/ament_cmake_export_dependencies-extras.cmake
[16.269s] -- Installing: /home/boris/ros2_ws/src/install/my_action_interface/share/my_action_interface/cmake/ament_cmake_export_include_directories-extras.cmake
[16.270s] -- Installing: /home/boris/ros2_ws/src/install/my_action_interface/share/my_action_interface/cmake/ament_cmake_export_libraries-extras.cmake
[16.270s] -- Installing: /home/boris/ros2_ws/src/install/my_action_interface/share/my_action_interface/cmake/ament_cmake_export_targets-extras.cmake
[16.271s] -- Installing: /home/boris/ros2_ws/src/install/my_action_interface/share/my_action_interface/cmake/rosidl_cmake_export_typesupport_targets-extras.cmake
[16.271s] -- Installing: /home/boris/ros2_ws/src/install/my_action_interface/share/my_action_interface/cmake/rosidl_cmake_export_typesupport_libraries-extras.cmake
[16.271s] -- Installing: /home/boris/ros2_ws/src/install/my_action_interface/share/my_action_interface/cmake/my_action_interfaceConfig.cmake
[16.271s] -- Installing: /home/boris/ros2_ws/src/install/my_action_interface/share/my_action_interface/cmake/my_action_interfaceConfig-version.cmake
[16.272s] -- Installing: /home/boris/ros2_ws/src/install/my_action_interface/share/my_action_interface/package.xml
[16.276s] Invoked command in '/home/boris/ros2_ws/src/build/my_action_interface' returned '0': CMAKE_PREFIX_PATH=/opt/ros/humble /usr/bin/cmake --install /home/boris/ros2_ws/src/build/my_action_interface
