[0.198s] DEBUG:colcon:Command line arguments: ['/usr/bin/colcon', 'build']
[0.199s] DEBUG:colcon:Parsed command line arguments: Namespace(log_base=None, log_level=None, verb_name='build', build_base='build', install_base='install', merge_install=False, symlink_install=False, test_result_base=None, continue_on_error=False, executor='parallel', parallel_workers=8, event_handlers=None, ignore_user_meta=False, metas=['./colcon.meta'], base_paths=['.'], packages_ignore=None, packages_ignore_regex=None, paths=None, packages_up_to=None, packages_up_to_regex=None, packages_above=None, packages_above_and_dependencies=None, packages_above_depth=None, packages_select_by_dep=None, packages_skip_by_dep=None, packages_skip_up_to=None, packages_select_build_failed=False, packages_skip_build_finished=False, packages_select_test_failures=False, packages_skip_test_passed=False, packages_select=None, packages_skip=None, packages_select_regex=None, packages_skip_regex=None, packages_start=None, packages_end=None, allow_overriding=[], cmake_args=None, cmake_target=None, cmake_target_skip_unavailable=False, cmake_clean_cache=False, cmake_clean_first=False, cmake_force_configure=False, ament_cmake_args=None, catkin_cmake_args=None, catkin_skip_building_tests=False, verb_parser=<colcon_defaults.argument_parser.defaults.DefaultArgumentsDecorator object at 0x78836ca780d0>, verb_extension=<colcon_core.verb.build.BuildVerb object at 0x78836cb813f0>, main=<bound method BuildVerb.main of <colcon_core.verb.build.BuildVerb object at 0x78836cb813f0>>)
[0.521s] Level 1:colcon.colcon_core.package_discovery:discover_packages(colcon_meta) check parameters
[0.521s] Level 1:colcon.colcon_core.package_discovery:discover_packages(recursive) check parameters
[0.521s] Level 1:colcon.colcon_core.package_discovery:discover_packages(ignore) check parameters
[0.521s] Level 1:colcon.colcon_core.package_discovery:discover_packages(path) check parameters
[0.521s] Level 1:colcon.colcon_core.package_discovery:discover_packages(colcon_meta) discover
[0.521s] Level 1:colcon.colcon_core.package_discovery:discover_packages(recursive) discover
[0.522s] INFO:colcon.colcon_core.package_discovery:Crawling recursively for packages in '/home/boris/ros2_ws/src'
[0.522s] Level 1:colcon.colcon_core.package_identification:_identify(.) by extensions ['ignore', 'ignore_ament_install']
[0.522s] Level 1:colcon.colcon_core.package_identification:_identify(.) by extension 'ignore'
[0.522s] Level 1:colcon.colcon_core.package_identification:_identify(.) by extension 'ignore_ament_install'
[0.522s] Level 1:colcon.colcon_core.package_identification:_identify(.) by extensions ['colcon_pkg']
[0.522s] Level 1:colcon.colcon_core.package_identification:_identify(.) by extension 'colcon_pkg'
[0.522s] Level 1:colcon.colcon_core.package_identification:_identify(.) by extensions ['colcon_meta']
[0.522s] Level 1:colcon.colcon_core.package_identification:_identify(.) by extension 'colcon_meta'
[0.522s] Level 1:colcon.colcon_core.package_identification:_identify(.) by extensions ['ros']
[0.522s] Level 1:colcon.colcon_core.package_identification:_identify(.) by extension 'ros'
[0.545s] Level 1:colcon.colcon_core.package_identification:_identify(.) by extensions ['cmake', 'python']
[0.545s] Level 1:colcon.colcon_core.package_identification:_identify(.) by extension 'cmake'
[0.545s] Level 1:colcon.colcon_core.package_identification:_identify(.) by extension 'python'
[0.545s] Level 1:colcon.colcon_core.package_identification:_identify(.) by extensions ['python_setup_py']
[0.545s] Level 1:colcon.colcon_core.package_identification:_identify(.) by extension 'python_setup_py'
[0.545s] Level 1:colcon.colcon_core.package_identification:_identify(build) by extensions ['ignore', 'ignore_ament_install']
[0.546s] Level 1:colcon.colcon_core.package_identification:_identify(build) by extension 'ignore'
[0.546s] Level 1:colcon.colcon_core.package_identification:_identify(build) ignored
[0.546s] Level 1:colcon.colcon_core.package_identification:_identify(install) by extensions ['ignore', 'ignore_ament_install']
[0.546s] Level 1:colcon.colcon_core.package_identification:_identify(install) by extension 'ignore'
[0.546s] Level 1:colcon.colcon_core.package_identification:_identify(install) ignored
[0.546s] Level 1:colcon.colcon_core.package_identification:_identify(listener) by extensions ['ignore', 'ignore_ament_install']
[0.547s] Level 1:colcon.colcon_core.package_identification:_identify(listener) by extension 'ignore'
[0.547s] Level 1:colcon.colcon_core.package_identification:_identify(listener) by extension 'ignore_ament_install'
[0.547s] Level 1:colcon.colcon_core.package_identification:_identify(listener) by extensions ['colcon_pkg']
[0.547s] Level 1:colcon.colcon_core.package_identification:_identify(listener) by extension 'colcon_pkg'
[0.547s] Level 1:colcon.colcon_core.package_identification:_identify(listener) by extensions ['colcon_meta']
[0.547s] Level 1:colcon.colcon_core.package_identification:_identify(listener) by extension 'colcon_meta'
[0.547s] Level 1:colcon.colcon_core.package_identification:_identify(listener) by extensions ['ros']
[0.547s] Level 1:colcon.colcon_core.package_identification:_identify(listener) by extension 'ros'
[0.552s] DEBUG:colcon.colcon_core.package_identification:Package 'listener' with type 'ros.ament_python' and name 'listener'
[0.552s] Level 1:colcon.colcon_core.package_identification:_identify(log) by extensions ['ignore', 'ignore_ament_install']
[0.552s] Level 1:colcon.colcon_core.package_identification:_identify(log) by extension 'ignore'
[0.552s] Level 1:colcon.colcon_core.package_identification:_identify(log) ignored
[0.553s] Level 1:colcon.colcon_core.package_identification:_identify(my_action_interface) by extensions ['ignore', 'ignore_ament_install']
[0.553s] Level 1:colcon.colcon_core.package_identification:_identify(my_action_interface) by extension 'ignore'
[0.553s] Level 1:colcon.colcon_core.package_identification:_identify(my_action_interface) by extension 'ignore_ament_install'
[0.553s] Level 1:colcon.colcon_core.package_identification:_identify(my_action_interface) by extensions ['colcon_pkg']
[0.553s] Level 1:colcon.colcon_core.package_identification:_identify(my_action_interface) by extension 'colcon_pkg'
[0.553s] Level 1:colcon.colcon_core.package_identification:_identify(my_action_interface) by extensions ['colcon_meta']
[0.553s] Level 1:colcon.colcon_core.package_identification:_identify(my_action_interface) by extension 'colcon_meta'
[0.553s] Level 1:colcon.colcon_core.package_identification:_identify(my_action_interface) by extensions ['ros']
[0.553s] Level 1:colcon.colcon_core.package_identification:_identify(my_action_interface) by extension 'ros'
[0.554s] DEBUG:colcon.colcon_core.package_identification:Package 'my_action_interface' with type 'ros.ament_cmake' and name 'my_action_interface'
[0.554s] Level 1:colcon.colcon_core.package_identification:_identify(my_calculate_action) by extensions ['ignore', 'ignore_ament_install']
[0.555s] Level 1:colcon.colcon_core.package_identification:_identify(my_calculate_action) by extension 'ignore'
[0.555s] Level 1:colcon.colcon_core.package_identification:_identify(my_calculate_action) by extension 'ignore_ament_install'
[0.555s] Level 1:colcon.colcon_core.package_identification:_identify(my_calculate_action) by extensions ['colcon_pkg']
[0.555s] Level 1:colcon.colcon_core.package_identification:_identify(my_calculate_action) by extension 'colcon_pkg'
[0.555s] Level 1:colcon.colcon_core.package_identification:_identify(my_calculate_action) by extensions ['colcon_meta']
[0.555s] Level 1:colcon.colcon_core.package_identification:_identify(my_calculate_action) by extension 'colcon_meta'
[0.555s] Level 1:colcon.colcon_core.package_identification:_identify(my_calculate_action) by extensions ['ros']
[0.555s] Level 1:colcon.colcon_core.package_identification:_identify(my_calculate_action) by extension 'ros'
[0.556s] DEBUG:colcon.colcon_core.package_identification:Package 'my_calculate_action' with type 'ros.ament_python' and name 'my_calculate_action'
[0.557s] Level 1:colcon.colcon_core.package_identification:_identify(my_custom_interface) by extensions ['ignore', 'ignore_ament_install']
[0.557s] Level 1:colcon.colcon_core.package_identification:_identify(my_custom_interface) by extension 'ignore'
[0.557s] Level 1:colcon.colcon_core.package_identification:_identify(my_custom_interface) by extension 'ignore_ament_install'
[0.557s] Level 1:colcon.colcon_core.package_identification:_identify(my_custom_interface) by extensions ['colcon_pkg']
[0.557s] Level 1:colcon.colcon_core.package_identification:_identify(my_custom_interface) by extension 'colcon_pkg'
[0.557s] Level 1:colcon.colcon_core.package_identification:_identify(my_custom_interface) by extensions ['colcon_meta']
[0.557s] Level 1:colcon.colcon_core.package_identification:_identify(my_custom_interface) by extension 'colcon_meta'
[0.557s] Level 1:colcon.colcon_core.package_identification:_identify(my_custom_interface) by extensions ['ros']
[0.557s] Level 1:colcon.colcon_core.package_identification:_identify(my_custom_interface) by extension 'ros'
[0.558s] DEBUG:colcon.colcon_core.package_identification:Package 'my_custom_interface' with type 'ros.ament_cmake' and name 'my_custom_interface'
[0.559s] Level 1:colcon.colcon_core.package_identification:_identify(my_service_client) by extensions ['ignore', 'ignore_ament_install']
[0.559s] Level 1:colcon.colcon_core.package_identification:_identify(my_service_client) by extension 'ignore'
[0.559s] Level 1:colcon.colcon_core.package_identification:_identify(my_service_client) by extension 'ignore_ament_install'
[0.559s] Level 1:colcon.colcon_core.package_identification:_identify(my_service_client) by extensions ['colcon_pkg']
[0.559s] Level 1:colcon.colcon_core.package_identification:_identify(my_service_client) by extension 'colcon_pkg'
[0.559s] Level 1:colcon.colcon_core.package_identification:_identify(my_service_client) by extensions ['colcon_meta']
[0.559s] Level 1:colcon.colcon_core.package_identification:_identify(my_service_client) by extension 'colcon_meta'
[0.559s] Level 1:colcon.colcon_core.package_identification:_identify(my_service_client) by extensions ['ros']
[0.559s] Level 1:colcon.colcon_core.package_identification:_identify(my_service_client) by extension 'ros'
[0.560s] DEBUG:colcon.colcon_core.package_identification:Package 'my_service_client' with type 'ros.ament_python' and name 'my_service_client'
[0.561s] Level 1:colcon.colcon_core.package_identification:_identify(my_service_interfaces) by extensions ['ignore', 'ignore_ament_install']
[0.561s] Level 1:colcon.colcon_core.package_identification:_identify(my_service_interfaces) by extension 'ignore'
[0.561s] Level 1:colcon.colcon_core.package_identification:_identify(my_service_interfaces) by extension 'ignore_ament_install'
[0.561s] Level 1:colcon.colcon_core.package_identification:_identify(my_service_interfaces) by extensions ['colcon_pkg']
[0.561s] Level 1:colcon.colcon_core.package_identification:_identify(my_service_interfaces) by extension 'colcon_pkg'
[0.561s] Level 1:colcon.colcon_core.package_identification:_identify(my_service_interfaces) by extensions ['colcon_meta']
[0.561s] Level 1:colcon.colcon_core.package_identification:_identify(my_service_interfaces) by extension 'colcon_meta'
[0.561s] Level 1:colcon.colcon_core.package_identification:_identify(my_service_interfaces) by extensions ['ros']
[0.561s] Level 1:colcon.colcon_core.package_identification:_identify(my_service_interfaces) by extension 'ros'
[0.562s] DEBUG:colcon.colcon_core.package_identification:Package 'my_service_interfaces' with type 'ros.ament_cmake' and name 'my_service_interfaces'
[0.562s] Level 1:colcon.colcon_core.package_identification:_identify(my_service_server) by extensions ['ignore', 'ignore_ament_install']
[0.563s] Level 1:colcon.colcon_core.package_identification:_identify(my_service_server) by extension 'ignore'
[0.563s] Level 1:colcon.colcon_core.package_identification:_identify(my_service_server) by extension 'ignore_ament_install'
[0.563s] Level 1:colcon.colcon_core.package_identification:_identify(my_service_server) by extensions ['colcon_pkg']
[0.563s] Level 1:colcon.colcon_core.package_identification:_identify(my_service_server) by extension 'colcon_pkg'
[0.563s] Level 1:colcon.colcon_core.package_identification:_identify(my_service_server) by extensions ['colcon_meta']
[0.563s] Level 1:colcon.colcon_core.package_identification:_identify(my_service_server) by extension 'colcon_meta'
[0.563s] Level 1:colcon.colcon_core.package_identification:_identify(my_service_server) by extensions ['ros']
[0.563s] Level 1:colcon.colcon_core.package_identification:_identify(my_service_server) by extension 'ros'
[0.564s] DEBUG:colcon.colcon_core.package_identification:Package 'my_service_server' with type 'ros.ament_python' and name 'my_service_server'
[0.565s] Level 1:colcon.colcon_core.package_identification:_identify(my_turtle_controller) by extensions ['ignore', 'ignore_ament_install']
[0.565s] Level 1:colcon.colcon_core.package_identification:_identify(my_turtle_controller) by extension 'ignore'
[0.565s] Level 1:colcon.colcon_core.package_identification:_identify(my_turtle_controller) by extension 'ignore_ament_install'
[0.565s] Level 1:colcon.colcon_core.package_identification:_identify(my_turtle_controller) by extensions ['colcon_pkg']
[0.565s] Level 1:colcon.colcon_core.package_identification:_identify(my_turtle_controller) by extension 'colcon_pkg'
[0.565s] Level 1:colcon.colcon_core.package_identification:_identify(my_turtle_controller) by extensions ['colcon_meta']
[0.565s] Level 1:colcon.colcon_core.package_identification:_identify(my_turtle_controller) by extension 'colcon_meta'
[0.565s] Level 1:colcon.colcon_core.package_identification:_identify(my_turtle_controller) by extensions ['ros']
[0.565s] Level 1:colcon.colcon_core.package_identification:_identify(my_turtle_controller) by extension 'ros'
[0.566s] DEBUG:colcon.colcon_core.package_identification:Package 'my_turtle_controller' with type 'ros.ament_python' and name 'my_turtle_controller'
[0.566s] Level 1:colcon.colcon_core.package_identification:_identify(talker) by extensions ['ignore', 'ignore_ament_install']
[0.567s] Level 1:colcon.colcon_core.package_identification:_identify(talker) by extension 'ignore'
[0.567s] Level 1:colcon.colcon_core.package_identification:_identify(talker) by extension 'ignore_ament_install'
[0.567s] Level 1:colcon.colcon_core.package_identification:_identify(talker) by extensions ['colcon_pkg']
[0.567s] Level 1:colcon.colcon_core.package_identification:_identify(talker) by extension 'colcon_pkg'
[0.567s] Level 1:colcon.colcon_core.package_identification:_identify(talker) by extensions ['colcon_meta']
[0.567s] Level 1:colcon.colcon_core.package_identification:_identify(talker) by extension 'colcon_meta'
[0.567s] Level 1:colcon.colcon_core.package_identification:_identify(talker) by extensions ['ros']
[0.567s] Level 1:colcon.colcon_core.package_identification:_identify(talker) by extension 'ros'
[0.568s] DEBUG:colcon.colcon_core.package_identification:Package 'talker' with type 'ros.ament_python' and name 'talker'
[0.568s] Level 1:colcon.colcon_core.package_discovery:discover_packages(recursive) using defaults
[0.569s] Level 1:colcon.colcon_core.package_discovery:discover_packages(ignore) discover
[0.569s] Level 1:colcon.colcon_core.package_discovery:discover_packages(ignore) using defaults
[0.569s] Level 1:colcon.colcon_core.package_discovery:discover_packages(path) discover
[0.569s] Level 1:colcon.colcon_core.package_discovery:discover_packages(path) using defaults
[0.627s] Level 1:colcon.colcon_core.package_discovery:discover_packages(prefix_path) check parameters
[0.628s] Level 1:colcon.colcon_core.package_discovery:discover_packages(prefix_path) discover
[0.632s] DEBUG:colcon.colcon_installed_package_information.package_discovery:Found 291 installed packages in /opt/ros/humble
[0.635s] Level 1:colcon.colcon_core.package_discovery:discover_packages(prefix_path) using defaults
[0.703s] Level 5:colcon.colcon_core.verb:set package 'listener' build argument 'cmake_args' from command line to 'None'
[0.703s] Level 5:colcon.colcon_core.verb:set package 'listener' build argument 'cmake_target' from command line to 'None'
[0.703s] Level 5:colcon.colcon_core.verb:set package 'listener' build argument 'cmake_target_skip_unavailable' from command line to 'False'
[0.703s] Level 5:colcon.colcon_core.verb:set package 'listener' build argument 'cmake_clean_cache' from command line to 'False'
[0.703s] Level 5:colcon.colcon_core.verb:set package 'listener' build argument 'cmake_clean_first' from command line to 'False'
[0.703s] Level 5:colcon.colcon_core.verb:set package 'listener' build argument 'cmake_force_configure' from command line to 'False'
[0.704s] Level 5:colcon.colcon_core.verb:set package 'listener' build argument 'ament_cmake_args' from command line to 'None'
[0.704s] Level 5:colcon.colcon_core.verb:set package 'listener' build argument 'catkin_cmake_args' from command line to 'None'
[0.704s] Level 5:colcon.colcon_core.verb:set package 'listener' build argument 'catkin_skip_building_tests' from command line to 'False'
[0.704s] DEBUG:colcon.colcon_core.verb:Building package 'listener' with the following arguments: {'ament_cmake_args': None, 'build_base': '/home/boris/ros2_ws/src/build/listener', 'catkin_cmake_args': None, 'catkin_skip_building_tests': False, 'cmake_args': None, 'cmake_clean_cache': False, 'cmake_clean_first': False, 'cmake_force_configure': False, 'cmake_target': None, 'cmake_target_skip_unavailable': False, 'install_base': '/home/boris/ros2_ws/src/install/listener', 'merge_install': False, 'path': '/home/boris/ros2_ws/src/listener', 'symlink_install': False, 'test_result_base': None}
[0.704s] Level 5:colcon.colcon_core.verb:set package 'my_action_interface' build argument 'cmake_args' from command line to 'None'
[0.704s] Level 5:colcon.colcon_core.verb:set package 'my_action_interface' build argument 'cmake_target' from command line to 'None'
[0.705s] Level 5:colcon.colcon_core.verb:set package 'my_action_interface' build argument 'cmake_target_skip_unavailable' from command line to 'False'
[0.705s] Level 5:colcon.colcon_core.verb:set package 'my_action_interface' build argument 'cmake_clean_cache' from command line to 'False'
[0.705s] Level 5:colcon.colcon_core.verb:set package 'my_action_interface' build argument 'cmake_clean_first' from command line to 'False'
[0.705s] Level 5:colcon.colcon_core.verb:set package 'my_action_interface' build argument 'cmake_force_configure' from command line to 'False'
[0.705s] Level 5:colcon.colcon_core.verb:set package 'my_action_interface' build argument 'ament_cmake_args' from command line to 'None'
[0.705s] Level 5:colcon.colcon_core.verb:set package 'my_action_interface' build argument 'catkin_cmake_args' from command line to 'None'
[0.705s] Level 5:colcon.colcon_core.verb:set package 'my_action_interface' build argument 'catkin_skip_building_tests' from command line to 'False'
[0.705s] DEBUG:colcon.colcon_core.verb:Building package 'my_action_interface' with the following arguments: {'ament_cmake_args': None, 'build_base': '/home/boris/ros2_ws/src/build/my_action_interface', 'catkin_cmake_args': None, 'catkin_skip_building_tests': False, 'cmake_args': None, 'cmake_clean_cache': False, 'cmake_clean_first': False, 'cmake_force_configure': False, 'cmake_target': None, 'cmake_target_skip_unavailable': False, 'install_base': '/home/boris/ros2_ws/src/install/my_action_interface', 'merge_install': False, 'path': '/home/boris/ros2_ws/src/my_action_interface', 'symlink_install': False, 'test_result_base': None}
[0.705s] Level 5:colcon.colcon_core.verb:set package 'my_calculate_action' build argument 'cmake_args' from command line to 'None'
[0.706s] Level 5:colcon.colcon_core.verb:set package 'my_calculate_action' build argument 'cmake_target' from command line to 'None'
[0.706s] Level 5:colcon.colcon_core.verb:set package 'my_calculate_action' build argument 'cmake_target_skip_unavailable' from command line to 'False'
[0.706s] Level 5:colcon.colcon_core.verb:set package 'my_calculate_action' build argument 'cmake_clean_cache' from command line to 'False'
[0.706s] Level 5:colcon.colcon_core.verb:set package 'my_calculate_action' build argument 'cmake_clean_first' from command line to 'False'
[0.706s] Level 5:colcon.colcon_core.verb:set package 'my_calculate_action' build argument 'cmake_force_configure' from command line to 'False'
[0.706s] Level 5:colcon.colcon_core.verb:set package 'my_calculate_action' build argument 'ament_cmake_args' from command line to 'None'
[0.706s] Level 5:colcon.colcon_core.verb:set package 'my_calculate_action' build argument 'catkin_cmake_args' from command line to 'None'
[0.706s] Level 5:colcon.colcon_core.verb:set package 'my_calculate_action' build argument 'catkin_skip_building_tests' from command line to 'False'
[0.706s] DEBUG:colcon.colcon_core.verb:Building package 'my_calculate_action' with the following arguments: {'ament_cmake_args': None, 'build_base': '/home/boris/ros2_ws/src/build/my_calculate_action', 'catkin_cmake_args': None, 'catkin_skip_building_tests': False, 'cmake_args': None, 'cmake_clean_cache': False, 'cmake_clean_first': False, 'cmake_force_configure': False, 'cmake_target': None, 'cmake_target_skip_unavailable': False, 'install_base': '/home/boris/ros2_ws/src/install/my_calculate_action', 'merge_install': False, 'path': '/home/boris/ros2_ws/src/my_calculate_action', 'symlink_install': False, 'test_result_base': None}
[0.707s] Level 5:colcon.colcon_core.verb:set package 'my_custom_interface' build argument 'cmake_args' from command line to 'None'
[0.707s] Level 5:colcon.colcon_core.verb:set package 'my_custom_interface' build argument 'cmake_target' from command line to 'None'
[0.707s] Level 5:colcon.colcon_core.verb:set package 'my_custom_interface' build argument 'cmake_target_skip_unavailable' from command line to 'False'
[0.707s] Level 5:colcon.colcon_core.verb:set package 'my_custom_interface' build argument 'cmake_clean_cache' from command line to 'False'
[0.707s] Level 5:colcon.colcon_core.verb:set package 'my_custom_interface' build argument 'cmake_clean_first' from command line to 'False'
[0.707s] Level 5:colcon.colcon_core.verb:set package 'my_custom_interface' build argument 'cmake_force_configure' from command line to 'False'
[0.707s] Level 5:colcon.colcon_core.verb:set package 'my_custom_interface' build argument 'ament_cmake_args' from command line to 'None'
[0.707s] Level 5:colcon.colcon_core.verb:set package 'my_custom_interface' build argument 'catkin_cmake_args' from command line to 'None'
[0.707s] Level 5:colcon.colcon_core.verb:set package 'my_custom_interface' build argument 'catkin_skip_building_tests' from command line to 'False'
[0.707s] DEBUG:colcon.colcon_core.verb:Building package 'my_custom_interface' with the following arguments: {'ament_cmake_args': None, 'build_base': '/home/boris/ros2_ws/src/build/my_custom_interface', 'catkin_cmake_args': None, 'catkin_skip_building_tests': False, 'cmake_args': None, 'cmake_clean_cache': False, 'cmake_clean_first': False, 'cmake_force_configure': False, 'cmake_target': None, 'cmake_target_skip_unavailable': False, 'install_base': '/home/boris/ros2_ws/src/install/my_custom_interface', 'merge_install': False, 'path': '/home/boris/ros2_ws/src/my_custom_interface', 'symlink_install': False, 'test_result_base': None}
[0.708s] Level 5:colcon.colcon_core.verb:set package 'my_service_interfaces' build argument 'cmake_args' from command line to 'None'
[0.708s] Level 5:colcon.colcon_core.verb:set package 'my_service_interfaces' build argument 'cmake_target' from command line to 'None'
[0.708s] Level 5:colcon.colcon_core.verb:set package 'my_service_interfaces' build argument 'cmake_target_skip_unavailable' from command line to 'False'
[0.708s] Level 5:colcon.colcon_core.verb:set package 'my_service_interfaces' build argument 'cmake_clean_cache' from command line to 'False'
[0.708s] Level 5:colcon.colcon_core.verb:set package 'my_service_interfaces' build argument 'cmake_clean_first' from command line to 'False'
[0.708s] Level 5:colcon.colcon_core.verb:set package 'my_service_interfaces' build argument 'cmake_force_configure' from command line to 'False'
[0.708s] Level 5:colcon.colcon_core.verb:set package 'my_service_interfaces' build argument 'ament_cmake_args' from command line to 'None'
[0.708s] Level 5:colcon.colcon_core.verb:set package 'my_service_interfaces' build argument 'catkin_cmake_args' from command line to 'None'
[0.708s] Level 5:colcon.colcon_core.verb:set package 'my_service_interfaces' build argument 'catkin_skip_building_tests' from command line to 'False'
[0.708s] DEBUG:colcon.colcon_core.verb:Building package 'my_service_interfaces' with the following arguments: {'ament_cmake_args': None, 'build_base': '/home/boris/ros2_ws/src/build/my_service_interfaces', 'catkin_cmake_args': None, 'catkin_skip_building_tests': False, 'cmake_args': None, 'cmake_clean_cache': False, 'cmake_clean_first': False, 'cmake_force_configure': False, 'cmake_target': None, 'cmake_target_skip_unavailable': False, 'install_base': '/home/boris/ros2_ws/src/install/my_service_interfaces', 'merge_install': False, 'path': '/home/boris/ros2_ws/src/my_service_interfaces', 'symlink_install': False, 'test_result_base': None}
[0.709s] Level 5:colcon.colcon_core.verb:set package 'my_turtle_controller' build argument 'cmake_args' from command line to 'None'
[0.709s] Level 5:colcon.colcon_core.verb:set package 'my_turtle_controller' build argument 'cmake_target' from command line to 'None'
[0.709s] Level 5:colcon.colcon_core.verb:set package 'my_turtle_controller' build argument 'cmake_target_skip_unavailable' from command line to 'False'
[0.709s] Level 5:colcon.colcon_core.verb:set package 'my_turtle_controller' build argument 'cmake_clean_cache' from command line to 'False'
[0.709s] Level 5:colcon.colcon_core.verb:set package 'my_turtle_controller' build argument 'cmake_clean_first' from command line to 'False'
[0.709s] Level 5:colcon.colcon_core.verb:set package 'my_turtle_controller' build argument 'cmake_force_configure' from command line to 'False'
[0.709s] Level 5:colcon.colcon_core.verb:set package 'my_turtle_controller' build argument 'ament_cmake_args' from command line to 'None'
[0.709s] Level 5:colcon.colcon_core.verb:set package 'my_turtle_controller' build argument 'catkin_cmake_args' from command line to 'None'
[0.709s] Level 5:colcon.colcon_core.verb:set package 'my_turtle_controller' build argument 'catkin_skip_building_tests' from command line to 'False'
[0.709s] DEBUG:colcon.colcon_core.verb:Building package 'my_turtle_controller' with the following arguments: {'ament_cmake_args': None, 'build_base': '/home/boris/ros2_ws/src/build/my_turtle_controller', 'catkin_cmake_args': None, 'catkin_skip_building_tests': False, 'cmake_args': None, 'cmake_clean_cache': False, 'cmake_clean_first': False, 'cmake_force_configure': False, 'cmake_target': None, 'cmake_target_skip_unavailable': False, 'install_base': '/home/boris/ros2_ws/src/install/my_turtle_controller', 'merge_install': False, 'path': '/home/boris/ros2_ws/src/my_turtle_controller', 'symlink_install': False, 'test_result_base': None}
[0.710s] Level 5:colcon.colcon_core.verb:set package 'talker' build argument 'cmake_args' from command line to 'None'
[0.710s] Level 5:colcon.colcon_core.verb:set package 'talker' build argument 'cmake_target' from command line to 'None'
[0.710s] Level 5:colcon.colcon_core.verb:set package 'talker' build argument 'cmake_target_skip_unavailable' from command line to 'False'
[0.710s] Level 5:colcon.colcon_core.verb:set package 'talker' build argument 'cmake_clean_cache' from command line to 'False'
[0.710s] Level 5:colcon.colcon_core.verb:set package 'talker' build argument 'cmake_clean_first' from command line to 'False'
[0.710s] Level 5:colcon.colcon_core.verb:set package 'talker' build argument 'cmake_force_configure' from command line to 'False'
[0.710s] Level 5:colcon.colcon_core.verb:set package 'talker' build argument 'ament_cmake_args' from command line to 'None'
[0.710s] Level 5:colcon.colcon_core.verb:set package 'talker' build argument 'catkin_cmake_args' from command line to 'None'
[0.710s] Level 5:colcon.colcon_core.verb:set package 'talker' build argument 'catkin_skip_building_tests' from command line to 'False'
[0.710s] DEBUG:colcon.colcon_core.verb:Building package 'talker' with the following arguments: {'ament_cmake_args': None, 'build_base': '/home/boris/ros2_ws/src/build/talker', 'catkin_cmake_args': None, 'catkin_skip_building_tests': False, 'cmake_args': None, 'cmake_clean_cache': False, 'cmake_clean_first': False, 'cmake_force_configure': False, 'cmake_target': None, 'cmake_target_skip_unavailable': False, 'install_base': '/home/boris/ros2_ws/src/install/talker', 'merge_install': False, 'path': '/home/boris/ros2_ws/src/talker', 'symlink_install': False, 'test_result_base': None}
[0.711s] Level 5:colcon.colcon_core.verb:set package 'my_service_client' build argument 'cmake_args' from command line to 'None'
[0.711s] Level 5:colcon.colcon_core.verb:set package 'my_service_client' build argument 'cmake_target' from command line to 'None'
[0.711s] Level 5:colcon.colcon_core.verb:set package 'my_service_client' build argument 'cmake_target_skip_unavailable' from command line to 'False'
[0.711s] Level 5:colcon.colcon_core.verb:set package 'my_service_client' build argument 'cmake_clean_cache' from command line to 'False'
[0.711s] Level 5:colcon.colcon_core.verb:set package 'my_service_client' build argument 'cmake_clean_first' from command line to 'False'
[0.711s] Level 5:colcon.colcon_core.verb:set package 'my_service_client' build argument 'cmake_force_configure' from command line to 'False'
[0.711s] Level 5:colcon.colcon_core.verb:set package 'my_service_client' build argument 'ament_cmake_args' from command line to 'None'
[0.711s] Level 5:colcon.colcon_core.verb:set package 'my_service_client' build argument 'catkin_cmake_args' from command line to 'None'
[0.711s] Level 5:colcon.colcon_core.verb:set package 'my_service_client' build argument 'catkin_skip_building_tests' from command line to 'False'
[0.711s] DEBUG:colcon.colcon_core.verb:Building package 'my_service_client' with the following arguments: {'ament_cmake_args': None, 'build_base': '/home/boris/ros2_ws/src/build/my_service_client', 'catkin_cmake_args': None, 'catkin_skip_building_tests': False, 'cmake_args': None, 'cmake_clean_cache': False, 'cmake_clean_first': False, 'cmake_force_configure': False, 'cmake_target': None, 'cmake_target_skip_unavailable': False, 'install_base': '/home/boris/ros2_ws/src/install/my_service_client', 'merge_install': False, 'path': '/home/boris/ros2_ws/src/my_service_client', 'symlink_install': False, 'test_result_base': None}
[0.712s] Level 5:colcon.colcon_core.verb:set package 'my_service_server' build argument 'cmake_args' from command line to 'None'
[0.712s] Level 5:colcon.colcon_core.verb:set package 'my_service_server' build argument 'cmake_target' from command line to 'None'
[0.712s] Level 5:colcon.colcon_core.verb:set package 'my_service_server' build argument 'cmake_target_skip_unavailable' from command line to 'False'
[0.712s] Level 5:colcon.colcon_core.verb:set package 'my_service_server' build argument 'cmake_clean_cache' from command line to 'False'
[0.712s] Level 5:colcon.colcon_core.verb:set package 'my_service_server' build argument 'cmake_clean_first' from command line to 'False'
[0.712s] Level 5:colcon.colcon_core.verb:set package 'my_service_server' build argument 'cmake_force_configure' from command line to 'False'
[0.712s] Level 5:colcon.colcon_core.verb:set package 'my_service_server' build argument 'ament_cmake_args' from command line to 'None'
[0.712s] Level 5:colcon.colcon_core.verb:set package 'my_service_server' build argument 'catkin_cmake_args' from command line to 'None'
[0.712s] Level 5:colcon.colcon_core.verb:set package 'my_service_server' build argument 'catkin_skip_building_tests' from command line to 'False'
[0.712s] DEBUG:colcon.colcon_core.verb:Building package 'my_service_server' with the following arguments: {'ament_cmake_args': None, 'build_base': '/home/boris/ros2_ws/src/build/my_service_server', 'catkin_cmake_args': None, 'catkin_skip_building_tests': False, 'cmake_args': None, 'cmake_clean_cache': False, 'cmake_clean_first': False, 'cmake_force_configure': False, 'cmake_target': None, 'cmake_target_skip_unavailable': False, 'install_base': '/home/boris/ros2_ws/src/install/my_service_server', 'merge_install': False, 'path': '/home/boris/ros2_ws/src/my_service_server', 'symlink_install': False, 'test_result_base': None}
[0.712s] INFO:colcon.colcon_core.executor:Executing jobs using 'parallel' executor
[0.715s] DEBUG:colcon.colcon_parallel_executor.executor.parallel:run_until_complete
[0.716s] INFO:colcon.colcon_ros.task.ament_cmake.build:Building ROS package in '/home/boris/ros2_ws/src/my_service_interfaces' with build type 'ament_cmake'
[0.716s] INFO:colcon.colcon_cmake.task.cmake.build:Building CMake package in '/home/boris/ros2_ws/src/my_service_interfaces'
[0.720s] INFO:colcon.colcon_core.plugin_system:Skipping extension 'colcon_core.shell.bat': Not used on non-Windows systems
[0.720s] INFO:colcon.colcon_core.shell:Skip shell extension 'powershell' for command environment: Not usable outside of PowerShell
[0.720s] DEBUG:colcon.colcon_core.shell:Skip shell extension 'dsv' for command environment
[0.726s] INFO:colcon.colcon_ros.task.ament_python.build:Building ROS package in '/home/boris/ros2_ws/src/listener' with build type 'ament_python'
[0.726s] Level 1:colcon.colcon_core.shell:create_environment_hook('listener', 'ament_prefix_path')
[0.727s] INFO:colcon.colcon_core.shell:Creating environment hook '/home/boris/ros2_ws/src/install/listener/share/listener/hook/ament_prefix_path.ps1'
[0.728s] INFO:colcon.colcon_core.shell:Creating environment descriptor '/home/boris/ros2_ws/src/install/listener/share/listener/hook/ament_prefix_path.dsv'
[0.729s] INFO:colcon.colcon_core.shell:Creating environment hook '/home/boris/ros2_ws/src/install/listener/share/listener/hook/ament_prefix_path.sh'
[0.730s] INFO:colcon.colcon_core.shell:Skip shell extension 'powershell' for command environment: Not usable outside of PowerShell
[0.730s] DEBUG:colcon.colcon_core.shell:Skip shell extension 'dsv' for command environment
[0.735s] INFO:colcon.colcon_ros.task.ament_cmake.build:Building ROS package in '/home/boris/ros2_ws/src/my_action_interface' with build type 'ament_cmake'
[0.735s] INFO:colcon.colcon_cmake.task.cmake.build:Building CMake package in '/home/boris/ros2_ws/src/my_action_interface'
[0.736s] INFO:colcon.colcon_core.shell:Skip shell extension 'powershell' for command environment: Not usable outside of PowerShell
[0.736s] DEBUG:colcon.colcon_core.shell:Skip shell extension 'dsv' for command environment
[0.741s] INFO:colcon.colcon_ros.task.ament_python.build:Building ROS package in '/home/boris/ros2_ws/src/my_calculate_action' with build type 'ament_python'
[0.741s] Level 1:colcon.colcon_core.shell:create_environment_hook('my_calculate_action', 'ament_prefix_path')
[0.742s] INFO:colcon.colcon_core.shell:Creating environment hook '/home/boris/ros2_ws/src/install/my_calculate_action/share/my_calculate_action/hook/ament_prefix_path.ps1'
[0.743s] INFO:colcon.colcon_core.shell:Creating environment descriptor '/home/boris/ros2_ws/src/install/my_calculate_action/share/my_calculate_action/hook/ament_prefix_path.dsv'
[0.743s] INFO:colcon.colcon_core.shell:Creating environment hook '/home/boris/ros2_ws/src/install/my_calculate_action/share/my_calculate_action/hook/ament_prefix_path.sh'
[0.744s] INFO:colcon.colcon_core.shell:Skip shell extension 'powershell' for command environment: Not usable outside of PowerShell
[0.745s] DEBUG:colcon.colcon_core.shell:Skip shell extension 'dsv' for command environment
[0.749s] INFO:colcon.colcon_ros.task.ament_cmake.build:Building ROS package in '/home/boris/ros2_ws/src/my_custom_interface' with build type 'ament_cmake'
[0.750s] INFO:colcon.colcon_cmake.task.cmake.build:Building CMake package in '/home/boris/ros2_ws/src/my_custom_interface'
[0.750s] INFO:colcon.colcon_core.shell:Skip shell extension 'powershell' for command environment: Not usable outside of PowerShell
[0.750s] DEBUG:colcon.colcon_core.shell:Skip shell extension 'dsv' for command environment
[0.755s] INFO:colcon.colcon_ros.task.ament_python.build:Building ROS package in '/home/boris/ros2_ws/src/my_turtle_controller' with build type 'ament_python'
[0.756s] Level 1:colcon.colcon_core.shell:create_environment_hook('my_turtle_controller', 'ament_prefix_path')
[0.756s] INFO:colcon.colcon_core.shell:Creating environment hook '/home/boris/ros2_ws/src/install/my_turtle_controller/share/my_turtle_controller/hook/ament_prefix_path.ps1'
[0.757s] INFO:colcon.colcon_core.shell:Creating environment descriptor '/home/boris/ros2_ws/src/install/my_turtle_controller/share/my_turtle_controller/hook/ament_prefix_path.dsv'
[0.758s] INFO:colcon.colcon_core.shell:Creating environment hook '/home/boris/ros2_ws/src/install/my_turtle_controller/share/my_turtle_controller/hook/ament_prefix_path.sh'
[0.759s] INFO:colcon.colcon_core.shell:Skip shell extension 'powershell' for command environment: Not usable outside of PowerShell
[0.759s] DEBUG:colcon.colcon_core.shell:Skip shell extension 'dsv' for command environment
[0.766s] INFO:colcon.colcon_ros.task.ament_python.build:Building ROS package in '/home/boris/ros2_ws/src/talker' with build type 'ament_python'
[0.767s] Level 1:colcon.colcon_core.shell:create_environment_hook('talker', 'ament_prefix_path')
[0.768s] INFO:colcon.colcon_core.shell:Creating environment hook '/home/boris/ros2_ws/src/install/talker/share/talker/hook/ament_prefix_path.ps1'
[0.771s] INFO:colcon.colcon_core.shell:Creating environment descriptor '/home/boris/ros2_ws/src/install/talker/share/talker/hook/ament_prefix_path.dsv'
[0.772s] INFO:colcon.colcon_core.shell:Creating environment hook '/home/boris/ros2_ws/src/install/talker/share/talker/hook/ament_prefix_path.sh'
[0.773s] INFO:colcon.colcon_core.shell:Skip shell extension 'powershell' for command environment: Not usable outside of PowerShell
[0.774s] DEBUG:colcon.colcon_core.shell:Skip shell extension 'dsv' for command environment
[0.792s] DEBUG:colcon.colcon_core.event_handler.log_command:Invoking command in '/home/boris/ros2_ws/src/build/my_service_interfaces': CMAKE_PREFIX_PATH=/opt/ros/humble /usr/bin/cmake /home/boris/ros2_ws/src/my_service_interfaces -DCMAKE_INSTALL_PREFIX=/home/boris/ros2_ws/src/install/my_service_interfaces
[1.301s] INFO:colcon.colcon_core.task.python.build:Building Python package in '/home/boris/ros2_ws/src/listener'
[1.301s] INFO:colcon.colcon_core.shell:Skip shell extension 'powershell' for command environment: Not usable outside of PowerShell
[1.301s] DEBUG:colcon.colcon_core.shell:Skip shell extension 'dsv' for command environment
[1.314s] DEBUG:colcon.colcon_core.event_handler.log_command:Invoking command in '/home/boris/ros2_ws/src/build/my_action_interface': CMAKE_PREFIX_PATH=/opt/ros/humble /usr/bin/cmake /home/boris/ros2_ws/src/my_action_interface -DCMAKE_INSTALL_PREFIX=/home/boris/ros2_ws/src/install/my_action_interface
[1.955s] INFO:colcon.colcon_core.task.python.build:Building Python package in '/home/boris/ros2_ws/src/my_calculate_action'
[1.956s] INFO:colcon.colcon_core.shell:Skip shell extension 'powershell' for command environment: Not usable outside of PowerShell
[1.956s] DEBUG:colcon.colcon_core.shell:Skip shell extension 'dsv' for command environment
[1.968s] DEBUG:colcon.colcon_core.event_handler.log_command:Invoking command in '/home/boris/ros2_ws/src/build/my_custom_interface': CMAKE_PREFIX_PATH=/opt/ros/humble /usr/bin/cmake /home/boris/ros2_ws/src/my_custom_interface -DCMAKE_INSTALL_PREFIX=/home/boris/ros2_ws/src/install/my_custom_interface
[3.020s] INFO:colcon.colcon_core.task.python.build:Building Python package in '/home/boris/ros2_ws/src/my_turtle_controller'
[3.021s] INFO:colcon.colcon_core.shell:Skip shell extension 'powershell' for command environment: Not usable outside of PowerShell
[3.021s] DEBUG:colcon.colcon_core.shell:Skip shell extension 'dsv' for command environment
[3.600s] INFO:colcon.colcon_core.task.python.build:Building Python package in '/home/boris/ros2_ws/src/talker'
[3.601s] INFO:colcon.colcon_core.shell:Skip shell extension 'powershell' for command environment: Not usable outside of PowerShell
[3.601s] DEBUG:colcon.colcon_core.shell:Skip shell extension 'dsv' for command environment
[4.700s] DEBUG:colcon.colcon_core.event_handler.log_command:Invoked command in '/home/boris/ros2_ws/src/build/my_service_interfaces' returned '0': CMAKE_PREFIX_PATH=/opt/ros/humble /usr/bin/cmake /home/boris/ros2_ws/src/my_service_interfaces -DCMAKE_INSTALL_PREFIX=/home/boris/ros2_ws/src/install/my_service_interfaces
[4.703s] DEBUG:colcon.colcon_core.event_handler.log_command:Invoking command in '/home/boris/ros2_ws/src/build/my_service_interfaces': CMAKE_PREFIX_PATH=/opt/ros/humble /usr/bin/cmake --build /home/boris/ros2_ws/src/build/my_service_interfaces -- -j8 -l8
[4.713s] DEBUG:colcon.colcon_core.event_handler.log_command:Invoking command in '/home/boris/ros2_ws/src/listener': PYTHONPATH=/home/boris/ros2_ws/src/build/listener/prefix_override:/usr/lib/python3/dist-packages/colcon_core/task/python/colcon_distutils_commands:/home/boris/ros2_ws/src/install/listener/lib/python3.10/site-packages:${PYTHONPATH} /usr/bin/python3 -W ignore:setup.py install is deprecated -W ignore:easy_install command is deprecated setup.py egg_info --egg-base ../build/listener build --build-base /home/boris/ros2_ws/src/build/listener/build install --record /home/boris/ros2_ws/src/build/listener/install.log --single-version-externally-managed install_data
[4.732s] DEBUG:colcon.colcon_core.event_handler.log_command:Invoking command in '/home/boris/ros2_ws/src/my_turtle_controller': PYTHONPATH=/home/boris/ros2_ws/src/build/my_turtle_controller/prefix_override:/usr/lib/python3/dist-packages/colcon_core/task/python/colcon_distutils_commands:/home/boris/ros2_ws/src/install/my_turtle_controller/lib/python3.10/site-packages:${PYTHONPATH} /usr/bin/python3 -W ignore:setup.py install is deprecated -W ignore:easy_install command is deprecated setup.py egg_info --egg-base ../build/my_turtle_controller build --build-base /home/boris/ros2_ws/src/build/my_turtle_controller/build install --record /home/boris/ros2_ws/src/build/my_turtle_controller/install.log --single-version-externally-managed install_data
[5.021s] DEBUG:colcon.colcon_core.event_handler.log_command:Invoking command in '/home/boris/ros2_ws/src/my_calculate_action': PYTHONPATH=/home/boris/ros2_ws/src/build/my_calculate_action/prefix_override:/usr/lib/python3/dist-packages/colcon_core/task/python/colcon_distutils_commands:/home/boris/ros2_ws/src/install/my_calculate_action/lib/python3.10/site-packages:${PYTHONPATH} /usr/bin/python3 -W ignore:setup.py install is deprecated -W ignore:easy_install command is deprecated setup.py egg_info --egg-base ../build/my_calculate_action build --build-base /home/boris/ros2_ws/src/build/my_calculate_action/build install --record /home/boris/ros2_ws/src/build/my_calculate_action/install.log --single-version-externally-managed install_data
[5.052s] DEBUG:colcon.colcon_core.event_handler.log_command:Invoking command in '/home/boris/ros2_ws/src/talker': PYTHONPATH=/home/boris/ros2_ws/src/build/talker/prefix_override:/usr/lib/python3/dist-packages/colcon_core/task/python/colcon_distutils_commands:/home/boris/ros2_ws/src/install/talker/lib/python3.10/site-packages:${PYTHONPATH} /usr/bin/python3 -W ignore:setup.py install is deprecated -W ignore:easy_install command is deprecated setup.py egg_info --egg-base ../build/talker build --build-base /home/boris/ros2_ws/src/build/talker/build install --record /home/boris/ros2_ws/src/build/talker/install.log --single-version-externally-managed install_data
[5.749s] DEBUG:colcon.colcon_core.event_handler.log_command:Invoked command in '/home/boris/ros2_ws/src/my_turtle_controller' returned '0': PYTHONPATH=/home/boris/ros2_ws/src/build/my_turtle_controller/prefix_override:/usr/lib/python3/dist-packages/colcon_core/task/python/colcon_distutils_commands:/home/boris/ros2_ws/src/install/my_turtle_controller/lib/python3.10/site-packages:${PYTHONPATH} /usr/bin/python3 -W ignore:setup.py install is deprecated -W ignore:easy_install command is deprecated setup.py egg_info --egg-base ../build/my_turtle_controller build --build-base /home/boris/ros2_ws/src/build/my_turtle_controller/build install --record /home/boris/ros2_ws/src/build/my_turtle_controller/install.log --single-version-externally-managed install_data
[5.752s] Level 1:colcon.colcon_core.environment:checking '/home/boris/ros2_ws/src/install/my_turtle_controller' for CMake module files
[5.754s] Level 1:colcon.colcon_core.environment:checking '/home/boris/ros2_ws/src/install/my_turtle_controller' for CMake config files
[5.756s] Level 1:colcon.colcon_core.environment:checking '/home/boris/ros2_ws/src/install/my_turtle_controller/lib'
[5.756s] Level 1:colcon.colcon_core.environment:checking '/home/boris/ros2_ws/src/install/my_turtle_controller/bin'
[5.757s] Level 1:colcon.colcon_core.environment:checking '/home/boris/ros2_ws/src/install/my_turtle_controller/lib/pkgconfig/my_turtle_controller.pc'
[5.757s] Level 1:colcon.colcon_core.environment:checking '/home/boris/ros2_ws/src/install/my_turtle_controller/lib/python3.10/site-packages'
[5.757s] Level 1:colcon.colcon_core.shell:create_environment_hook('my_turtle_controller', 'pythonpath')
[5.758s] INFO:colcon.colcon_core.shell:Creating environment hook '/home/boris/ros2_ws/src/install/my_turtle_controller/share/my_turtle_controller/hook/pythonpath.ps1'
[5.760s] INFO:colcon.colcon_core.shell:Creating environment descriptor '/home/boris/ros2_ws/src/install/my_turtle_controller/share/my_turtle_controller/hook/pythonpath.dsv'
[5.761s] INFO:colcon.colcon_core.shell:Creating environment hook '/home/boris/ros2_ws/src/install/my_turtle_controller/share/my_turtle_controller/hook/pythonpath.sh'
[5.763s] Level 1:colcon.colcon_core.environment:checking '/home/boris/ros2_ws/src/install/my_turtle_controller/bin'
[5.763s] Level 1:colcon.colcon_core.environment:create_environment_scripts_only(my_turtle_controller)
[5.765s] INFO:colcon.colcon_core.shell:Creating package script '/home/boris/ros2_ws/src/install/my_turtle_controller/share/my_turtle_controller/package.ps1'
[5.769s] INFO:colcon.colcon_core.shell:Creating package descriptor '/home/boris/ros2_ws/src/install/my_turtle_controller/share/my_turtle_controller/package.dsv'
[5.771s] INFO:colcon.colcon_core.shell:Creating package script '/home/boris/ros2_ws/src/install/my_turtle_controller/share/my_turtle_controller/package.sh'
[5.777s] INFO:colcon.colcon_core.shell:Creating package script '/home/boris/ros2_ws/src/install/my_turtle_controller/share/my_turtle_controller/package.bash'
[5.780s] INFO:colcon.colcon_core.shell:Creating package script '/home/boris/ros2_ws/src/install/my_turtle_controller/share/my_turtle_controller/package.zsh'
[5.787s] Level 1:colcon.colcon_core.environment:create_file_with_runtime_dependencies(/home/boris/ros2_ws/src/install/my_turtle_controller/share/colcon-core/packages/my_turtle_controller)
[6.199s] Level 1:colcon.colcon_core.environment:checking '/home/boris/ros2_ws/src/install/listener' for CMake module files
[6.201s] DEBUG:colcon.colcon_core.event_handler.log_command:Invoked command in '/home/boris/ros2_ws/src/listener' returned '0': PYTHONPATH=/home/boris/ros2_ws/src/build/listener/prefix_override:/usr/lib/python3/dist-packages/colcon_core/task/python/colcon_distutils_commands:/home/boris/ros2_ws/src/install/listener/lib/python3.10/site-packages:${PYTHONPATH} /usr/bin/python3 -W ignore:setup.py install is deprecated -W ignore:easy_install command is deprecated setup.py egg_info --egg-base ../build/listener build --build-base /home/boris/ros2_ws/src/build/listener/build install --record /home/boris/ros2_ws/src/build/listener/install.log --single-version-externally-managed install_data
[6.202s] Level 1:colcon.colcon_core.environment:checking '/home/boris/ros2_ws/src/install/listener' for CMake config files
[6.203s] Level 1:colcon.colcon_core.environment:checking '/home/boris/ros2_ws/src/install/listener/lib'
[6.204s] Level 1:colcon.colcon_core.environment:checking '/home/boris/ros2_ws/src/install/listener/bin'
[6.207s] Level 1:colcon.colcon_core.environment:checking '/home/boris/ros2_ws/src/install/listener/lib/pkgconfig/listener.pc'
[6.211s] Level 1:colcon.colcon_core.environment:checking '/home/boris/ros2_ws/src/install/listener/lib/python3.10/site-packages'
[6.211s] Level 1:colcon.colcon_core.shell:create_environment_hook('listener', 'pythonpath')
[6.212s] INFO:colcon.colcon_core.shell:Creating environment hook '/home/boris/ros2_ws/src/install/listener/share/listener/hook/pythonpath.ps1'
[6.218s] INFO:colcon.colcon_core.shell:Creating environment descriptor '/home/boris/ros2_ws/src/install/listener/share/listener/hook/pythonpath.dsv'
[6.220s] INFO:colcon.colcon_core.shell:Creating environment hook '/home/boris/ros2_ws/src/install/listener/share/listener/hook/pythonpath.sh'
[6.227s] Level 1:colcon.colcon_core.environment:checking '/home/boris/ros2_ws/src/install/listener/bin'
[6.228s] Level 1:colcon.colcon_core.environment:create_environment_scripts_only(listener)
[6.229s] INFO:colcon.colcon_core.shell:Creating package script '/home/boris/ros2_ws/src/install/listener/share/listener/package.ps1'
[6.238s] INFO:colcon.colcon_core.shell:Creating package descriptor '/home/boris/ros2_ws/src/install/listener/share/listener/package.dsv'
[6.241s] INFO:colcon.colcon_core.shell:Creating package script '/home/boris/ros2_ws/src/install/listener/share/listener/package.sh'
[6.247s] INFO:colcon.colcon_core.shell:Creating package script '/home/boris/ros2_ws/src/install/listener/share/listener/package.bash'
[6.249s] INFO:colcon.colcon_core.shell:Creating package script '/home/boris/ros2_ws/src/install/listener/share/listener/package.zsh'
[6.255s] Level 1:colcon.colcon_core.environment:create_file_with_runtime_dependencies(/home/boris/ros2_ws/src/install/listener/share/colcon-core/packages/listener)
[6.264s] Level 1:colcon.colcon_core.environment:checking '/home/boris/ros2_ws/src/install/talker' for CMake module files
[6.266s] DEBUG:colcon.colcon_core.event_handler.log_command:Invoked command in '/home/boris/ros2_ws/src/talker' returned '0': PYTHONPATH=/home/boris/ros2_ws/src/build/talker/prefix_override:/usr/lib/python3/dist-packages/colcon_core/task/python/colcon_distutils_commands:/home/boris/ros2_ws/src/install/talker/lib/python3.10/site-packages:${PYTHONPATH} /usr/bin/python3 -W ignore:setup.py install is deprecated -W ignore:easy_install command is deprecated setup.py egg_info --egg-base ../build/talker build --build-base /home/boris/ros2_ws/src/build/talker/build install --record /home/boris/ros2_ws/src/build/talker/install.log --single-version-externally-managed install_data
[6.266s] Level 1:colcon.colcon_core.environment:checking '/home/boris/ros2_ws/src/install/talker' for CMake config files
[6.268s] Level 1:colcon.colcon_core.environment:checking '/home/boris/ros2_ws/src/install/talker/lib'
[6.268s] Level 1:colcon.colcon_core.environment:checking '/home/boris/ros2_ws/src/install/talker/bin'
[6.268s] Level 1:colcon.colcon_core.environment:checking '/home/boris/ros2_ws/src/install/talker/lib/pkgconfig/talker.pc'
[6.269s] Level 1:colcon.colcon_core.environment:checking '/home/boris/ros2_ws/src/install/talker/lib/python3.10/site-packages'
[6.269s] Level 1:colcon.colcon_core.shell:create_environment_hook('talker', 'pythonpath')
[6.270s] INFO:colcon.colcon_core.shell:Creating environment hook '/home/boris/ros2_ws/src/install/talker/share/talker/hook/pythonpath.ps1'
[6.271s] INFO:colcon.colcon_core.shell:Creating environment descriptor '/home/boris/ros2_ws/src/install/talker/share/talker/hook/pythonpath.dsv'
[6.278s] INFO:colcon.colcon_core.shell:Creating environment hook '/home/boris/ros2_ws/src/install/talker/share/talker/hook/pythonpath.sh'
[6.281s] Level 1:colcon.colcon_core.environment:checking '/home/boris/ros2_ws/src/install/talker/bin'
[6.281s] Level 1:colcon.colcon_core.environment:create_environment_scripts_only(talker)
[6.282s] INFO:colcon.colcon_core.shell:Creating package script '/home/boris/ros2_ws/src/install/talker/share/talker/package.ps1'
[6.284s] INFO:colcon.colcon_core.shell:Creating package descriptor '/home/boris/ros2_ws/src/install/talker/share/talker/package.dsv'
[6.285s] INFO:colcon.colcon_core.shell:Creating package script '/home/boris/ros2_ws/src/install/talker/share/talker/package.sh'
[6.287s] INFO:colcon.colcon_core.shell:Creating package script '/home/boris/ros2_ws/src/install/talker/share/talker/package.bash'
[6.290s] INFO:colcon.colcon_core.shell:Creating package script '/home/boris/ros2_ws/src/install/talker/share/talker/package.zsh'
[6.291s] Level 1:colcon.colcon_core.environment:create_file_with_runtime_dependencies(/home/boris/ros2_ws/src/install/talker/share/colcon-core/packages/talker)
[6.428s] Level 1:colcon.colcon_core.environment:checking '/home/boris/ros2_ws/src/install/my_calculate_action' for CMake module files
[6.430s] Level 1:colcon.colcon_core.environment:checking '/home/boris/ros2_ws/src/install/my_calculate_action' for CMake config files
[6.431s] Level 1:colcon.colcon_core.environment:checking '/home/boris/ros2_ws/src/install/my_calculate_action/lib'
[6.431s] Level 1:colcon.colcon_core.environment:checking '/home/boris/ros2_ws/src/install/my_calculate_action/bin'
[6.432s] Level 1:colcon.colcon_core.environment:checking '/home/boris/ros2_ws/src/install/my_calculate_action/lib/pkgconfig/my_calculate_action.pc'
[6.432s] Level 1:colcon.colcon_core.environment:checking '/home/boris/ros2_ws/src/install/my_calculate_action/lib/python3.10/site-packages'
[6.432s] Level 1:colcon.colcon_core.shell:create_environment_hook('my_calculate_action', 'pythonpath')
[6.433s] INFO:colcon.colcon_core.shell:Creating environment hook '/home/boris/ros2_ws/src/install/my_calculate_action/share/my_calculate_action/hook/pythonpath.ps1'
[6.434s] DEBUG:colcon.colcon_core.event_handler.log_command:Invoked command in '/home/boris/ros2_ws/src/my_calculate_action' returned '0': PYTHONPATH=/home/boris/ros2_ws/src/build/my_calculate_action/prefix_override:/usr/lib/python3/dist-packages/colcon_core/task/python/colcon_distutils_commands:/home/boris/ros2_ws/src/install/my_calculate_action/lib/python3.10/site-packages:${PYTHONPATH} /usr/bin/python3 -W ignore:setup.py install is deprecated -W ignore:easy_install command is deprecated setup.py egg_info --egg-base ../build/my_calculate_action build --build-base /home/boris/ros2_ws/src/build/my_calculate_action/build install --record /home/boris/ros2_ws/src/build/my_calculate_action/install.log --single-version-externally-managed install_data
[6.436s] INFO:colcon.colcon_core.shell:Creating environment descriptor '/home/boris/ros2_ws/src/install/my_calculate_action/share/my_calculate_action/hook/pythonpath.dsv'
[6.438s] INFO:colcon.colcon_core.shell:Creating environment hook '/home/boris/ros2_ws/src/install/my_calculate_action/share/my_calculate_action/hook/pythonpath.sh'
[6.440s] Level 1:colcon.colcon_core.environment:checking '/home/boris/ros2_ws/src/install/my_calculate_action/bin'
[6.441s] Level 1:colcon.colcon_core.environment:create_environment_scripts_only(my_calculate_action)
[6.442s] INFO:colcon.colcon_core.shell:Creating package script '/home/boris/ros2_ws/src/install/my_calculate_action/share/my_calculate_action/package.ps1'
[6.443s] INFO:colcon.colcon_core.shell:Creating package descriptor '/home/boris/ros2_ws/src/install/my_calculate_action/share/my_calculate_action/package.dsv'
[6.445s] INFO:colcon.colcon_core.shell:Creating package script '/home/boris/ros2_ws/src/install/my_calculate_action/share/my_calculate_action/package.sh'
[6.447s] INFO:colcon.colcon_core.shell:Creating package script '/home/boris/ros2_ws/src/install/my_calculate_action/share/my_calculate_action/package.bash'
[6.449s] INFO:colcon.colcon_core.shell:Creating package script '/home/boris/ros2_ws/src/install/my_calculate_action/share/my_calculate_action/package.zsh'
[6.449s] Level 1:colcon.colcon_core.environment:create_file_with_runtime_dependencies(/home/boris/ros2_ws/src/install/my_calculate_action/share/colcon-core/packages/my_calculate_action)
[6.455s] DEBUG:colcon.colcon_core.event_handler.log_command:Invoked command in '/home/boris/ros2_ws/src/build/my_action_interface' returned '0': CMAKE_PREFIX_PATH=/opt/ros/humble /usr/bin/cmake /home/boris/ros2_ws/src/my_action_interface -DCMAKE_INSTALL_PREFIX=/home/boris/ros2_ws/src/install/my_action_interface
[6.463s] DEBUG:colcon.colcon_core.event_handler.log_command:Invoking command in '/home/boris/ros2_ws/src/build/my_action_interface': CMAKE_PREFIX_PATH=/opt/ros/humble /usr/bin/cmake --build /home/boris/ros2_ws/src/build/my_action_interface -- -j8 -l8
[6.681s] DEBUG:colcon.colcon_core.event_handler.log_command:Invoked command in '/home/boris/ros2_ws/src/build/my_custom_interface' returned '0': CMAKE_PREFIX_PATH=/opt/ros/humble /usr/bin/cmake /home/boris/ros2_ws/src/my_custom_interface -DCMAKE_INSTALL_PREFIX=/home/boris/ros2_ws/src/install/my_custom_interface
[6.689s] DEBUG:colcon.colcon_core.event_handler.log_command:Invoking command in '/home/boris/ros2_ws/src/build/my_custom_interface': CMAKE_PREFIX_PATH=/opt/ros/humble /usr/bin/cmake --build /home/boris/ros2_ws/src/build/my_custom_interface -- -j8 -l8
[13.677s] DEBUG:colcon.colcon_core.event_handler.log_command:Invoked command in '/home/boris/ros2_ws/src/build/my_service_interfaces' returned '0': CMAKE_PREFIX_PATH=/opt/ros/humble /usr/bin/cmake --build /home/boris/ros2_ws/src/build/my_service_interfaces -- -j8 -l8
[13.709s] DEBUG:colcon.colcon_core.event_handler.log_command:Invoking command in '/home/boris/ros2_ws/src/build/my_service_interfaces': CMAKE_PREFIX_PATH=/opt/ros/humble /usr/bin/cmake --install /home/boris/ros2_ws/src/build/my_service_interfaces
[13.902s] Level 1:colcon.colcon_core.environment:create_environment_scripts_only(my_service_interfaces)
[13.903s] DEBUG:colcon.colcon_core.event_handler.log_command:Invoked command in '/home/boris/ros2_ws/src/build/my_service_interfaces' returned '0': CMAKE_PREFIX_PATH=/opt/ros/humble /usr/bin/cmake --install /home/boris/ros2_ws/src/build/my_service_interfaces
[13.904s] Level 1:colcon.colcon_core.environment:checking '/home/boris/ros2_ws/src/install/my_service_interfaces' for CMake module files
[13.907s] Level 1:colcon.colcon_core.environment:checking '/home/boris/ros2_ws/src/install/my_service_interfaces' for CMake config files
[13.909s] Level 1:colcon.colcon_core.shell:create_environment_hook('my_service_interfaces', 'cmake_prefix_path')
[13.910s] INFO:colcon.colcon_core.shell:Creating environment hook '/home/boris/ros2_ws/src/install/my_service_interfaces/share/my_service_interfaces/hook/cmake_prefix_path.ps1'
[13.911s] INFO:colcon.colcon_core.shell:Creating environment descriptor '/home/boris/ros2_ws/src/install/my_service_interfaces/share/my_service_interfaces/hook/cmake_prefix_path.dsv'
[13.911s] INFO:colcon.colcon_core.shell:Creating environment hook '/home/boris/ros2_ws/src/install/my_service_interfaces/share/my_service_interfaces/hook/cmake_prefix_path.sh'
[13.912s] Level 1:colcon.colcon_core.environment:checking '/home/boris/ros2_ws/src/install/my_service_interfaces/lib'
[13.913s] Level 1:colcon.colcon_core.shell:create_environment_hook('my_service_interfaces', 'ld_library_path_lib')
[13.913s] INFO:colcon.colcon_core.shell:Creating environment hook '/home/boris/ros2_ws/src/install/my_service_interfaces/share/my_service_interfaces/hook/ld_library_path_lib.ps1'
[13.914s] INFO:colcon.colcon_core.shell:Creating environment descriptor '/home/boris/ros2_ws/src/install/my_service_interfaces/share/my_service_interfaces/hook/ld_library_path_lib.dsv'
[13.914s] INFO:colcon.colcon_core.shell:Creating environment hook '/home/boris/ros2_ws/src/install/my_service_interfaces/share/my_service_interfaces/hook/ld_library_path_lib.sh'
[13.915s] Level 1:colcon.colcon_core.environment:checking '/home/boris/ros2_ws/src/install/my_service_interfaces/bin'
[13.915s] Level 1:colcon.colcon_core.environment:checking '/home/boris/ros2_ws/src/install/my_service_interfaces/lib/pkgconfig/my_service_interfaces.pc'
[13.916s] Level 1:colcon.colcon_core.environment:checking '/home/boris/ros2_ws/src/install/my_service_interfaces/lib/python3.10/site-packages'
[13.916s] Level 1:colcon.colcon_core.environment:checking '/home/boris/ros2_ws/src/install/my_service_interfaces/bin'
[13.917s] INFO:colcon.colcon_core.shell:Creating package script '/home/boris/ros2_ws/src/install/my_service_interfaces/share/my_service_interfaces/package.ps1'
[13.918s] INFO:colcon.colcon_core.shell:Creating package descriptor '/home/boris/ros2_ws/src/install/my_service_interfaces/share/my_service_interfaces/package.dsv'
[13.919s] INFO:colcon.colcon_core.shell:Creating package script '/home/boris/ros2_ws/src/install/my_service_interfaces/share/my_service_interfaces/package.sh'
[13.920s] INFO:colcon.colcon_core.shell:Creating package script '/home/boris/ros2_ws/src/install/my_service_interfaces/share/my_service_interfaces/package.bash'
[13.920s] INFO:colcon.colcon_core.shell:Creating package script '/home/boris/ros2_ws/src/install/my_service_interfaces/share/my_service_interfaces/package.zsh'
[13.921s] Level 1:colcon.colcon_core.environment:create_file_with_runtime_dependencies(/home/boris/ros2_ws/src/install/my_service_interfaces/share/colcon-core/packages/my_service_interfaces)
[13.922s] Level 1:colcon.colcon_core.environment:create_environment_scripts_only(my_service_interfaces)
[13.923s] Level 1:colcon.colcon_core.environment:checking '/home/boris/ros2_ws/src/install/my_service_interfaces' for CMake module files
[13.924s] Level 1:colcon.colcon_core.environment:checking '/home/boris/ros2_ws/src/install/my_service_interfaces' for CMake config files
[13.924s] Level 1:colcon.colcon_core.shell:create_environment_hook('my_service_interfaces', 'cmake_prefix_path')
[13.925s] INFO:colcon.colcon_core.shell:Creating environment hook '/home/boris/ros2_ws/src/install/my_service_interfaces/share/my_service_interfaces/hook/cmake_prefix_path.ps1'
[13.926s] INFO:colcon.colcon_core.shell:Creating environment descriptor '/home/boris/ros2_ws/src/install/my_service_interfaces/share/my_service_interfaces/hook/cmake_prefix_path.dsv'
[13.926s] INFO:colcon.colcon_core.shell:Creating environment hook '/home/boris/ros2_ws/src/install/my_service_interfaces/share/my_service_interfaces/hook/cmake_prefix_path.sh'
[13.928s] Level 1:colcon.colcon_core.environment:checking '/home/boris/ros2_ws/src/install/my_service_interfaces/lib'
[13.928s] Level 1:colcon.colcon_core.shell:create_environment_hook('my_service_interfaces', 'ld_library_path_lib')
[13.928s] INFO:colcon.colcon_core.shell:Creating environment hook '/home/boris/ros2_ws/src/install/my_service_interfaces/share/my_service_interfaces/hook/ld_library_path_lib.ps1'
[13.929s] INFO:colcon.colcon_core.shell:Creating environment descriptor '/home/boris/ros2_ws/src/install/my_service_interfaces/share/my_service_interfaces/hook/ld_library_path_lib.dsv'
[13.930s] INFO:colcon.colcon_core.shell:Creating environment hook '/home/boris/ros2_ws/src/install/my_service_interfaces/share/my_service_interfaces/hook/ld_library_path_lib.sh'
[13.931s] Level 1:colcon.colcon_core.environment:checking '/home/boris/ros2_ws/src/install/my_service_interfaces/bin'
[13.931s] Level 1:colcon.colcon_core.environment:checking '/home/boris/ros2_ws/src/install/my_service_interfaces/lib/pkgconfig/my_service_interfaces.pc'
[13.931s] Level 1:colcon.colcon_core.environment:checking '/home/boris/ros2_ws/src/install/my_service_interfaces/lib/python3.10/site-packages'
[13.932s] Level 1:colcon.colcon_core.environment:checking '/home/boris/ros2_ws/src/install/my_service_interfaces/bin'
[13.933s] INFO:colcon.colcon_core.shell:Creating package script '/home/boris/ros2_ws/src/install/my_service_interfaces/share/my_service_interfaces/package.ps1'
[13.934s] INFO:colcon.colcon_core.shell:Creating package descriptor '/home/boris/ros2_ws/src/install/my_service_interfaces/share/my_service_interfaces/package.dsv'
[13.935s] INFO:colcon.colcon_core.shell:Creating package script '/home/boris/ros2_ws/src/install/my_service_interfaces/share/my_service_interfaces/package.sh'
[13.936s] INFO:colcon.colcon_core.shell:Creating package script '/home/boris/ros2_ws/src/install/my_service_interfaces/share/my_service_interfaces/package.bash'
[13.936s] INFO:colcon.colcon_core.shell:Creating package script '/home/boris/ros2_ws/src/install/my_service_interfaces/share/my_service_interfaces/package.zsh'
[13.937s] Level 1:colcon.colcon_core.environment:create_file_with_runtime_dependencies(/home/boris/ros2_ws/src/install/my_service_interfaces/share/colcon-core/packages/my_service_interfaces)
[13.938s] INFO:colcon.colcon_ros.task.ament_python.build:Building ROS package in '/home/boris/ros2_ws/src/my_service_client' with build type 'ament_python'
[13.938s] Level 1:colcon.colcon_core.shell:create_environment_hook('my_service_client', 'ament_prefix_path')
[13.939s] INFO:colcon.colcon_core.shell:Creating environment hook '/home/boris/ros2_ws/src/install/my_service_client/share/my_service_client/hook/ament_prefix_path.ps1'
[13.941s] INFO:colcon.colcon_core.shell:Creating environment descriptor '/home/boris/ros2_ws/src/install/my_service_client/share/my_service_client/hook/ament_prefix_path.dsv'
[13.941s] INFO:colcon.colcon_core.shell:Creating environment hook '/home/boris/ros2_ws/src/install/my_service_client/share/my_service_client/hook/ament_prefix_path.sh'
[13.942s] INFO:colcon.colcon_core.shell:Skip shell extension 'powershell' for command environment: Not usable outside of PowerShell
[13.942s] DEBUG:colcon.colcon_core.shell:Skip shell extension 'dsv' for command environment
[13.948s] INFO:colcon.colcon_ros.task.ament_python.build:Building ROS package in '/home/boris/ros2_ws/src/my_service_server' with build type 'ament_python'
[13.948s] Level 1:colcon.colcon_core.shell:create_environment_hook('my_service_server', 'ament_prefix_path')
[13.949s] INFO:colcon.colcon_core.shell:Creating environment hook '/home/boris/ros2_ws/src/install/my_service_server/share/my_service_server/hook/ament_prefix_path.ps1'
[13.950s] INFO:colcon.colcon_core.shell:Creating environment descriptor '/home/boris/ros2_ws/src/install/my_service_server/share/my_service_server/hook/ament_prefix_path.dsv'
[13.951s] INFO:colcon.colcon_core.shell:Creating environment hook '/home/boris/ros2_ws/src/install/my_service_server/share/my_service_server/hook/ament_prefix_path.sh'
[13.952s] INFO:colcon.colcon_core.shell:Skip shell extension 'powershell' for command environment: Not usable outside of PowerShell
[13.952s] DEBUG:colcon.colcon_core.shell:Skip shell extension 'dsv' for command environment
[14.515s] INFO:colcon.colcon_core.task.python.build:Building Python package in '/home/boris/ros2_ws/src/my_service_client'
[14.516s] INFO:colcon.colcon_core.shell:Skip shell extension 'powershell' for command environment: Not usable outside of PowerShell
[14.517s] DEBUG:colcon.colcon_core.shell:Skip shell extension 'dsv' for command environment
[15.025s] INFO:colcon.colcon_core.task.python.build:Building Python package in '/home/boris/ros2_ws/src/my_service_server'
[15.026s] INFO:colcon.colcon_core.shell:Skip shell extension 'powershell' for command environment: Not usable outside of PowerShell
[15.026s] DEBUG:colcon.colcon_core.shell:Skip shell extension 'dsv' for command environment
[15.039s] DEBUG:colcon.colcon_core.event_handler.log_command:Invoked command in '/home/boris/ros2_ws/src/build/my_custom_interface' returned '0': CMAKE_PREFIX_PATH=/opt/ros/humble /usr/bin/cmake --build /home/boris/ros2_ws/src/build/my_custom_interface -- -j8 -l8
[15.043s] DEBUG:colcon.colcon_core.event_handler.log_command:Invoking command in '/home/boris/ros2_ws/src/build/my_custom_interface': CMAKE_PREFIX_PATH=/opt/ros/humble /usr/bin/cmake --install /home/boris/ros2_ws/src/build/my_custom_interface
[15.280s] Level 1:colcon.colcon_core.environment:create_environment_scripts_only(my_custom_interface)
[15.282s] Level 1:colcon.colcon_core.environment:checking '/home/boris/ros2_ws/src/install/my_custom_interface' for CMake module files
[15.283s] DEBUG:colcon.colcon_core.event_handler.log_command:Invoked command in '/home/boris/ros2_ws/src/build/my_custom_interface' returned '0': CMAKE_PREFIX_PATH=/opt/ros/humble /usr/bin/cmake --install /home/boris/ros2_ws/src/build/my_custom_interface
[15.285s] Level 1:colcon.colcon_core.environment:checking '/home/boris/ros2_ws/src/install/my_custom_interface' for CMake config files
[15.288s] Level 1:colcon.colcon_core.shell:create_environment_hook('my_custom_interface', 'cmake_prefix_path')
[15.288s] INFO:colcon.colcon_core.shell:Creating environment hook '/home/boris/ros2_ws/src/install/my_custom_interface/share/my_custom_interface/hook/cmake_prefix_path.ps1'
[15.290s] INFO:colcon.colcon_core.shell:Creating environment descriptor '/home/boris/ros2_ws/src/install/my_custom_interface/share/my_custom_interface/hook/cmake_prefix_path.dsv'
[15.291s] INFO:colcon.colcon_core.shell:Creating environment hook '/home/boris/ros2_ws/src/install/my_custom_interface/share/my_custom_interface/hook/cmake_prefix_path.sh'
[15.293s] Level 1:colcon.colcon_core.environment:checking '/home/boris/ros2_ws/src/install/my_custom_interface/lib'
[15.294s] Level 1:colcon.colcon_core.shell:create_environment_hook('my_custom_interface', 'ld_library_path_lib')
[15.295s] INFO:colcon.colcon_core.shell:Creating environment hook '/home/boris/ros2_ws/src/install/my_custom_interface/share/my_custom_interface/hook/ld_library_path_lib.ps1'
[15.296s] INFO:colcon.colcon_core.shell:Creating environment descriptor '/home/boris/ros2_ws/src/install/my_custom_interface/share/my_custom_interface/hook/ld_library_path_lib.dsv'
[15.297s] INFO:colcon.colcon_core.shell:Creating environment hook '/home/boris/ros2_ws/src/install/my_custom_interface/share/my_custom_interface/hook/ld_library_path_lib.sh'
[15.299s] Level 1:colcon.colcon_core.environment:checking '/home/boris/ros2_ws/src/install/my_custom_interface/bin'
[15.299s] Level 1:colcon.colcon_core.environment:checking '/home/boris/ros2_ws/src/install/my_custom_interface/lib/pkgconfig/my_custom_interface.pc'
[15.300s] Level 1:colcon.colcon_core.environment:checking '/home/boris/ros2_ws/src/install/my_custom_interface/lib/python3.10/site-packages'
[15.301s] Level 1:colcon.colcon_core.environment:checking '/home/boris/ros2_ws/src/install/my_custom_interface/bin'
[15.302s] INFO:colcon.colcon_core.shell:Creating package script '/home/boris/ros2_ws/src/install/my_custom_interface/share/my_custom_interface/package.ps1'
[15.304s] INFO:colcon.colcon_core.shell:Creating package descriptor '/home/boris/ros2_ws/src/install/my_custom_interface/share/my_custom_interface/package.dsv'
[15.306s] INFO:colcon.colcon_core.shell:Creating package script '/home/boris/ros2_ws/src/install/my_custom_interface/share/my_custom_interface/package.sh'
[15.308s] INFO:colcon.colcon_core.shell:Creating package script '/home/boris/ros2_ws/src/install/my_custom_interface/share/my_custom_interface/package.bash'
[15.309s] INFO:colcon.colcon_core.shell:Creating package script '/home/boris/ros2_ws/src/install/my_custom_interface/share/my_custom_interface/package.zsh'
[15.310s] Level 1:colcon.colcon_core.environment:create_file_with_runtime_dependencies(/home/boris/ros2_ws/src/install/my_custom_interface/share/colcon-core/packages/my_custom_interface)
[15.312s] Level 1:colcon.colcon_core.environment:create_environment_scripts_only(my_custom_interface)
[15.313s] Level 1:colcon.colcon_core.environment:checking '/home/boris/ros2_ws/src/install/my_custom_interface' for CMake module files
[15.315s] Level 1:colcon.colcon_core.environment:checking '/home/boris/ros2_ws/src/install/my_custom_interface' for CMake config files
[15.318s] Level 1:colcon.colcon_core.shell:create_environment_hook('my_custom_interface', 'cmake_prefix_path')
[15.319s] INFO:colcon.colcon_core.shell:Creating environment hook '/home/boris/ros2_ws/src/install/my_custom_interface/share/my_custom_interface/hook/cmake_prefix_path.ps1'
[15.320s] INFO:colcon.colcon_core.shell:Creating environment descriptor '/home/boris/ros2_ws/src/install/my_custom_interface/share/my_custom_interface/hook/cmake_prefix_path.dsv'
[15.321s] INFO:colcon.colcon_core.shell:Creating environment hook '/home/boris/ros2_ws/src/install/my_custom_interface/share/my_custom_interface/hook/cmake_prefix_path.sh'
[15.323s] Level 1:colcon.colcon_core.environment:checking '/home/boris/ros2_ws/src/install/my_custom_interface/lib'
[15.324s] Level 1:colcon.colcon_core.shell:create_environment_hook('my_custom_interface', 'ld_library_path_lib')
[15.325s] INFO:colcon.colcon_core.shell:Creating environment hook '/home/boris/ros2_ws/src/install/my_custom_interface/share/my_custom_interface/hook/ld_library_path_lib.ps1'
[15.326s] INFO:colcon.colcon_core.shell:Creating environment descriptor '/home/boris/ros2_ws/src/install/my_custom_interface/share/my_custom_interface/hook/ld_library_path_lib.dsv'
[15.327s] INFO:colcon.colcon_core.shell:Creating environment hook '/home/boris/ros2_ws/src/install/my_custom_interface/share/my_custom_interface/hook/ld_library_path_lib.sh'
[15.329s] Level 1:colcon.colcon_core.environment:checking '/home/boris/ros2_ws/src/install/my_custom_interface/bin'
[15.329s] Level 1:colcon.colcon_core.environment:checking '/home/boris/ros2_ws/src/install/my_custom_interface/lib/pkgconfig/my_custom_interface.pc'
[15.330s] Level 1:colcon.colcon_core.environment:checking '/home/boris/ros2_ws/src/install/my_custom_interface/lib/python3.10/site-packages'
[15.331s] Level 1:colcon.colcon_core.environment:checking '/home/boris/ros2_ws/src/install/my_custom_interface/bin'
[15.332s] INFO:colcon.colcon_core.shell:Creating package script '/home/boris/ros2_ws/src/install/my_custom_interface/share/my_custom_interface/package.ps1'
[15.334s] INFO:colcon.colcon_core.shell:Creating package descriptor '/home/boris/ros2_ws/src/install/my_custom_interface/share/my_custom_interface/package.dsv'
[15.336s] INFO:colcon.colcon_core.shell:Creating package script '/home/boris/ros2_ws/src/install/my_custom_interface/share/my_custom_interface/package.sh'
[15.338s] INFO:colcon.colcon_core.shell:Creating package script '/home/boris/ros2_ws/src/install/my_custom_interface/share/my_custom_interface/package.bash'
[15.340s] INFO:colcon.colcon_core.shell:Creating package script '/home/boris/ros2_ws/src/install/my_custom_interface/share/my_custom_interface/package.zsh'
[15.341s] Level 1:colcon.colcon_core.environment:create_file_with_runtime_dependencies(/home/boris/ros2_ws/src/install/my_custom_interface/share/colcon-core/packages/my_custom_interface)
[15.725s] DEBUG:colcon.colcon_core.event_handler.log_command:Invoking command in '/home/boris/ros2_ws/src/my_service_server': AMENT_PREFIX_PATH=/home/boris/ros2_ws/src/install/my_service_interfaces:${AMENT_PREFIX_PATH} CMAKE_PREFIX_PATH=/home/boris/ros2_ws/src/install/my_service_interfaces LD_LIBRARY_PATH=/home/boris/ros2_ws/src/install/my_service_interfaces/lib:${LD_LIBRARY_PATH} PYTHONPATH=/home/boris/ros2_ws/src/build/my_service_server/prefix_override:/usr/lib/python3/dist-packages/colcon_core/task/python/colcon_distutils_commands:/home/boris/ros2_ws/src/install/my_service_server/lib/python3.10/site-packages:/home/boris/ros2_ws/src/install/my_service_interfaces/local/lib/python3.10/dist-packages:${PYTHONPATH} /usr/bin/python3 -W ignore:setup.py install is deprecated -W ignore:easy_install command is deprecated setup.py egg_info --egg-base ../build/my_service_server build --build-base /home/boris/ros2_ws/src/build/my_service_server/build install --record /home/boris/ros2_ws/src/build/my_service_server/install.log --single-version-externally-managed install_data
[16.011s] DEBUG:colcon.colcon_core.event_handler.log_command:Invoking command in '/home/boris/ros2_ws/src/my_service_client': AMENT_PREFIX_PATH=/home/boris/ros2_ws/src/install/my_service_interfaces:${AMENT_PREFIX_PATH} CMAKE_PREFIX_PATH=/home/boris/ros2_ws/src/install/my_service_interfaces LD_LIBRARY_PATH=/home/boris/ros2_ws/src/install/my_service_interfaces/lib:${LD_LIBRARY_PATH} PYTHONPATH=/home/boris/ros2_ws/src/build/my_service_client/prefix_override:/usr/lib/python3/dist-packages/colcon_core/task/python/colcon_distutils_commands:/home/boris/ros2_ws/src/install/my_service_client/lib/python3.10/site-packages:/home/boris/ros2_ws/src/install/my_service_interfaces/local/lib/python3.10/dist-packages:${PYTHONPATH} /usr/bin/python3 -W ignore:setup.py install is deprecated -W ignore:easy_install command is deprecated setup.py egg_info --egg-base ../build/my_service_client build --build-base /home/boris/ros2_ws/src/build/my_service_client/build install --record /home/boris/ros2_ws/src/build/my_service_client/install.log --single-version-externally-managed install_data
[16.336s] Level 1:colcon.colcon_core.environment:checking '/home/boris/ros2_ws/src/install/my_service_server' for CMake module files
[16.337s] DEBUG:colcon.colcon_core.event_handler.log_command:Invoked command in '/home/boris/ros2_ws/src/my_service_server' returned '0': AMENT_PREFIX_PATH=/home/boris/ros2_ws/src/install/my_service_interfaces:${AMENT_PREFIX_PATH} CMAKE_PREFIX_PATH=/home/boris/ros2_ws/src/install/my_service_interfaces LD_LIBRARY_PATH=/home/boris/ros2_ws/src/install/my_service_interfaces/lib:${LD_LIBRARY_PATH} PYTHONPATH=/home/boris/ros2_ws/src/build/my_service_server/prefix_override:/usr/lib/python3/dist-packages/colcon_core/task/python/colcon_distutils_commands:/home/boris/ros2_ws/src/install/my_service_server/lib/python3.10/site-packages:/home/boris/ros2_ws/src/install/my_service_interfaces/local/lib/python3.10/dist-packages:${PYTHONPATH} /usr/bin/python3 -W ignore:setup.py install is deprecated -W ignore:easy_install command is deprecated setup.py egg_info --egg-base ../build/my_service_server build --build-base /home/boris/ros2_ws/src/build/my_service_server/build install --record /home/boris/ros2_ws/src/build/my_service_server/install.log --single-version-externally-managed install_data
[16.338s] Level 1:colcon.colcon_core.environment:checking '/home/boris/ros2_ws/src/install/my_service_server' for CMake config files
[16.339s] Level 1:colcon.colcon_core.environment:checking '/home/boris/ros2_ws/src/install/my_service_server/lib'
[16.339s] Level 1:colcon.colcon_core.environment:checking '/home/boris/ros2_ws/src/install/my_service_server/bin'
[16.339s] Level 1:colcon.colcon_core.environment:checking '/home/boris/ros2_ws/src/install/my_service_server/lib/pkgconfig/my_service_server.pc'
[16.340s] Level 1:colcon.colcon_core.environment:checking '/home/boris/ros2_ws/src/install/my_service_server/lib/python3.10/site-packages'
[16.340s] Level 1:colcon.colcon_core.shell:create_environment_hook('my_service_server', 'pythonpath')
[16.340s] INFO:colcon.colcon_core.shell:Creating environment hook '/home/boris/ros2_ws/src/install/my_service_server/share/my_service_server/hook/pythonpath.ps1'
[16.341s] INFO:colcon.colcon_core.shell:Creating environment descriptor '/home/boris/ros2_ws/src/install/my_service_server/share/my_service_server/hook/pythonpath.dsv'
[16.342s] INFO:colcon.colcon_core.shell:Creating environment hook '/home/boris/ros2_ws/src/install/my_service_server/share/my_service_server/hook/pythonpath.sh'
[16.343s] Level 1:colcon.colcon_core.environment:checking '/home/boris/ros2_ws/src/install/my_service_server/bin'
[16.343s] Level 1:colcon.colcon_core.environment:create_environment_scripts_only(my_service_server)
[16.344s] INFO:colcon.colcon_core.shell:Creating package script '/home/boris/ros2_ws/src/install/my_service_server/share/my_service_server/package.ps1'
[16.345s] INFO:colcon.colcon_core.shell:Creating package descriptor '/home/boris/ros2_ws/src/install/my_service_server/share/my_service_server/package.dsv'
[16.345s] INFO:colcon.colcon_core.shell:Creating package script '/home/boris/ros2_ws/src/install/my_service_server/share/my_service_server/package.sh'
[16.346s] INFO:colcon.colcon_core.shell:Creating package script '/home/boris/ros2_ws/src/install/my_service_server/share/my_service_server/package.bash'
[16.347s] INFO:colcon.colcon_core.shell:Creating package script '/home/boris/ros2_ws/src/install/my_service_server/share/my_service_server/package.zsh'
[16.347s] Level 1:colcon.colcon_core.environment:create_file_with_runtime_dependencies(/home/boris/ros2_ws/src/install/my_service_server/share/colcon-core/packages/my_service_server)
[16.692s] Level 1:colcon.colcon_core.environment:checking '/home/boris/ros2_ws/src/install/my_service_client' for CMake module files
[16.695s] DEBUG:colcon.colcon_core.event_handler.log_command:Invoked command in '/home/boris/ros2_ws/src/my_service_client' returned '0': AMENT_PREFIX_PATH=/home/boris/ros2_ws/src/install/my_service_interfaces:${AMENT_PREFIX_PATH} CMAKE_PREFIX_PATH=/home/boris/ros2_ws/src/install/my_service_interfaces LD_LIBRARY_PATH=/home/boris/ros2_ws/src/install/my_service_interfaces/lib:${LD_LIBRARY_PATH} PYTHONPATH=/home/boris/ros2_ws/src/build/my_service_client/prefix_override:/usr/lib/python3/dist-packages/colcon_core/task/python/colcon_distutils_commands:/home/boris/ros2_ws/src/install/my_service_client/lib/python3.10/site-packages:/home/boris/ros2_ws/src/install/my_service_interfaces/local/lib/python3.10/dist-packages:${PYTHONPATH} /usr/bin/python3 -W ignore:setup.py install is deprecated -W ignore:easy_install command is deprecated setup.py egg_info --egg-base ../build/my_service_client build --build-base /home/boris/ros2_ws/src/build/my_service_client/build install --record /home/boris/ros2_ws/src/build/my_service_client/install.log --single-version-externally-managed install_data
[16.696s] Level 1:colcon.colcon_core.environment:checking '/home/boris/ros2_ws/src/install/my_service_client' for CMake config files
[16.697s] Level 1:colcon.colcon_core.environment:checking '/home/boris/ros2_ws/src/install/my_service_client/lib'
[16.697s] Level 1:colcon.colcon_core.environment:checking '/home/boris/ros2_ws/src/install/my_service_client/bin'
[16.697s] Level 1:colcon.colcon_core.environment:checking '/home/boris/ros2_ws/src/install/my_service_client/lib/pkgconfig/my_service_client.pc'
[16.698s] Level 1:colcon.colcon_core.environment:checking '/home/boris/ros2_ws/src/install/my_service_client/lib/python3.10/site-packages'
[16.698s] Level 1:colcon.colcon_core.shell:create_environment_hook('my_service_client', 'pythonpath')
[16.698s] INFO:colcon.colcon_core.shell:Creating environment hook '/home/boris/ros2_ws/src/install/my_service_client/share/my_service_client/hook/pythonpath.ps1'
[16.699s] INFO:colcon.colcon_core.shell:Creating environment descriptor '/home/boris/ros2_ws/src/install/my_service_client/share/my_service_client/hook/pythonpath.dsv'
[16.700s] INFO:colcon.colcon_core.shell:Creating environment hook '/home/boris/ros2_ws/src/install/my_service_client/share/my_service_client/hook/pythonpath.sh'
[16.702s] Level 1:colcon.colcon_core.environment:checking '/home/boris/ros2_ws/src/install/my_service_client/bin'
[16.702s] Level 1:colcon.colcon_core.environment:create_environment_scripts_only(my_service_client)
[16.703s] INFO:colcon.colcon_core.shell:Creating package script '/home/boris/ros2_ws/src/install/my_service_client/share/my_service_client/package.ps1'
[16.704s] INFO:colcon.colcon_core.shell:Creating package descriptor '/home/boris/ros2_ws/src/install/my_service_client/share/my_service_client/package.dsv'
[16.704s] INFO:colcon.colcon_core.shell:Creating package script '/home/boris/ros2_ws/src/install/my_service_client/share/my_service_client/package.sh'
[16.705s] INFO:colcon.colcon_core.shell:Creating package script '/home/boris/ros2_ws/src/install/my_service_client/share/my_service_client/package.bash'
[16.706s] INFO:colcon.colcon_core.shell:Creating package script '/home/boris/ros2_ws/src/install/my_service_client/share/my_service_client/package.zsh'
[16.707s] Level 1:colcon.colcon_core.environment:create_file_with_runtime_dependencies(/home/boris/ros2_ws/src/install/my_service_client/share/colcon-core/packages/my_service_client)
[16.868s] DEBUG:colcon.colcon_core.event_handler.log_command:Invoked command in '/home/boris/ros2_ws/src/build/my_action_interface' returned '0': CMAKE_PREFIX_PATH=/opt/ros/humble /usr/bin/cmake --build /home/boris/ros2_ws/src/build/my_action_interface -- -j8 -l8
[16.872s] DEBUG:colcon.colcon_core.event_handler.log_command:Invoking command in '/home/boris/ros2_ws/src/build/my_action_interface': CMAKE_PREFIX_PATH=/opt/ros/humble /usr/bin/cmake --install /home/boris/ros2_ws/src/build/my_action_interface
[17.010s] Level 1:colcon.colcon_core.environment:create_environment_scripts_only(my_action_interface)
[17.010s] Level 1:colcon.colcon_core.environment:checking '/home/boris/ros2_ws/src/install/my_action_interface' for CMake module files
[17.011s] DEBUG:colcon.colcon_core.event_handler.log_command:Invoked command in '/home/boris/ros2_ws/src/build/my_action_interface' returned '0': CMAKE_PREFIX_PATH=/opt/ros/humble /usr/bin/cmake --install /home/boris/ros2_ws/src/build/my_action_interface
[17.012s] Level 1:colcon.colcon_core.environment:checking '/home/boris/ros2_ws/src/install/my_action_interface' for CMake config files
[17.013s] Level 1:colcon.colcon_core.shell:create_environment_hook('my_action_interface', 'cmake_prefix_path')
[17.014s] INFO:colcon.colcon_core.shell:Creating environment hook '/home/boris/ros2_ws/src/install/my_action_interface/share/my_action_interface/hook/cmake_prefix_path.ps1'
[17.015s] INFO:colcon.colcon_core.shell:Creating environment descriptor '/home/boris/ros2_ws/src/install/my_action_interface/share/my_action_interface/hook/cmake_prefix_path.dsv'
[17.015s] INFO:colcon.colcon_core.shell:Creating environment hook '/home/boris/ros2_ws/src/install/my_action_interface/share/my_action_interface/hook/cmake_prefix_path.sh'
[17.016s] Level 1:colcon.colcon_core.environment:checking '/home/boris/ros2_ws/src/install/my_action_interface/lib'
[17.017s] Level 1:colcon.colcon_core.shell:create_environment_hook('my_action_interface', 'ld_library_path_lib')
[17.017s] INFO:colcon.colcon_core.shell:Creating environment hook '/home/boris/ros2_ws/src/install/my_action_interface/share/my_action_interface/hook/ld_library_path_lib.ps1'
[17.018s] INFO:colcon.colcon_core.shell:Creating environment descriptor '/home/boris/ros2_ws/src/install/my_action_interface/share/my_action_interface/hook/ld_library_path_lib.dsv'
[17.019s] INFO:colcon.colcon_core.shell:Creating environment hook '/home/boris/ros2_ws/src/install/my_action_interface/share/my_action_interface/hook/ld_library_path_lib.sh'
[17.021s] Level 1:colcon.colcon_core.environment:checking '/home/boris/ros2_ws/src/install/my_action_interface/bin'
[17.021s] Level 1:colcon.colcon_core.environment:checking '/home/boris/ros2_ws/src/install/my_action_interface/lib/pkgconfig/my_action_interface.pc'
[17.022s] Level 1:colcon.colcon_core.environment:checking '/home/boris/ros2_ws/src/install/my_action_interface/lib/python3.10/site-packages'
[17.023s] Level 1:colcon.colcon_core.environment:checking '/home/boris/ros2_ws/src/install/my_action_interface/bin'
[17.024s] INFO:colcon.colcon_core.shell:Creating package script '/home/boris/ros2_ws/src/install/my_action_interface/share/my_action_interface/package.ps1'
[17.025s] INFO:colcon.colcon_core.shell:Creating package descriptor '/home/boris/ros2_ws/src/install/my_action_interface/share/my_action_interface/package.dsv'
[17.025s] INFO:colcon.colcon_core.shell:Creating package script '/home/boris/ros2_ws/src/install/my_action_interface/share/my_action_interface/package.sh'
[17.026s] INFO:colcon.colcon_core.shell:Creating package script '/home/boris/ros2_ws/src/install/my_action_interface/share/my_action_interface/package.bash'
[17.027s] INFO:colcon.colcon_core.shell:Creating package script '/home/boris/ros2_ws/src/install/my_action_interface/share/my_action_interface/package.zsh'
[17.027s] Level 1:colcon.colcon_core.environment:create_file_with_runtime_dependencies(/home/boris/ros2_ws/src/install/my_action_interface/share/colcon-core/packages/my_action_interface)
[17.029s] Level 1:colcon.colcon_core.environment:create_environment_scripts_only(my_action_interface)
[17.029s] Level 1:colcon.colcon_core.environment:checking '/home/boris/ros2_ws/src/install/my_action_interface' for CMake module files
[17.030s] Level 1:colcon.colcon_core.environment:checking '/home/boris/ros2_ws/src/install/my_action_interface' for CMake config files
[17.031s] Level 1:colcon.colcon_core.shell:create_environment_hook('my_action_interface', 'cmake_prefix_path')
[17.031s] INFO:colcon.colcon_core.shell:Creating environment hook '/home/boris/ros2_ws/src/install/my_action_interface/share/my_action_interface/hook/cmake_prefix_path.ps1'
[17.032s] INFO:colcon.colcon_core.shell:Creating environment descriptor '/home/boris/ros2_ws/src/install/my_action_interface/share/my_action_interface/hook/cmake_prefix_path.dsv'
[17.033s] INFO:colcon.colcon_core.shell:Creating environment hook '/home/boris/ros2_ws/src/install/my_action_interface/share/my_action_interface/hook/cmake_prefix_path.sh'
[17.034s] Level 1:colcon.colcon_core.environment:checking '/home/boris/ros2_ws/src/install/my_action_interface/lib'
[17.034s] Level 1:colcon.colcon_core.shell:create_environment_hook('my_action_interface', 'ld_library_path_lib')
[17.034s] INFO:colcon.colcon_core.shell:Creating environment hook '/home/boris/ros2_ws/src/install/my_action_interface/share/my_action_interface/hook/ld_library_path_lib.ps1'
[17.035s] INFO:colcon.colcon_core.shell:Creating environment descriptor '/home/boris/ros2_ws/src/install/my_action_interface/share/my_action_interface/hook/ld_library_path_lib.dsv'
[17.035s] INFO:colcon.colcon_core.shell:Creating environment hook '/home/boris/ros2_ws/src/install/my_action_interface/share/my_action_interface/hook/ld_library_path_lib.sh'
[17.036s] Level 1:colcon.colcon_core.environment:checking '/home/boris/ros2_ws/src/install/my_action_interface/bin'
[17.036s] Level 1:colcon.colcon_core.environment:checking '/home/boris/ros2_ws/src/install/my_action_interface/lib/pkgconfig/my_action_interface.pc'
[17.037s] Level 1:colcon.colcon_core.environment:checking '/home/boris/ros2_ws/src/install/my_action_interface/lib/python3.10/site-packages'
[17.037s] Level 1:colcon.colcon_core.environment:checking '/home/boris/ros2_ws/src/install/my_action_interface/bin'
[17.038s] INFO:colcon.colcon_core.shell:Creating package script '/home/boris/ros2_ws/src/install/my_action_interface/share/my_action_interface/package.ps1'
[17.039s] INFO:colcon.colcon_core.shell:Creating package descriptor '/home/boris/ros2_ws/src/install/my_action_interface/share/my_action_interface/package.dsv'
[17.040s] INFO:colcon.colcon_core.shell:Creating package script '/home/boris/ros2_ws/src/install/my_action_interface/share/my_action_interface/package.sh'
[17.041s] INFO:colcon.colcon_core.shell:Creating package script '/home/boris/ros2_ws/src/install/my_action_interface/share/my_action_interface/package.bash'
[17.042s] INFO:colcon.colcon_core.shell:Creating package script '/home/boris/ros2_ws/src/install/my_action_interface/share/my_action_interface/package.zsh'
[17.042s] Level 1:colcon.colcon_core.environment:create_file_with_runtime_dependencies(/home/boris/ros2_ws/src/install/my_action_interface/share/colcon-core/packages/my_action_interface)
[17.043s] DEBUG:colcon.colcon_parallel_executor.executor.parallel:closing loop
[17.043s] DEBUG:colcon.colcon_parallel_executor.executor.parallel:loop closed
[17.043s] DEBUG:colcon.colcon_parallel_executor.executor.parallel:run_until_complete finished with '0'
[17.043s] DEBUG:colcon.colcon_core.event_reactor:joining thread
[17.055s] INFO:colcon.colcon_core.plugin_system:Skipping extension 'colcon_notification.desktop_notification.notify_send': Could not find 'notify-send'
[17.055s] INFO:colcon.colcon_core.plugin_system:Skipping extension 'colcon_notification.desktop_notification.terminal_notifier': Not used on non-Darwin systems
[17.056s] INFO:colcon.colcon_core.plugin_system:Skipping extension 'colcon_notification.desktop_notification.win32': Not used on non-Windows systems
[17.056s] INFO:colcon.colcon_notification.desktop_notification:Sending desktop notification using 'notify2'
[17.113s] DEBUG:colcon.colcon_core.event_reactor:joined thread
[17.114s] INFO:colcon.colcon_core.shell:Creating prefix script '/home/boris/ros2_ws/src/install/local_setup.ps1'
[17.117s] INFO:colcon.colcon_core.shell:Creating prefix util module '/home/boris/ros2_ws/src/install/_local_setup_util_ps1.py'
[17.123s] INFO:colcon.colcon_core.shell:Creating prefix chain script '/home/boris/ros2_ws/src/install/setup.ps1'
[17.126s] INFO:colcon.colcon_core.shell:Creating prefix script '/home/boris/ros2_ws/src/install/local_setup.sh'
[17.128s] INFO:colcon.colcon_core.shell:Creating prefix util module '/home/boris/ros2_ws/src/install/_local_setup_util_sh.py'
[17.130s] INFO:colcon.colcon_core.shell:Creating prefix chain script '/home/boris/ros2_ws/src/install/setup.sh'
[17.133s] INFO:colcon.colcon_core.shell:Creating prefix script '/home/boris/ros2_ws/src/install/local_setup.bash'
[17.135s] INFO:colcon.colcon_core.shell:Creating prefix chain script '/home/boris/ros2_ws/src/install/setup.bash'
[17.138s] INFO:colcon.colcon_core.shell:Creating prefix script '/home/boris/ros2_ws/src/install/local_setup.zsh'
[17.140s] INFO:colcon.colcon_core.shell:Creating prefix chain script '/home/boris/ros2_ws/src/install/setup.zsh'
