[1.218s] Invoking command in '/home/boris/ros2_ws/src/build/my_custom_interface': CMAKE_PREFIX_PATH=/opt/ros/humble /usr/bin/cmake /home/boris/ros2_ws/src/my_custom_interface -DCMAKE_INSTALL_PREFIX=/home/boris/ros2_ws/src/install/my_custom_interface
[2.304s] -- The C compiler identification is GNU 11.4.0
[2.304s] -- The CXX compiler identification is GNU 11.4.0
[2.304s] -- Detecting C compiler ABI info
[2.304s] -- Detecting C compiler ABI info - done
[2.305s] -- Check for working C compiler: /usr/bin/cc - skipped
[2.305s] -- Detecting C compile features
[2.305s] -- Detecting C compile features - done
[2.305s] -- Detecting CXX compiler ABI info
[2.306s] -- Detecting CXX compiler ABI info - done
[2.306s] -- Check for working CXX compiler: /usr/bin/c++ - skipped
[2.306s] -- Detecting CXX compile features
[2.307s] -- Detecting CXX compile features - done
[2.307s] -- Found ament_cmake: 1.3.12 (/opt/ros/humble/share/ament_cmake/cmake)
[2.307s] -- Found Python3: /usr/bin/python3 (found version "3.10.12") found components: Interpreter 
[2.442s] -- Found rosidl_default_generators: 1.2.0 (/opt/ros/humble/share/rosidl_default_generators/cmake)
[2.452s] -- Using all available rosidl_typesupport_c: rosidl_typesupport_fastrtps_c;rosidl_typesupport_introspection_c
[2.473s] -- Found rosidl_adapter: 3.1.7 (/opt/ros/humble/share/rosidl_adapter/cmake)
[2.624s] -- Using all available rosidl_typesupport_cpp: rosidl_typesupport_fastrtps_cpp;rosidl_typesupport_introspection_cpp
[3.432s] -- Found ament_cmake_ros: 0.10.0 (/opt/ros/humble/share/ament_cmake_ros/cmake)
[4.100s] -- Using all available rosidl_typesupport_c: rosidl_typesupport_fastrtps_c;rosidl_typesupport_introspection_c
[5.241s] -- Using all available rosidl_typesupport_cpp: rosidl_typesupport_fastrtps_cpp;rosidl_typesupport_introspection_cpp
[5.323s] -- Found PythonInterp: /usr/bin/python3 (found suitable version "3.10.12", minimum required is "3.6") 
[5.324s] -- Found python_cmake_module: 0.10.0 (/opt/ros/humble/share/python_cmake_module/cmake)
[5.414s] -- Found PythonLibs: /usr/lib/x86_64-linux-gnu/libpython3.10.so (found suitable version "3.10.12", minimum required is "3.5") 
[5.414s] -- Using PYTHON_EXECUTABLE: /usr/bin/python3
[5.415s] -- Using PYTHON_INCLUDE_DIRS: /usr/include/python3.10
[5.415s] -- Using PYTHON_LIBRARIES: /usr/lib/x86_64-linux-gnu/libpython3.10.so
[5.488s] -- Found PythonExtra: .so  
[5.569s] -- Found ament_lint_auto: 0.12.14 (/opt/ros/humble/share/ament_lint_auto/cmake)
[5.613s] -- Added test 'lint_cmake' to check CMake code style
[5.614s] -- Added test 'xmllint' to check XML markup files
[5.614s] -- Configuring done
[5.805s] -- Generating done
[5.894s] -- Build files have been written to: /home/boris/ros2_ws/src/build/my_custom_interface
[5.930s] Invoked command in '/home/boris/ros2_ws/src/build/my_custom_interface' returned '0': CMAKE_PREFIX_PATH=/opt/ros/humble /usr/bin/cmake /home/boris/ros2_ws/src/my_custom_interface -DCMAKE_INSTALL_PREFIX=/home/boris/ros2_ws/src/install/my_custom_interface
[5.938s] Invoking command in '/home/boris/ros2_ws/src/build/my_custom_interface': CMAKE_PREFIX_PATH=/opt/ros/humble /usr/bin/cmake --build /home/boris/ros2_ws/src/build/my_custom_interface -- -j8 -l8
[6.168s] [  3%] [34m[1mGenerating C code for ROS interfaces[0m
[6.193s] [  6%] [34m[1mGenerating C++ code for ROS interfaces[0m
[6.323s] [  6%] Built target ament_cmake_python_copy_my_custom_interface
[7.420s] [  6%] Built target my_custom_interface__cpp
[7.480s] [  9%] [34m[1mGenerating C++ type support for eProsima Fast-RTPS[0m
[7.481s] [ 12%] [34m[1mGenerating C++ type support dispatch for ROS interfaces[0m
[7.509s] [ 16%] [34m[1mGenerating C++ introspection for ROS interfaces[0m
[7.744s] [ 19%] [32mBuilding C object CMakeFiles/my_custom_interface__rosidl_generator_c.dir/rosidl_generator_c/my_custom_interface/msg/detail/numbers__functions.c.o[0m
[7.812s] running egg_info
[7.818s] creating my_custom_interface.egg-info
[7.821s] writing my_custom_interface.egg-info/PKG-INFO
[7.821s] writing dependency_links to my_custom_interface.egg-info/dependency_links.txt
[7.822s] writing top-level names to my_custom_interface.egg-info/top_level.txt
[7.822s] writing manifest file 'my_custom_interface.egg-info/SOURCES.txt'
[7.833s] reading manifest file 'my_custom_interface.egg-info/SOURCES.txt'
[7.833s] writing manifest file 'my_custom_interface.egg-info/SOURCES.txt'
[7.980s] [ 19%] Built target ament_cmake_python_build_my_custom_interface_egg
[8.047s] [ 22%] [32m[1mLinking C shared library libmy_custom_interface__rosidl_generator_c.so[0m
[8.237s] [ 22%] Built target my_custom_interface__rosidl_generator_c
[8.289s] [ 25%] [34m[1mGenerating C type support dispatch for ROS interfaces[0m
[8.315s] [ 29%] [34m[1mGenerating C type support for eProsima Fast-RTPS[0m
[8.320s] [ 32%] [34m[1mGenerating C introspection for ROS interfaces[0m
[8.464s] [ 35%] [32mBuilding CXX object CMakeFiles/my_custom_interface__rosidl_typesupport_introspection_cpp.dir/rosidl_typesupport_introspection_cpp/my_custom_interface/msg/detail/numbers__type_support.cpp.o[0m
[8.785s] [ 38%] [32mBuilding CXX object CMakeFiles/my_custom_interface__rosidl_typesupport_cpp.dir/rosidl_typesupport_cpp/my_custom_interface/msg/numbers__type_support.cpp.o[0m
[9.327s] [ 41%] [32mBuilding CXX object CMakeFiles/my_custom_interface__rosidl_typesupport_fastrtps_c.dir/rosidl_typesupport_fastrtps_c/my_custom_interface/msg/detail/numbers__type_support_c.cpp.o[0m
[9.428s] [ 45%] [32mBuilding CXX object CMakeFiles/my_custom_interface__rosidl_typesupport_fastrtps_cpp.dir/rosidl_typesupport_fastrtps_cpp/my_custom_interface/msg/detail/dds_fastrtps/numbers__type_support.cpp.o[0m
[9.582s] [ 48%] [32mBuilding C object CMakeFiles/my_custom_interface__rosidl_typesupport_introspection_c.dir/rosidl_typesupport_introspection_c/my_custom_interface/msg/detail/numbers__type_support.c.o[0m
[9.618s] [ 51%] [32mBuilding CXX object CMakeFiles/my_custom_interface__rosidl_typesupport_c.dir/rosidl_typesupport_c/my_custom_interface/msg/numbers__type_support.cpp.o[0m
[9.752s] [ 54%] [32m[1mLinking CXX shared library libmy_custom_interface__rosidl_typesupport_c.so[0m
[9.774s] [ 58%] [32m[1mLinking C shared library libmy_custom_interface__rosidl_typesupport_introspection_c.so[0m
[9.951s] [ 58%] Built target my_custom_interface__rosidl_typesupport_introspection_c
[9.973s] [ 58%] Built target my_custom_interface__rosidl_typesupport_c
[10.523s] [ 61%] [32m[1mLinking CXX shared library libmy_custom_interface__rosidl_typesupport_cpp.so[0m
[10.754s] [ 61%] Built target my_custom_interface__rosidl_typesupport_cpp
[10.995s] [ 64%] [32m[1mLinking CXX shared library libmy_custom_interface__rosidl_typesupport_fastrtps_c.so[0m
[11.037s] [ 67%] [32m[1mLinking CXX shared library libmy_custom_interface__rosidl_typesupport_introspection_cpp.so[0m
[11.259s] [ 67%] Built target my_custom_interface__rosidl_typesupport_introspection_cpp
[11.352s] [ 67%] Built target my_custom_interface__rosidl_typesupport_fastrtps_c
[11.569s] [ 70%] [32m[1mLinking CXX shared library libmy_custom_interface__rosidl_typesupport_fastrtps_cpp.so[0m
[11.793s] [ 70%] Built target my_custom_interface__rosidl_typesupport_fastrtps_cpp
[11.865s] [ 70%] Built target my_custom_interface
[11.946s] [ 74%] [34m[1mGenerating Python code for ROS interfaces[0m
[13.023s] [ 74%] Built target my_custom_interface__py
[13.076s] [ 77%] [32mBuilding C object CMakeFiles/my_custom_interface__rosidl_generator_py.dir/rosidl_generator_py/my_custom_interface/msg/_numbers_s.c.o[0m
[13.282s] [ 80%] [32m[1mLinking C shared library rosidl_generator_py/my_custom_interface/libmy_custom_interface__rosidl_generator_py.so[0m
[13.385s] [ 80%] Built target my_custom_interface__rosidl_generator_py
[13.449s] [ 90%] [32mBuilding C object CMakeFiles/my_custom_interface__rosidl_typesupport_c__pyext.dir/rosidl_generator_py/my_custom_interface/_my_custom_interface_s.ep.rosidl_typesupport_c.c.o[0m
[13.449s] [ 90%] [32mBuilding C object CMakeFiles/my_custom_interface__rosidl_typesupport_fastrtps_c__pyext.dir/rosidl_generator_py/my_custom_interface/_my_custom_interface_s.ep.rosidl_typesupport_fastrtps_c.c.o[0m
[13.450s] [ 90%] [32mBuilding C object CMakeFiles/my_custom_interface__rosidl_typesupport_introspection_c__pyext.dir/rosidl_generator_py/my_custom_interface/_my_custom_interface_s.ep.rosidl_typesupport_introspection_c.c.o[0m
[13.705s] [ 93%] [32m[1mLinking C shared library rosidl_generator_py/my_custom_interface/my_custom_interface_s__rosidl_typesupport_introspection_c.cpython-310-x86_64-linux-gnu.so[0m
[13.756s] [ 96%] [32m[1mLinking C shared library rosidl_generator_py/my_custom_interface/my_custom_interface_s__rosidl_typesupport_c.cpython-310-x86_64-linux-gnu.so[0m
[13.767s] [100%] [32m[1mLinking C shared library rosidl_generator_py/my_custom_interface/my_custom_interface_s__rosidl_typesupport_fastrtps_c.cpython-310-x86_64-linux-gnu.so[0m
[13.773s] [100%] Built target my_custom_interface__rosidl_typesupport_introspection_c__pyext
[13.836s] [100%] Built target my_custom_interface__rosidl_typesupport_fastrtps_c__pyext
[13.849s] [100%] Built target my_custom_interface__rosidl_typesupport_c__pyext
[14.287s] Invoked command in '/home/boris/ros2_ws/src/build/my_custom_interface' returned '0': CMAKE_PREFIX_PATH=/opt/ros/humble /usr/bin/cmake --build /home/boris/ros2_ws/src/build/my_custom_interface -- -j8 -l8
[14.292s] Invoking command in '/home/boris/ros2_ws/src/build/my_custom_interface': CMAKE_PREFIX_PATH=/opt/ros/humble /usr/bin/cmake --install /home/boris/ros2_ws/src/build/my_custom_interface
[14.317s] -- Install configuration: ""
[14.318s] -- Installing: /home/boris/ros2_ws/src/install/my_custom_interface/share/ament_index/resource_index/rosidl_interfaces/my_custom_interface
[14.319s] -- Installing: /home/boris/ros2_ws/src/install/my_custom_interface/include/my_custom_interface/my_custom_interface
[14.319s] -- Installing: /home/boris/ros2_ws/src/install/my_custom_interface/include/my_custom_interface/my_custom_interface/msg
[14.320s] -- Installing: /home/boris/ros2_ws/src/install/my_custom_interface/include/my_custom_interface/my_custom_interface/msg/detail
[14.320s] -- Installing: /home/boris/ros2_ws/src/install/my_custom_interface/include/my_custom_interface/my_custom_interface/msg/detail/numbers__struct.h
[14.320s] -- Installing: /home/boris/ros2_ws/src/install/my_custom_interface/include/my_custom_interface/my_custom_interface/msg/detail/numbers__functions.c
[14.321s] -- Installing: /home/boris/ros2_ws/src/install/my_custom_interface/include/my_custom_interface/my_custom_interface/msg/detail/numbers__type_support.h
[14.321s] -- Installing: /home/boris/ros2_ws/src/install/my_custom_interface/include/my_custom_interface/my_custom_interface/msg/detail/numbers__functions.h
[14.321s] -- Installing: /home/boris/ros2_ws/src/install/my_custom_interface/include/my_custom_interface/my_custom_interface/msg/rosidl_generator_c__visibility_control.h
[14.322s] -- Installing: /home/boris/ros2_ws/src/install/my_custom_interface/include/my_custom_interface/my_custom_interface/msg/numbers.h
[14.323s] -- Installing: /home/boris/ros2_ws/src/install/my_custom_interface/share/my_custom_interface/environment/library_path.sh
[14.323s] -- Installing: /home/boris/ros2_ws/src/install/my_custom_interface/share/my_custom_interface/environment/library_path.dsv
[14.324s] -- Installing: /home/boris/ros2_ws/src/install/my_custom_interface/lib/libmy_custom_interface__rosidl_generator_c.so
[14.325s] -- Set runtime path of "/home/boris/ros2_ws/src/install/my_custom_interface/lib/libmy_custom_interface__rosidl_generator_c.so" to ""
[14.326s] -- Up-to-date: /home/boris/ros2_ws/src/install/my_custom_interface/include/my_custom_interface/my_custom_interface
[14.326s] -- Up-to-date: /home/boris/ros2_ws/src/install/my_custom_interface/include/my_custom_interface/my_custom_interface/msg
[14.326s] -- Up-to-date: /home/boris/ros2_ws/src/install/my_custom_interface/include/my_custom_interface/my_custom_interface/msg/detail
[14.327s] -- Installing: /home/boris/ros2_ws/src/install/my_custom_interface/include/my_custom_interface/my_custom_interface/msg/detail/numbers__rosidl_typesupport_fastrtps_c.h
[14.327s] -- Installing: /home/boris/ros2_ws/src/install/my_custom_interface/include/my_custom_interface/my_custom_interface/msg/rosidl_typesupport_fastrtps_c__visibility_control.h
[14.328s] -- Installing: /home/boris/ros2_ws/src/install/my_custom_interface/lib/libmy_custom_interface__rosidl_typesupport_fastrtps_c.so
[14.329s] -- Set runtime path of "/home/boris/ros2_ws/src/install/my_custom_interface/lib/libmy_custom_interface__rosidl_typesupport_fastrtps_c.so" to ""
[14.329s] -- Up-to-date: /home/boris/ros2_ws/src/install/my_custom_interface/include/my_custom_interface/my_custom_interface
[14.330s] -- Up-to-date: /home/boris/ros2_ws/src/install/my_custom_interface/include/my_custom_interface/my_custom_interface/msg
[14.330s] -- Installing: /home/boris/ros2_ws/src/install/my_custom_interface/include/my_custom_interface/my_custom_interface/msg/rosidl_typesupport_introspection_c__visibility_control.h
[14.331s] -- Up-to-date: /home/boris/ros2_ws/src/install/my_custom_interface/include/my_custom_interface/my_custom_interface/msg/detail
[14.331s] -- Installing: /home/boris/ros2_ws/src/install/my_custom_interface/include/my_custom_interface/my_custom_interface/msg/detail/numbers__rosidl_typesupport_introspection_c.h
[14.331s] -- Installing: /home/boris/ros2_ws/src/install/my_custom_interface/include/my_custom_interface/my_custom_interface/msg/detail/numbers__type_support.c
[14.331s] -- Installing: /home/boris/ros2_ws/src/install/my_custom_interface/lib/libmy_custom_interface__rosidl_typesupport_introspection_c.so
[14.332s] -- Set runtime path of "/home/boris/ros2_ws/src/install/my_custom_interface/lib/libmy_custom_interface__rosidl_typesupport_introspection_c.so" to ""
[14.332s] -- Installing: /home/boris/ros2_ws/src/install/my_custom_interface/lib/libmy_custom_interface__rosidl_typesupport_c.so
[14.333s] -- Set runtime path of "/home/boris/ros2_ws/src/install/my_custom_interface/lib/libmy_custom_interface__rosidl_typesupport_c.so" to ""
[14.334s] -- Up-to-date: /home/boris/ros2_ws/src/install/my_custom_interface/include/my_custom_interface/my_custom_interface
[14.334s] -- Up-to-date: /home/boris/ros2_ws/src/install/my_custom_interface/include/my_custom_interface/my_custom_interface/msg
[14.334s] -- Installing: /home/boris/ros2_ws/src/install/my_custom_interface/include/my_custom_interface/my_custom_interface/msg/numbers.hpp
[14.335s] -- Up-to-date: /home/boris/ros2_ws/src/install/my_custom_interface/include/my_custom_interface/my_custom_interface/msg/detail
[14.335s] -- Installing: /home/boris/ros2_ws/src/install/my_custom_interface/include/my_custom_interface/my_custom_interface/msg/detail/numbers__struct.hpp
[14.336s] -- Installing: /home/boris/ros2_ws/src/install/my_custom_interface/include/my_custom_interface/my_custom_interface/msg/detail/numbers__type_support.hpp
[14.336s] -- Installing: /home/boris/ros2_ws/src/install/my_custom_interface/include/my_custom_interface/my_custom_interface/msg/detail/numbers__traits.hpp
[14.336s] -- Installing: /home/boris/ros2_ws/src/install/my_custom_interface/include/my_custom_interface/my_custom_interface/msg/detail/numbers__builder.hpp
[14.337s] -- Installing: /home/boris/ros2_ws/src/install/my_custom_interface/include/my_custom_interface/my_custom_interface/msg/rosidl_generator_cpp__visibility_control.hpp
[14.337s] -- Up-to-date: /home/boris/ros2_ws/src/install/my_custom_interface/include/my_custom_interface/my_custom_interface
[14.338s] -- Up-to-date: /home/boris/ros2_ws/src/install/my_custom_interface/include/my_custom_interface/my_custom_interface/msg
[14.338s] -- Up-to-date: /home/boris/ros2_ws/src/install/my_custom_interface/include/my_custom_interface/my_custom_interface/msg/detail
[14.338s] -- Installing: /home/boris/ros2_ws/src/install/my_custom_interface/include/my_custom_interface/my_custom_interface/msg/detail/numbers__rosidl_typesupport_fastrtps_cpp.hpp
[14.339s] -- Installing: /home/boris/ros2_ws/src/install/my_custom_interface/include/my_custom_interface/my_custom_interface/msg/detail/dds_fastrtps
[14.339s] -- Installing: /home/boris/ros2_ws/src/install/my_custom_interface/include/my_custom_interface/my_custom_interface/msg/rosidl_typesupport_fastrtps_cpp__visibility_control.h
[14.339s] -- Installing: /home/boris/ros2_ws/src/install/my_custom_interface/lib/libmy_custom_interface__rosidl_typesupport_fastrtps_cpp.so
[14.340s] -- Set runtime path of "/home/boris/ros2_ws/src/install/my_custom_interface/lib/libmy_custom_interface__rosidl_typesupport_fastrtps_cpp.so" to ""
[14.340s] -- Up-to-date: /home/boris/ros2_ws/src/install/my_custom_interface/include/my_custom_interface/my_custom_interface
[14.340s] -- Up-to-date: /home/boris/ros2_ws/src/install/my_custom_interface/include/my_custom_interface/my_custom_interface/msg
[14.341s] -- Up-to-date: /home/boris/ros2_ws/src/install/my_custom_interface/include/my_custom_interface/my_custom_interface/msg/detail
[14.341s] -- Installing: /home/boris/ros2_ws/src/install/my_custom_interface/include/my_custom_interface/my_custom_interface/msg/detail/numbers__rosidl_typesupport_introspection_cpp.hpp
[14.341s] -- Installing: /home/boris/ros2_ws/src/install/my_custom_interface/include/my_custom_interface/my_custom_interface/msg/detail/numbers__type_support.cpp
[14.342s] -- Installing: /home/boris/ros2_ws/src/install/my_custom_interface/lib/libmy_custom_interface__rosidl_typesupport_introspection_cpp.so
[14.342s] -- Set runtime path of "/home/boris/ros2_ws/src/install/my_custom_interface/lib/libmy_custom_interface__rosidl_typesupport_introspection_cpp.so" to ""
[14.343s] -- Installing: /home/boris/ros2_ws/src/install/my_custom_interface/lib/libmy_custom_interface__rosidl_typesupport_cpp.so
[14.344s] -- Set runtime path of "/home/boris/ros2_ws/src/install/my_custom_interface/lib/libmy_custom_interface__rosidl_typesupport_cpp.so" to ""
[14.344s] -- Installing: /home/boris/ros2_ws/src/install/my_custom_interface/share/my_custom_interface/environment/pythonpath.sh
[14.344s] -- Installing: /home/boris/ros2_ws/src/install/my_custom_interface/share/my_custom_interface/environment/pythonpath.dsv
[14.345s] -- Installing: /home/boris/ros2_ws/src/install/my_custom_interface/local/lib/python3.10/dist-packages/my_custom_interface-0.0.0-py3.10.egg-info
[14.346s] -- Installing: /home/boris/ros2_ws/src/install/my_custom_interface/local/lib/python3.10/dist-packages/my_custom_interface-0.0.0-py3.10.egg-info/PKG-INFO
[14.347s] -- Installing: /home/boris/ros2_ws/src/install/my_custom_interface/local/lib/python3.10/dist-packages/my_custom_interface-0.0.0-py3.10.egg-info/dependency_links.txt
[14.347s] -- Installing: /home/boris/ros2_ws/src/install/my_custom_interface/local/lib/python3.10/dist-packages/my_custom_interface-0.0.0-py3.10.egg-info/top_level.txt
[14.348s] -- Installing: /home/boris/ros2_ws/src/install/my_custom_interface/local/lib/python3.10/dist-packages/my_custom_interface-0.0.0-py3.10.egg-info/SOURCES.txt
[14.348s] -- Installing: /home/boris/ros2_ws/src/install/my_custom_interface/local/lib/python3.10/dist-packages/my_custom_interface
[14.348s] -- Installing: /home/boris/ros2_ws/src/install/my_custom_interface/local/lib/python3.10/dist-packages/my_custom_interface/my_custom_interface_s__rosidl_typesupport_introspection_c.cpython-310-x86_64-linux-gnu.so
[14.349s] -- Installing: /home/boris/ros2_ws/src/install/my_custom_interface/local/lib/python3.10/dist-packages/my_custom_interface/msg
[14.349s] -- Installing: /home/boris/ros2_ws/src/install/my_custom_interface/local/lib/python3.10/dist-packages/my_custom_interface/msg/__init__.py
[14.349s] -- Installing: /home/boris/ros2_ws/src/install/my_custom_interface/local/lib/python3.10/dist-packages/my_custom_interface/msg/_numbers.py
[14.350s] -- Installing: /home/boris/ros2_ws/src/install/my_custom_interface/local/lib/python3.10/dist-packages/my_custom_interface/msg/_numbers_s.c
[14.350s] -- Installing: /home/boris/ros2_ws/src/install/my_custom_interface/local/lib/python3.10/dist-packages/my_custom_interface/_my_custom_interface_s.ep.rosidl_typesupport_introspection_c.c
[14.350s] -- Installing: /home/boris/ros2_ws/src/install/my_custom_interface/local/lib/python3.10/dist-packages/my_custom_interface/my_custom_interface_s__rosidl_typesupport_c.cpython-310-x86_64-linux-gnu.so
[14.351s] -- Installing: /home/boris/ros2_ws/src/install/my_custom_interface/local/lib/python3.10/dist-packages/my_custom_interface/libmy_custom_interface__rosidl_generator_py.so
[14.351s] -- Installing: /home/boris/ros2_ws/src/install/my_custom_interface/local/lib/python3.10/dist-packages/my_custom_interface/__init__.py
[14.352s] -- Installing: /home/boris/ros2_ws/src/install/my_custom_interface/local/lib/python3.10/dist-packages/my_custom_interface/_my_custom_interface_s.ep.rosidl_typesupport_fastrtps_c.c
[14.352s] -- Installing: /home/boris/ros2_ws/src/install/my_custom_interface/local/lib/python3.10/dist-packages/my_custom_interface/my_custom_interface_s__rosidl_typesupport_fastrtps_c.cpython-310-x86_64-linux-gnu.so
[14.353s] -- Installing: /home/boris/ros2_ws/src/install/my_custom_interface/local/lib/python3.10/dist-packages/my_custom_interface/_my_custom_interface_s.ep.rosidl_typesupport_c.c
[14.474s] Listing '/home/boris/ros2_ws/src/install/my_custom_interface/local/lib/python3.10/dist-packages/my_custom_interface'...
[14.475s] Compiling '/home/boris/ros2_ws/src/install/my_custom_interface/local/lib/python3.10/dist-packages/my_custom_interface/__init__.py'...
[14.475s] Listing '/home/boris/ros2_ws/src/install/my_custom_interface/local/lib/python3.10/dist-packages/my_custom_interface/msg'...
[14.475s] Compiling '/home/boris/ros2_ws/src/install/my_custom_interface/local/lib/python3.10/dist-packages/my_custom_interface/msg/__init__.py'...
[14.476s] Compiling '/home/boris/ros2_ws/src/install/my_custom_interface/local/lib/python3.10/dist-packages/my_custom_interface/msg/_numbers.py'...
[14.492s] -- Installing: /home/boris/ros2_ws/src/install/my_custom_interface/local/lib/python3.10/dist-packages/my_custom_interface/my_custom_interface_s__rosidl_typesupport_fastrtps_c.cpython-310-x86_64-linux-gnu.so
[14.493s] -- Set runtime path of "/home/boris/ros2_ws/src/install/my_custom_interface/local/lib/python3.10/dist-packages/my_custom_interface/my_custom_interface_s__rosidl_typesupport_fastrtps_c.cpython-310-x86_64-linux-gnu.so" to ""
[14.494s] -- Installing: /home/boris/ros2_ws/src/install/my_custom_interface/local/lib/python3.10/dist-packages/my_custom_interface/my_custom_interface_s__rosidl_typesupport_introspection_c.cpython-310-x86_64-linux-gnu.so
[14.495s] -- Set runtime path of "/home/boris/ros2_ws/src/install/my_custom_interface/local/lib/python3.10/dist-packages/my_custom_interface/my_custom_interface_s__rosidl_typesupport_introspection_c.cpython-310-x86_64-linux-gnu.so" to ""
[14.496s] -- Installing: /home/boris/ros2_ws/src/install/my_custom_interface/local/lib/python3.10/dist-packages/my_custom_interface/my_custom_interface_s__rosidl_typesupport_c.cpython-310-x86_64-linux-gnu.so
[14.497s] -- Set runtime path of "/home/boris/ros2_ws/src/install/my_custom_interface/local/lib/python3.10/dist-packages/my_custom_interface/my_custom_interface_s__rosidl_typesupport_c.cpython-310-x86_64-linux-gnu.so" to ""
[14.498s] -- Installing: /home/boris/ros2_ws/src/install/my_custom_interface/lib/libmy_custom_interface__rosidl_generator_py.so
[14.498s] -- Set runtime path of "/home/boris/ros2_ws/src/install/my_custom_interface/lib/libmy_custom_interface__rosidl_generator_py.so" to ""
[14.499s] -- Installing: /home/boris/ros2_ws/src/install/my_custom_interface/share/my_custom_interface/msg/Numbers.idl
[14.499s] -- Installing: /home/boris/ros2_ws/src/install/my_custom_interface/share/my_custom_interface/msg/Numbers.msg
[14.501s] -- Installing: /home/boris/ros2_ws/src/install/my_custom_interface/share/ament_index/resource_index/package_run_dependencies/my_custom_interface
[14.501s] -- Installing: /home/boris/ros2_ws/src/install/my_custom_interface/share/ament_index/resource_index/parent_prefix_path/my_custom_interface
[14.502s] -- Installing: /home/boris/ros2_ws/src/install/my_custom_interface/share/my_custom_interface/environment/ament_prefix_path.sh
[14.503s] -- Installing: /home/boris/ros2_ws/src/install/my_custom_interface/share/my_custom_interface/environment/ament_prefix_path.dsv
[14.503s] -- Installing: /home/boris/ros2_ws/src/install/my_custom_interface/share/my_custom_interface/environment/path.sh
[14.504s] -- Installing: /home/boris/ros2_ws/src/install/my_custom_interface/share/my_custom_interface/environment/path.dsv
[14.504s] -- Installing: /home/boris/ros2_ws/src/install/my_custom_interface/share/my_custom_interface/local_setup.bash
[14.505s] -- Installing: /home/boris/ros2_ws/src/install/my_custom_interface/share/my_custom_interface/local_setup.sh
[14.505s] -- Installing: /home/boris/ros2_ws/src/install/my_custom_interface/share/my_custom_interface/local_setup.zsh
[14.505s] -- Installing: /home/boris/ros2_ws/src/install/my_custom_interface/share/my_custom_interface/local_setup.dsv
[14.506s] -- Installing: /home/boris/ros2_ws/src/install/my_custom_interface/share/my_custom_interface/package.dsv
[14.507s] -- Installing: /home/boris/ros2_ws/src/install/my_custom_interface/share/ament_index/resource_index/packages/my_custom_interface
[14.507s] -- Installing: /home/boris/ros2_ws/src/install/my_custom_interface/share/my_custom_interface/cmake/export_my_custom_interface__rosidl_generator_cExport.cmake
[14.508s] -- Installing: /home/boris/ros2_ws/src/install/my_custom_interface/share/my_custom_interface/cmake/export_my_custom_interface__rosidl_generator_cExport-noconfig.cmake
[14.508s] -- Installing: /home/boris/ros2_ws/src/install/my_custom_interface/share/my_custom_interface/cmake/export_my_custom_interface__rosidl_typesupport_fastrtps_cExport.cmake
[14.509s] -- Installing: /home/boris/ros2_ws/src/install/my_custom_interface/share/my_custom_interface/cmake/export_my_custom_interface__rosidl_typesupport_fastrtps_cExport-noconfig.cmake
[14.510s] -- Installing: /home/boris/ros2_ws/src/install/my_custom_interface/share/my_custom_interface/cmake/my_custom_interface__rosidl_typesupport_introspection_cExport.cmake
[14.511s] -- Installing: /home/boris/ros2_ws/src/install/my_custom_interface/share/my_custom_interface/cmake/my_custom_interface__rosidl_typesupport_introspection_cExport-noconfig.cmake
[14.511s] -- Installing: /home/boris/ros2_ws/src/install/my_custom_interface/share/my_custom_interface/cmake/my_custom_interface__rosidl_typesupport_cExport.cmake
[14.512s] -- Installing: /home/boris/ros2_ws/src/install/my_custom_interface/share/my_custom_interface/cmake/my_custom_interface__rosidl_typesupport_cExport-noconfig.cmake
[14.512s] -- Installing: /home/boris/ros2_ws/src/install/my_custom_interface/share/my_custom_interface/cmake/export_my_custom_interface__rosidl_generator_cppExport.cmake
[14.513s] -- Installing: /home/boris/ros2_ws/src/install/my_custom_interface/share/my_custom_interface/cmake/export_my_custom_interface__rosidl_typesupport_fastrtps_cppExport.cmake
[14.513s] -- Installing: /home/boris/ros2_ws/src/install/my_custom_interface/share/my_custom_interface/cmake/export_my_custom_interface__rosidl_typesupport_fastrtps_cppExport-noconfig.cmake
[14.514s] -- Installing: /home/boris/ros2_ws/src/install/my_custom_interface/share/my_custom_interface/cmake/my_custom_interface__rosidl_typesupport_introspection_cppExport.cmake
[14.514s] -- Installing: /home/boris/ros2_ws/src/install/my_custom_interface/share/my_custom_interface/cmake/my_custom_interface__rosidl_typesupport_introspection_cppExport-noconfig.cmake
[14.515s] -- Installing: /home/boris/ros2_ws/src/install/my_custom_interface/share/my_custom_interface/cmake/my_custom_interface__rosidl_typesupport_cppExport.cmake
[14.515s] -- Installing: /home/boris/ros2_ws/src/install/my_custom_interface/share/my_custom_interface/cmake/my_custom_interface__rosidl_typesupport_cppExport-noconfig.cmake
[14.516s] -- Installing: /home/boris/ros2_ws/src/install/my_custom_interface/share/my_custom_interface/cmake/export_my_custom_interface__rosidl_generator_pyExport.cmake
[14.517s] -- Installing: /home/boris/ros2_ws/src/install/my_custom_interface/share/my_custom_interface/cmake/export_my_custom_interface__rosidl_generator_pyExport-noconfig.cmake
[14.519s] -- Installing: /home/boris/ros2_ws/src/install/my_custom_interface/share/my_custom_interface/cmake/rosidl_cmake-extras.cmake
[14.520s] -- Installing: /home/boris/ros2_ws/src/install/my_custom_interface/share/my_custom_interface/cmake/ament_cmake_export_include_directories-extras.cmake
[14.520s] -- Installing: /home/boris/ros2_ws/src/install/my_custom_interface/share/my_custom_interface/cmake/ament_cmake_export_libraries-extras.cmake
[14.520s] -- Installing: /home/boris/ros2_ws/src/install/my_custom_interface/share/my_custom_interface/cmake/ament_cmake_export_targets-extras.cmake
[14.521s] -- Installing: /home/boris/ros2_ws/src/install/my_custom_interface/share/my_custom_interface/cmake/rosidl_cmake_export_typesupport_targets-extras.cmake
[14.522s] -- Installing: /home/boris/ros2_ws/src/install/my_custom_interface/share/my_custom_interface/cmake/ament_cmake_export_dependencies-extras.cmake
[14.522s] -- Installing: /home/boris/ros2_ws/src/install/my_custom_interface/share/my_custom_interface/cmake/rosidl_cmake_export_typesupport_libraries-extras.cmake
[14.523s] -- Installing: /home/boris/ros2_ws/src/install/my_custom_interface/share/my_custom_interface/cmake/my_custom_interfaceConfig.cmake
[14.523s] -- Installing: /home/boris/ros2_ws/src/install/my_custom_interface/share/my_custom_interface/cmake/my_custom_interfaceConfig-version.cmake
[14.524s] -- Installing: /home/boris/ros2_ws/src/install/my_custom_interface/share/my_custom_interface/package.xml
[14.532s] Invoked command in '/home/boris/ros2_ws/src/build/my_custom_interface' returned '0': CMAKE_PREFIX_PATH=/opt/ros/humble /usr/bin/cmake --install /home/boris/ros2_ws/src/build/my_custom_interface
