[3.975s] Invoking command in '/home/boris/ros2_ws/src/my_turtle_controller': PYTHONPATH=/home/boris/ros2_ws/src/build/my_turtle_controller/prefix_override:/usr/lib/python3/dist-packages/colcon_core/task/python/colcon_distutils_commands:/home/boris/ros2_ws/src/install/my_turtle_controller/lib/python3.10/site-packages:${PYTHONPATH} /usr/bin/python3 -W ignore:setup.py install is deprecated -W ignore:easy_install command is deprecated setup.py egg_info --egg-base ../build/my_turtle_controller build --build-base /home/boris/ros2_ws/src/build/my_turtle_controller/build install --record /home/boris/ros2_ws/src/build/my_turtle_controller/install.log --single-version-externally-managed install_data
[4.766s] running egg_info
[4.770s] creating ../build/my_turtle_controller/my_turtle_controller.egg-info
[4.770s] writing ../build/my_turtle_controller/my_turtle_controller.egg-info/PKG-INFO
[4.770s] writing dependency_links to ../build/my_turtle_controller/my_turtle_controller.egg-info/dependency_links.txt
[4.770s] writing entry points to ../build/my_turtle_controller/my_turtle_controller.egg-info/entry_points.txt
[4.770s] writing requirements to ../build/my_turtle_controller/my_turtle_controller.egg-info/requires.txt
[4.771s] writing top-level names to ../build/my_turtle_controller/my_turtle_controller.egg-info/top_level.txt
[4.771s] writing manifest file '../build/my_turtle_controller/my_turtle_controller.egg-info/SOURCES.txt'
[4.777s] reading manifest file '../build/my_turtle_controller/my_turtle_controller.egg-info/SOURCES.txt'
[4.780s] writing manifest file '../build/my_turtle_controller/my_turtle_controller.egg-info/SOURCES.txt'
[4.780s] running build
[4.780s] running build_py
[4.781s] creating /home/boris/ros2_ws/src/build/my_turtle_controller/build
[4.781s] creating /home/boris/ros2_ws/src/build/my_turtle_controller/build/lib
[4.781s] creating /home/boris/ros2_ws/src/build/my_turtle_controller/build/lib/my_turtle_controller
[4.781s] copying my_turtle_controller/turtle_pose.py -> /home/boris/ros2_ws/src/build/my_turtle_controller/build/lib/my_turtle_controller
[4.783s] copying my_turtle_controller/turtle_mover.py -> /home/boris/ros2_ws/src/build/my_turtle_controller/build/lib/my_turtle_controller
[4.784s] copying my_turtle_controller/__init__.py -> /home/boris/ros2_ws/src/build/my_turtle_controller/build/lib/my_turtle_controller
[4.786s] copying my_turtle_controller/turtle_figure8.py -> /home/boris/ros2_ws/src/build/my_turtle_controller/build/lib/my_turtle_controller
[4.786s] running install
[4.789s] running install_lib
[4.790s] creating /home/boris/ros2_ws/src/install/my_turtle_controller/lib/python3.10/site-packages/my_turtle_controller
[4.791s] copying /home/boris/ros2_ws/src/build/my_turtle_controller/build/lib/my_turtle_controller/turtle_pose.py -> /home/boris/ros2_ws/src/install/my_turtle_controller/lib/python3.10/site-packages/my_turtle_controller
[4.792s] copying /home/boris/ros2_ws/src/build/my_turtle_controller/build/lib/my_turtle_controller/turtle_mover.py -> /home/boris/ros2_ws/src/install/my_turtle_controller/lib/python3.10/site-packages/my_turtle_controller
[4.793s] copying /home/boris/ros2_ws/src/build/my_turtle_controller/build/lib/my_turtle_controller/__init__.py -> /home/boris/ros2_ws/src/install/my_turtle_controller/lib/python3.10/site-packages/my_turtle_controller
[4.795s] copying /home/boris/ros2_ws/src/build/my_turtle_controller/build/lib/my_turtle_controller/turtle_figure8.py -> /home/boris/ros2_ws/src/install/my_turtle_controller/lib/python3.10/site-packages/my_turtle_controller
[4.796s] byte-compiling /home/boris/ros2_ws/src/install/my_turtle_controller/lib/python3.10/site-packages/my_turtle_controller/turtle_pose.py to turtle_pose.cpython-310.pyc
[4.801s] byte-compiling /home/boris/ros2_ws/src/install/my_turtle_controller/lib/python3.10/site-packages/my_turtle_controller/turtle_mover.py to turtle_mover.cpython-310.pyc
[4.805s] byte-compiling /home/boris/ros2_ws/src/install/my_turtle_controller/lib/python3.10/site-packages/my_turtle_controller/__init__.py to __init__.cpython-310.pyc
[4.805s] byte-compiling /home/boris/ros2_ws/src/install/my_turtle_controller/lib/python3.10/site-packages/my_turtle_controller/turtle_figure8.py to turtle_figure8.cpython-310.pyc
[4.806s] running install_data
[4.809s] creating /home/boris/ros2_ws/src/install/my_turtle_controller/share/ament_index
[4.811s] creating /home/boris/ros2_ws/src/install/my_turtle_controller/share/ament_index/resource_index
[4.811s] creating /home/boris/ros2_ws/src/install/my_turtle_controller/share/ament_index/resource_index/packages
[4.812s] copying resource/my_turtle_controller -> /home/boris/ros2_ws/src/install/my_turtle_controller/share/ament_index/resource_index/packages
[4.812s] copying package.xml -> /home/boris/ros2_ws/src/install/my_turtle_controller/share/my_turtle_controller
[4.812s] running install_egg_info
[4.817s] Copying ../build/my_turtle_controller/my_turtle_controller.egg-info to /home/boris/ros2_ws/src/install/my_turtle_controller/lib/python3.10/site-packages/my_turtle_controller-0.0.0-py3.10.egg-info
[4.822s] running install_scripts
[4.911s] Installing turtle_figure8 script to /home/boris/ros2_ws/src/install/my_turtle_controller/lib/my_turtle_controller
[4.914s] Installing turtle_mover script to /home/boris/ros2_ws/src/install/my_turtle_controller/lib/my_turtle_controller
[4.914s] Installing turtle_pose script to /home/boris/ros2_ws/src/install/my_turtle_controller/lib/my_turtle_controller
[4.914s] writing list of installed files to '/home/boris/ros2_ws/src/build/my_turtle_controller/install.log'
[4.992s] Invoked command in '/home/boris/ros2_ws/src/my_turtle_controller' returned '0': PYTHONPATH=/home/boris/ros2_ws/src/build/my_turtle_controller/prefix_override:/usr/lib/python3/dist-packages/colcon_core/task/python/colcon_distutils_commands:/home/boris/ros2_ws/src/install/my_turtle_controller/lib/python3.10/site-packages:${PYTHONPATH} /usr/bin/python3 -W ignore:setup.py install is deprecated -W ignore:easy_install command is deprecated setup.py egg_info --egg-base ../build/my_turtle_controller build --build-base /home/boris/ros2_ws/src/build/my_turtle_controller/build install --record /home/boris/ros2_ws/src/build/my_turtle_controller/install.log --single-version-externally-managed install_data
