[4.283s] Invoking command in '/home/boris/ros2_ws/src/talker': PYTHONPATH=/home/boris/ros2_ws/src/build/talker/prefix_override:/usr/lib/python3/dist-packages/colcon_core/task/python/colcon_distutils_commands:/home/boris/ros2_ws/src/install/talker/lib/python3.10/site-packages:${PYTHONPATH} /usr/bin/python3 -W ignore:setup.py install is deprecated -W ignore:easy_install command is deprecated setup.py egg_info --egg-base ../build/talker build --build-base /home/boris/ros2_ws/src/build/talker/build install --record /home/boris/ros2_ws/src/build/talker/install.log --single-version-externally-managed install_data
[5.272s] running egg_info
[5.273s] creating ../build/talker/talker.egg-info
[5.273s] writing ../build/talker/talker.egg-info/PKG-INFO
[5.274s] writing dependency_links to ../build/talker/talker.egg-info/dependency_links.txt
[5.274s] writing entry points to ../build/talker/talker.egg-info/entry_points.txt
[5.275s] writing requirements to ../build/talker/talker.egg-info/requires.txt
[5.275s] writing top-level names to ../build/talker/talker.egg-info/top_level.txt
[5.275s] writing manifest file '../build/talker/talker.egg-info/SOURCES.txt'
[5.279s] reading manifest file '../build/talker/talker.egg-info/SOURCES.txt'
[5.285s] writing manifest file '../build/talker/talker.egg-info/SOURCES.txt'
[5.285s] running build
[5.285s] running build_py
[5.286s] creating /home/boris/ros2_ws/src/build/talker/build
[5.291s] creating /home/boris/ros2_ws/src/build/talker/build/lib
[5.292s] creating /home/boris/ros2_ws/src/build/talker/build/lib/talker
[5.292s] copying talker/talker_node.py -> /home/boris/ros2_ws/src/build/talker/build/lib/talker
[5.293s] copying talker/__init__.py -> /home/boris/ros2_ws/src/build/talker/build/lib/talker
[5.293s] running install
[5.294s] running install_lib
[5.294s] creating /home/boris/ros2_ws/src/install/talker/lib/python3.10/site-packages/talker
[5.300s] copying /home/boris/ros2_ws/src/build/talker/build/lib/talker/talker_node.py -> /home/boris/ros2_ws/src/install/talker/lib/python3.10/site-packages/talker
[5.301s] copying /home/boris/ros2_ws/src/build/talker/build/lib/talker/__init__.py -> /home/boris/ros2_ws/src/install/talker/lib/python3.10/site-packages/talker
[5.302s] byte-compiling /home/boris/ros2_ws/src/install/talker/lib/python3.10/site-packages/talker/talker_node.py to talker_node.cpython-310.pyc
[5.302s] byte-compiling /home/boris/ros2_ws/src/install/talker/lib/python3.10/site-packages/talker/__init__.py to __init__.cpython-310.pyc
[5.302s] running install_data
[5.303s] creating /home/boris/ros2_ws/src/install/talker/share/ament_index
[5.303s] creating /home/boris/ros2_ws/src/install/talker/share/ament_index/resource_index
[5.303s] creating /home/boris/ros2_ws/src/install/talker/share/ament_index/resource_index/packages
[5.303s] copying resource/talker -> /home/boris/ros2_ws/src/install/talker/share/ament_index/resource_index/packages
[5.303s] copying package.xml -> /home/boris/ros2_ws/src/install/talker/share/talker
[5.304s] running install_egg_info
[5.304s] Copying ../build/talker/talker.egg-info to /home/boris/ros2_ws/src/install/talker/lib/python3.10/site-packages/talker-0.0.0-py3.10.egg-info
[5.304s] running install_scripts
[5.363s] Installing talker script to /home/boris/ros2_ws/src/install/talker/lib/talker
[5.366s] writing list of installed files to '/home/boris/ros2_ws/src/build/talker/install.log'
[5.497s] Invoked command in '/home/boris/ros2_ws/src/talker' returned '0': PYTHONPATH=/home/boris/ros2_ws/src/build/talker/prefix_override:/usr/lib/python3/dist-packages/colcon_core/task/python/colcon_distutils_commands:/home/boris/ros2_ws/src/install/talker/lib/python3.10/site-packages:${PYTHONPATH} /usr/bin/python3 -W ignore:setup.py install is deprecated -W ignore:easy_install command is deprecated setup.py egg_info --egg-base ../build/talker build --build-base /home/boris/ros2_ws/src/build/talker/build install --record /home/boris/ros2_ws/src/build/talker/install.log --single-version-externally-managed install_data
