[3.986s] Invoking command in '/home/boris/ros2_ws/src/listener': PYTHONPATH=/home/boris/ros2_ws/src/build/listener/prefix_override:/usr/lib/python3/dist-packages/colcon_core/task/python/colcon_distutils_commands:/home/boris/ros2_ws/src/install/listener/lib/python3.10/site-packages:${PYTHONPATH} /usr/bin/python3 -W ignore:setup.py install is deprecated -W ignore:easy_install command is deprecated setup.py egg_info --egg-base ../build/listener build --build-base /home/boris/ros2_ws/src/build/listener/build install --record /home/boris/ros2_ws/src/build/listener/install.log --single-version-externally-managed install_data
[5.212s] running egg_info
[5.213s] creating ../build/listener/listener.egg-info
[5.213s] writing ../build/listener/listener.egg-info/PKG-INFO
[5.213s] writing dependency_links to ../build/listener/listener.egg-info/dependency_links.txt
[5.214s] writing entry points to ../build/listener/listener.egg-info/entry_points.txt
[5.218s] writing requirements to ../build/listener/listener.egg-info/requires.txt
[5.219s] writing top-level names to ../build/listener/listener.egg-info/top_level.txt
[5.219s] writing manifest file '../build/listener/listener.egg-info/SOURCES.txt'
[5.221s] reading manifest file '../build/listener/listener.egg-info/SOURCES.txt'
[5.227s] writing manifest file '../build/listener/listener.egg-info/SOURCES.txt'
[5.228s] running build
[5.228s] running build_py
[5.228s] creating /home/boris/ros2_ws/src/build/listener/build
[5.228s] creating /home/boris/ros2_ws/src/build/listener/build/lib
[5.229s] creating /home/boris/ros2_ws/src/build/listener/build/lib/listener
[5.229s] copying listener/listener_node.py -> /home/boris/ros2_ws/src/build/listener/build/lib/listener
[5.232s] copying listener/__init__.py -> /home/boris/ros2_ws/src/build/listener/build/lib/listener
[5.233s] running install
[5.233s] running install_lib
[5.233s] creating /home/boris/ros2_ws/src/install/listener/lib/python3.10/site-packages/listener
[5.234s] copying /home/boris/ros2_ws/src/build/listener/build/lib/listener/listener_node.py -> /home/boris/ros2_ws/src/install/listener/lib/python3.10/site-packages/listener
[5.237s] copying /home/boris/ros2_ws/src/build/listener/build/lib/listener/__init__.py -> /home/boris/ros2_ws/src/install/listener/lib/python3.10/site-packages/listener
[5.238s] byte-compiling /home/boris/ros2_ws/src/install/listener/lib/python3.10/site-packages/listener/listener_node.py to listener_node.cpython-310.pyc
[5.241s] byte-compiling /home/boris/ros2_ws/src/install/listener/lib/python3.10/site-packages/listener/__init__.py to __init__.cpython-310.pyc
[5.241s] running install_data
[5.241s] creating /home/boris/ros2_ws/src/install/listener/share/ament_index
[5.242s] creating /home/boris/ros2_ws/src/install/listener/share/ament_index/resource_index
[5.242s] creating /home/boris/ros2_ws/src/install/listener/share/ament_index/resource_index/packages
[5.243s] copying resource/listener -> /home/boris/ros2_ws/src/install/listener/share/ament_index/resource_index/packages
[5.244s] copying package.xml -> /home/boris/ros2_ws/src/install/listener/share/listener
[5.244s] running install_egg_info
[5.252s] Copying ../build/listener/listener.egg-info to /home/boris/ros2_ws/src/install/listener/lib/python3.10/site-packages/listener-0.0.0-py3.10.egg-info
[5.260s] running install_scripts
[5.358s] Installing listener script to /home/boris/ros2_ws/src/install/listener/lib/listener
[5.358s] writing list of installed files to '/home/boris/ros2_ws/src/build/listener/install.log'
[5.474s] Invoked command in '/home/boris/ros2_ws/src/listener' returned '0': PYTHONPATH=/home/boris/ros2_ws/src/build/listener/prefix_override:/usr/lib/python3/dist-packages/colcon_core/task/python/colcon_distutils_commands:/home/boris/ros2_ws/src/install/listener/lib/python3.10/site-packages:${PYTHONPATH} /usr/bin/python3 -W ignore:setup.py install is deprecated -W ignore:easy_install command is deprecated setup.py egg_info --egg-base ../build/listener build --build-base /home/boris/ros2_ws/src/build/listener/build install --record /home/boris/ros2_ws/src/build/listener/install.log --single-version-externally-managed install_data
