[0.075s] Invoking command in '/home/boris/ros2_ws/src/build/my_service_interfaces': CMAKE_PREFIX_PATH=/opt/ros/humble /usr/bin/cmake /home/boris/ros2_ws/src/my_service_interfaces -DCMAKE_INSTALL_PREFIX=/home/boris/ros2_ws/src/install/my_service_interfaces
[2.319s] -- The C compiler identification is GNU 11.4.0
[2.322s] -- The CXX compiler identification is GNU 11.4.0
[2.323s] -- Detecting C compiler ABI info
[2.323s] -- Detecting C compiler ABI info - done
[2.323s] -- Check for working C compiler: /usr/bin/cc - skipped
[2.324s] -- Detecting C compile features
[2.324s] -- Detecting C compile features - done
[2.324s] -- Detecting CXX compiler ABI info
[2.324s] -- Detecting CXX compiler ABI info - done
[2.324s] -- Check for working CXX compiler: /usr/bin/c++ - skipped
[2.325s] -- Detecting CXX compile features
[2.326s] -- Detecting CXX compile features - done
[2.327s] -- Found ament_cmake: 1.3.12 (/opt/ros/humble/share/ament_cmake/cmake)
[2.329s] -- Found Python3: /usr/bin/python3 (found version "3.10.12") found components: Interpreter 
[2.330s] -- Found rosidl_default_generators: 1.2.0 (/opt/ros/humble/share/rosidl_default_generators/cmake)
[2.330s] -- Using all available rosidl_typesupport_c: rosidl_typesupport_fastrtps_c;rosidl_typesupport_introspection_c
[2.331s] -- Found rosidl_adapter: 3.1.7 (/opt/ros/humble/share/rosidl_adapter/cmake)
[2.331s] -- Using all available rosidl_typesupport_cpp: rosidl_typesupport_fastrtps_cpp;rosidl_typesupport_introspection_cpp
[2.331s] -- Found builtin_interfaces: 1.2.2 (/opt/ros/humble/share/builtin_interfaces/cmake)
[2.332s] -- Found ament_cmake_ros: 0.10.0 (/opt/ros/humble/share/ament_cmake_ros/cmake)
[2.756s] -- Using all available rosidl_typesupport_c: rosidl_typesupport_fastrtps_c;rosidl_typesupport_introspection_c
[3.534s] -- Using all available rosidl_typesupport_cpp: rosidl_typesupport_fastrtps_cpp;rosidl_typesupport_introspection_cpp
[3.634s] -- Found PythonInterp: /usr/bin/python3 (found suitable version "3.10.12", minimum required is "3.6") 
[3.637s] -- Found python_cmake_module: 0.10.0 (/opt/ros/humble/share/python_cmake_module/cmake)
[3.697s] -- Found PythonLibs: /usr/lib/x86_64-linux-gnu/libpython3.10.so (found suitable version "3.10.12", minimum required is "3.5") 
[3.697s] -- Using PYTHON_EXECUTABLE: /usr/bin/python3
[3.697s] -- Using PYTHON_INCLUDE_DIRS: /usr/include/python3.10
[3.698s] -- Using PYTHON_LIBRARIES: /usr/lib/x86_64-linux-gnu/libpython3.10.so
[3.745s] -- Found PythonExtra: .so  
[3.825s] -- Found ament_lint_auto: 0.12.14 (/opt/ros/humble/share/ament_lint_auto/cmake)
[3.862s] -- Added test 'lint_cmake' to check CMake code style
[3.865s] -- Added test 'xmllint' to check XML markup files
[3.872s] -- Configuring done
[3.945s] -- Generating done
[3.967s] -- Build files have been written to: /home/boris/ros2_ws/src/build/my_service_interfaces
[3.979s] Invoked command in '/home/boris/ros2_ws/src/build/my_service_interfaces' returned '0': CMAKE_PREFIX_PATH=/opt/ros/humble /usr/bin/cmake /home/boris/ros2_ws/src/my_service_interfaces -DCMAKE_INSTALL_PREFIX=/home/boris/ros2_ws/src/install/my_service_interfaces
[3.986s] Invoking command in '/home/boris/ros2_ws/src/build/my_service_interfaces': CMAKE_PREFIX_PATH=/opt/ros/humble /usr/bin/cmake --build /home/boris/ros2_ws/src/build/my_service_interfaces -- -j8 -l8
[4.134s] [  3%] [34m[1mGenerating C code for ROS interfaces[0m
[4.159s] [  6%] [34m[1mGenerating C++ code for ROS interfaces[0m
[4.219s] [  6%] Built target ament_cmake_python_copy_my_service_interfaces
[5.142s] running egg_info
[5.142s] creating my_service_interfaces.egg-info
[5.143s] writing my_service_interfaces.egg-info/PKG-INFO
[5.143s] writing dependency_links to my_service_interfaces.egg-info/dependency_links.txt
[5.144s] writing top-level names to my_service_interfaces.egg-info/top_level.txt
[5.145s] writing manifest file 'my_service_interfaces.egg-info/SOURCES.txt'
[5.153s] reading manifest file 'my_service_interfaces.egg-info/SOURCES.txt'
[5.155s] writing manifest file 'my_service_interfaces.egg-info/SOURCES.txt'
[5.273s] [  6%] Built target ament_cmake_python_build_my_service_interfaces_egg
[5.356s] [  9%] [32mBuilding C object CMakeFiles/my_service_interfaces__rosidl_generator_c.dir/rosidl_generator_c/my_service_interfaces/srv/detail/set_velocity__functions.c.o[0m
[5.430s] [  9%] Built target my_service_interfaces__cpp
[5.458s] [ 12%] [34m[1mGenerating C++ type support dispatch for ROS interfaces[0m
[5.478s] [ 16%] [34m[1mGenerating C++ type support for eProsima Fast-RTPS[0m
[5.491s] [ 19%] [34m[1mGenerating C++ introspection for ROS interfaces[0m
[5.539s] [ 22%] [32m[1mLinking C shared library libmy_service_interfaces__rosidl_generator_c.so[0m
[5.648s] [ 22%] Built target my_service_interfaces__rosidl_generator_c
[5.671s] [ 25%] [34m[1mGenerating C type support for eProsima Fast-RTPS[0m
[5.706s] [ 29%] [34m[1mGenerating C introspection for ROS interfaces[0m
[5.719s] [ 32%] [34m[1mGenerating C type support dispatch for ROS interfaces[0m
[6.474s] [ 35%] [32mBuilding CXX object CMakeFiles/my_service_interfaces__rosidl_typesupport_cpp.dir/rosidl_typesupport_cpp/my_service_interfaces/srv/set_velocity__type_support.cpp.o[0m
[6.759s] [ 38%] [32mBuilding CXX object CMakeFiles/my_service_interfaces__rosidl_typesupport_introspection_cpp.dir/rosidl_typesupport_introspection_cpp/my_service_interfaces/srv/detail/set_velocity__type_support.cpp.o[0m
[6.880s] [ 41%] [32mBuilding CXX object CMakeFiles/my_service_interfaces__rosidl_typesupport_fastrtps_cpp.dir/rosidl_typesupport_fastrtps_cpp/my_service_interfaces/srv/detail/dds_fastrtps/set_velocity__type_support.cpp.o[0m
[6.881s] [ 45%] [32mBuilding C object CMakeFiles/my_service_interfaces__rosidl_typesupport_introspection_c.dir/rosidl_typesupport_introspection_c/my_service_interfaces/srv/detail/set_velocity__type_support.c.o[0m
[6.903s] [ 48%] [32mBuilding CXX object CMakeFiles/my_service_interfaces__rosidl_typesupport_c.dir/rosidl_typesupport_c/my_service_interfaces/srv/set_velocity__type_support.cpp.o[0m
[7.118s] [ 51%] [32m[1mLinking CXX shared library libmy_service_interfaces__rosidl_typesupport_c.so[0m
[7.181s] [ 54%] [32m[1mLinking C shared library libmy_service_interfaces__rosidl_typesupport_introspection_c.so[0m
[7.292s] [ 58%] [32mBuilding CXX object CMakeFiles/my_service_interfaces__rosidl_typesupport_fastrtps_c.dir/rosidl_typesupport_fastrtps_c/my_service_interfaces/srv/detail/set_velocity__type_support_c.cpp.o[0m
[7.358s] [ 58%] Built target my_service_interfaces__rosidl_typesupport_c
[7.399s] [ 58%] Built target my_service_interfaces__rosidl_typesupport_introspection_c
[8.510s] [ 61%] [32m[1mLinking CXX shared library libmy_service_interfaces__rosidl_typesupport_cpp.so[0m
[8.870s] [ 61%] Built target my_service_interfaces__rosidl_typesupport_cpp
[9.105s] [ 64%] [32m[1mLinking CXX shared library libmy_service_interfaces__rosidl_typesupport_fastrtps_cpp.so[0m
[9.106s] [ 67%] [32m[1mLinking CXX shared library libmy_service_interfaces__rosidl_typesupport_fastrtps_c.so[0m
[9.106s] [ 70%] [32m[1mLinking CXX shared library libmy_service_interfaces__rosidl_typesupport_introspection_cpp.so[0m
[9.417s] [ 70%] Built target my_service_interfaces__rosidl_typesupport_introspection_cpp
[9.597s] [ 70%] Built target my_service_interfaces__rosidl_typesupport_fastrtps_c
[9.638s] [ 70%] Built target my_service_interfaces__rosidl_typesupport_fastrtps_cpp
[9.756s] [ 70%] Built target my_service_interfaces
[9.930s] [ 74%] [34m[1mGenerating Python code for ROS interfaces[0m
[12.011s] [ 74%] Built target my_service_interfaces__py
[12.049s] [ 77%] [32mBuilding C object CMakeFiles/my_service_interfaces__rosidl_generator_py.dir/rosidl_generator_py/my_service_interfaces/srv/_set_velocity_s.c.o[0m
[12.268s] [ 80%] [32m[1mLinking C shared library rosidl_generator_py/my_service_interfaces/libmy_service_interfaces__rosidl_generator_py.so[0m
[12.360s] [ 80%] Built target my_service_interfaces__rosidl_generator_py
[12.424s] [ 83%] [32mBuilding C object CMakeFiles/my_service_interfaces__rosidl_typesupport_fastrtps_c__pyext.dir/rosidl_generator_py/my_service_interfaces/_my_service_interfaces_s.ep.rosidl_typesupport_fastrtps_c.c.o[0m
[12.430s] [ 87%] [32mBuilding C object CMakeFiles/my_service_interfaces__rosidl_typesupport_introspection_c__pyext.dir/rosidl_generator_py/my_service_interfaces/_my_service_interfaces_s.ep.rosidl_typesupport_introspection_c.c.o[0m
[12.431s] [ 90%] [32mBuilding C object CMakeFiles/my_service_interfaces__rosidl_typesupport_c__pyext.dir/rosidl_generator_py/my_service_interfaces/_my_service_interfaces_s.ep.rosidl_typesupport_c.c.o[0m
[12.708s] [ 93%] [32m[1mLinking C shared library rosidl_generator_py/my_service_interfaces/my_service_interfaces_s__rosidl_typesupport_c.cpython-310-x86_64-linux-gnu.so[0m
[12.787s] [ 93%] Built target my_service_interfaces__rosidl_typesupport_c__pyext
[12.807s] [ 96%] [32m[1mLinking C shared library rosidl_generator_py/my_service_interfaces/my_service_interfaces_s__rosidl_typesupport_fastrtps_c.cpython-310-x86_64-linux-gnu.so[0m
[12.825s] [100%] [32m[1mLinking C shared library rosidl_generator_py/my_service_interfaces/my_service_interfaces_s__rosidl_typesupport_introspection_c.cpython-310-x86_64-linux-gnu.so[0m
[12.890s] [100%] Built target my_service_interfaces__rosidl_typesupport_fastrtps_c__pyext
[12.934s] [100%] Built target my_service_interfaces__rosidl_typesupport_introspection_c__pyext
[12.960s] Invoked command in '/home/boris/ros2_ws/src/build/my_service_interfaces' returned '0': CMAKE_PREFIX_PATH=/opt/ros/humble /usr/bin/cmake --build /home/boris/ros2_ws/src/build/my_service_interfaces -- -j8 -l8
[12.992s] Invoking command in '/home/boris/ros2_ws/src/build/my_service_interfaces': CMAKE_PREFIX_PATH=/opt/ros/humble /usr/bin/cmake --install /home/boris/ros2_ws/src/build/my_service_interfaces
[13.017s] -- Install configuration: ""
[13.019s] -- Installing: /home/boris/ros2_ws/src/install/my_service_interfaces/share/ament_index/resource_index/rosidl_interfaces/my_service_interfaces
[13.020s] -- Installing: /home/boris/ros2_ws/src/install/my_service_interfaces/include/my_service_interfaces/my_service_interfaces
[13.020s] -- Installing: /home/boris/ros2_ws/src/install/my_service_interfaces/include/my_service_interfaces/my_service_interfaces/srv
[13.021s] -- Installing: /home/boris/ros2_ws/src/install/my_service_interfaces/include/my_service_interfaces/my_service_interfaces/srv/detail
[13.021s] -- Installing: /home/boris/ros2_ws/src/install/my_service_interfaces/include/my_service_interfaces/my_service_interfaces/srv/detail/set_velocity__struct.h
[13.024s] -- Installing: /home/boris/ros2_ws/src/install/my_service_interfaces/include/my_service_interfaces/my_service_interfaces/srv/detail/set_velocity__functions.h
[13.024s] -- Installing: /home/boris/ros2_ws/src/install/my_service_interfaces/include/my_service_interfaces/my_service_interfaces/srv/detail/set_velocity__type_support.h
[13.025s] -- Installing: /home/boris/ros2_ws/src/install/my_service_interfaces/include/my_service_interfaces/my_service_interfaces/srv/detail/set_velocity__functions.c
[13.025s] -- Installing: /home/boris/ros2_ws/src/install/my_service_interfaces/include/my_service_interfaces/my_service_interfaces/srv/set_velocity.h
[13.025s] -- Installing: /home/boris/ros2_ws/src/install/my_service_interfaces/include/my_service_interfaces/my_service_interfaces/msg
[13.027s] -- Installing: /home/boris/ros2_ws/src/install/my_service_interfaces/include/my_service_interfaces/my_service_interfaces/msg/rosidl_generator_c__visibility_control.h
[13.027s] -- Installing: /home/boris/ros2_ws/src/install/my_service_interfaces/share/my_service_interfaces/environment/library_path.sh
[13.028s] -- Installing: /home/boris/ros2_ws/src/install/my_service_interfaces/share/my_service_interfaces/environment/library_path.dsv
[13.029s] -- Installing: /home/boris/ros2_ws/src/install/my_service_interfaces/lib/libmy_service_interfaces__rosidl_generator_c.so
[13.030s] -- Set runtime path of "/home/boris/ros2_ws/src/install/my_service_interfaces/lib/libmy_service_interfaces__rosidl_generator_c.so" to ""
[13.031s] -- Up-to-date: /home/boris/ros2_ws/src/install/my_service_interfaces/include/my_service_interfaces/my_service_interfaces
[13.031s] -- Up-to-date: /home/boris/ros2_ws/src/install/my_service_interfaces/include/my_service_interfaces/my_service_interfaces/srv
[13.032s] -- Up-to-date: /home/boris/ros2_ws/src/install/my_service_interfaces/include/my_service_interfaces/my_service_interfaces/srv/detail
[13.033s] -- Installing: /home/boris/ros2_ws/src/install/my_service_interfaces/include/my_service_interfaces/my_service_interfaces/srv/detail/set_velocity__rosidl_typesupport_fastrtps_c.h
[13.033s] -- Up-to-date: /home/boris/ros2_ws/src/install/my_service_interfaces/include/my_service_interfaces/my_service_interfaces/msg
[13.034s] -- Installing: /home/boris/ros2_ws/src/install/my_service_interfaces/include/my_service_interfaces/my_service_interfaces/msg/rosidl_typesupport_fastrtps_c__visibility_control.h
[13.034s] -- Installing: /home/boris/ros2_ws/src/install/my_service_interfaces/lib/libmy_service_interfaces__rosidl_typesupport_fastrtps_c.so
[13.035s] -- Set runtime path of "/home/boris/ros2_ws/src/install/my_service_interfaces/lib/libmy_service_interfaces__rosidl_typesupport_fastrtps_c.so" to ""
[13.036s] -- Up-to-date: /home/boris/ros2_ws/src/install/my_service_interfaces/include/my_service_interfaces/my_service_interfaces
[13.036s] -- Up-to-date: /home/boris/ros2_ws/src/install/my_service_interfaces/include/my_service_interfaces/my_service_interfaces/srv
[13.036s] -- Up-to-date: /home/boris/ros2_ws/src/install/my_service_interfaces/include/my_service_interfaces/my_service_interfaces/srv/detail
[13.036s] -- Installing: /home/boris/ros2_ws/src/install/my_service_interfaces/include/my_service_interfaces/my_service_interfaces/srv/detail/set_velocity__type_support.c
[13.037s] -- Installing: /home/boris/ros2_ws/src/install/my_service_interfaces/include/my_service_interfaces/my_service_interfaces/srv/detail/set_velocity__rosidl_typesupport_introspection_c.h
[13.037s] -- Up-to-date: /home/boris/ros2_ws/src/install/my_service_interfaces/include/my_service_interfaces/my_service_interfaces/msg
[13.037s] -- Installing: /home/boris/ros2_ws/src/install/my_service_interfaces/include/my_service_interfaces/my_service_interfaces/msg/rosidl_typesupport_introspection_c__visibility_control.h
[13.039s] -- Installing: /home/boris/ros2_ws/src/install/my_service_interfaces/lib/libmy_service_interfaces__rosidl_typesupport_introspection_c.so
[13.039s] -- Set runtime path of "/home/boris/ros2_ws/src/install/my_service_interfaces/lib/libmy_service_interfaces__rosidl_typesupport_introspection_c.so" to ""
[13.040s] -- Installing: /home/boris/ros2_ws/src/install/my_service_interfaces/lib/libmy_service_interfaces__rosidl_typesupport_c.so
[13.040s] -- Set runtime path of "/home/boris/ros2_ws/src/install/my_service_interfaces/lib/libmy_service_interfaces__rosidl_typesupport_c.so" to ""
[13.041s] -- Up-to-date: /home/boris/ros2_ws/src/install/my_service_interfaces/include/my_service_interfaces/my_service_interfaces
[13.042s] -- Up-to-date: /home/boris/ros2_ws/src/install/my_service_interfaces/include/my_service_interfaces/my_service_interfaces/srv
[13.042s] -- Installing: /home/boris/ros2_ws/src/install/my_service_interfaces/include/my_service_interfaces/my_service_interfaces/srv/set_velocity.hpp
[13.042s] -- Up-to-date: /home/boris/ros2_ws/src/install/my_service_interfaces/include/my_service_interfaces/my_service_interfaces/srv/detail
[13.042s] -- Installing: /home/boris/ros2_ws/src/install/my_service_interfaces/include/my_service_interfaces/my_service_interfaces/srv/detail/set_velocity__type_support.hpp
[13.042s] -- Installing: /home/boris/ros2_ws/src/install/my_service_interfaces/include/my_service_interfaces/my_service_interfaces/srv/detail/set_velocity__builder.hpp
[13.043s] -- Installing: /home/boris/ros2_ws/src/install/my_service_interfaces/include/my_service_interfaces/my_service_interfaces/srv/detail/set_velocity__traits.hpp
[13.043s] -- Installing: /home/boris/ros2_ws/src/install/my_service_interfaces/include/my_service_interfaces/my_service_interfaces/srv/detail/set_velocity__struct.hpp
[13.043s] -- Up-to-date: /home/boris/ros2_ws/src/install/my_service_interfaces/include/my_service_interfaces/my_service_interfaces/msg
[13.043s] -- Installing: /home/boris/ros2_ws/src/install/my_service_interfaces/include/my_service_interfaces/my_service_interfaces/msg/rosidl_generator_cpp__visibility_control.hpp
[13.044s] -- Up-to-date: /home/boris/ros2_ws/src/install/my_service_interfaces/include/my_service_interfaces/my_service_interfaces
[13.044s] -- Up-to-date: /home/boris/ros2_ws/src/install/my_service_interfaces/include/my_service_interfaces/my_service_interfaces/srv
[13.044s] -- Up-to-date: /home/boris/ros2_ws/src/install/my_service_interfaces/include/my_service_interfaces/my_service_interfaces/srv/detail
[13.044s] -- Installing: /home/boris/ros2_ws/src/install/my_service_interfaces/include/my_service_interfaces/my_service_interfaces/srv/detail/dds_fastrtps
[13.045s] -- Installing: /home/boris/ros2_ws/src/install/my_service_interfaces/include/my_service_interfaces/my_service_interfaces/srv/detail/set_velocity__rosidl_typesupport_fastrtps_cpp.hpp
[13.045s] -- Up-to-date: /home/boris/ros2_ws/src/install/my_service_interfaces/include/my_service_interfaces/my_service_interfaces/msg
[13.045s] -- Installing: /home/boris/ros2_ws/src/install/my_service_interfaces/include/my_service_interfaces/my_service_interfaces/msg/rosidl_typesupport_fastrtps_cpp__visibility_control.h
[13.046s] -- Installing: /home/boris/ros2_ws/src/install/my_service_interfaces/lib/libmy_service_interfaces__rosidl_typesupport_fastrtps_cpp.so
[13.047s] -- Set runtime path of "/home/boris/ros2_ws/src/install/my_service_interfaces/lib/libmy_service_interfaces__rosidl_typesupport_fastrtps_cpp.so" to ""
[13.048s] -- Up-to-date: /home/boris/ros2_ws/src/install/my_service_interfaces/include/my_service_interfaces/my_service_interfaces
[13.048s] -- Up-to-date: /home/boris/ros2_ws/src/install/my_service_interfaces/include/my_service_interfaces/my_service_interfaces/srv
[13.048s] -- Up-to-date: /home/boris/ros2_ws/src/install/my_service_interfaces/include/my_service_interfaces/my_service_interfaces/srv/detail
[13.048s] -- Installing: /home/boris/ros2_ws/src/install/my_service_interfaces/include/my_service_interfaces/my_service_interfaces/srv/detail/set_velocity__type_support.cpp
[13.048s] -- Installing: /home/boris/ros2_ws/src/install/my_service_interfaces/include/my_service_interfaces/my_service_interfaces/srv/detail/set_velocity__rosidl_typesupport_introspection_cpp.hpp
[13.049s] -- Installing: /home/boris/ros2_ws/src/install/my_service_interfaces/lib/libmy_service_interfaces__rosidl_typesupport_introspection_cpp.so
[13.050s] -- Set runtime path of "/home/boris/ros2_ws/src/install/my_service_interfaces/lib/libmy_service_interfaces__rosidl_typesupport_introspection_cpp.so" to ""
[13.050s] -- Installing: /home/boris/ros2_ws/src/install/my_service_interfaces/lib/libmy_service_interfaces__rosidl_typesupport_cpp.so
[13.051s] -- Set runtime path of "/home/boris/ros2_ws/src/install/my_service_interfaces/lib/libmy_service_interfaces__rosidl_typesupport_cpp.so" to ""
[13.052s] -- Installing: /home/boris/ros2_ws/src/install/my_service_interfaces/share/my_service_interfaces/environment/pythonpath.sh
[13.052s] -- Installing: /home/boris/ros2_ws/src/install/my_service_interfaces/share/my_service_interfaces/environment/pythonpath.dsv
[13.053s] -- Installing: /home/boris/ros2_ws/src/install/my_service_interfaces/local/lib/python3.10/dist-packages/my_service_interfaces-0.0.0-py3.10.egg-info
[13.053s] -- Installing: /home/boris/ros2_ws/src/install/my_service_interfaces/local/lib/python3.10/dist-packages/my_service_interfaces-0.0.0-py3.10.egg-info/PKG-INFO
[13.055s] -- Installing: /home/boris/ros2_ws/src/install/my_service_interfaces/local/lib/python3.10/dist-packages/my_service_interfaces-0.0.0-py3.10.egg-info/dependency_links.txt
[13.055s] -- Installing: /home/boris/ros2_ws/src/install/my_service_interfaces/local/lib/python3.10/dist-packages/my_service_interfaces-0.0.0-py3.10.egg-info/top_level.txt
[13.056s] -- Installing: /home/boris/ros2_ws/src/install/my_service_interfaces/local/lib/python3.10/dist-packages/my_service_interfaces-0.0.0-py3.10.egg-info/SOURCES.txt
[13.056s] -- Installing: /home/boris/ros2_ws/src/install/my_service_interfaces/local/lib/python3.10/dist-packages/my_service_interfaces
[13.056s] -- Installing: /home/boris/ros2_ws/src/install/my_service_interfaces/local/lib/python3.10/dist-packages/my_service_interfaces/srv
[13.057s] -- Installing: /home/boris/ros2_ws/src/install/my_service_interfaces/local/lib/python3.10/dist-packages/my_service_interfaces/srv/_set_velocity.py
[13.058s] -- Installing: /home/boris/ros2_ws/src/install/my_service_interfaces/local/lib/python3.10/dist-packages/my_service_interfaces/srv/_set_velocity_s.c
[13.058s] -- Installing: /home/boris/ros2_ws/src/install/my_service_interfaces/local/lib/python3.10/dist-packages/my_service_interfaces/srv/__init__.py
[13.058s] -- Installing: /home/boris/ros2_ws/src/install/my_service_interfaces/local/lib/python3.10/dist-packages/my_service_interfaces/my_service_interfaces_s__rosidl_typesupport_fastrtps_c.cpython-310-x86_64-linux-gnu.so
[13.059s] -- Installing: /home/boris/ros2_ws/src/install/my_service_interfaces/local/lib/python3.10/dist-packages/my_service_interfaces/_my_service_interfaces_s.ep.rosidl_typesupport_c.c
[13.059s] -- Installing: /home/boris/ros2_ws/src/install/my_service_interfaces/local/lib/python3.10/dist-packages/my_service_interfaces/libmy_service_interfaces__rosidl_generator_py.so
[13.059s] -- Installing: /home/boris/ros2_ws/src/install/my_service_interfaces/local/lib/python3.10/dist-packages/my_service_interfaces/my_service_interfaces_s__rosidl_typesupport_c.cpython-310-x86_64-linux-gnu.so
[13.060s] -- Installing: /home/boris/ros2_ws/src/install/my_service_interfaces/local/lib/python3.10/dist-packages/my_service_interfaces/__init__.py
[13.060s] -- Installing: /home/boris/ros2_ws/src/install/my_service_interfaces/local/lib/python3.10/dist-packages/my_service_interfaces/my_service_interfaces_s__rosidl_typesupport_introspection_c.cpython-310-x86_64-linux-gnu.so
[13.060s] -- Installing: /home/boris/ros2_ws/src/install/my_service_interfaces/local/lib/python3.10/dist-packages/my_service_interfaces/_my_service_interfaces_s.ep.rosidl_typesupport_fastrtps_c.c
[13.061s] -- Installing: /home/boris/ros2_ws/src/install/my_service_interfaces/local/lib/python3.10/dist-packages/my_service_interfaces/_my_service_interfaces_s.ep.rosidl_typesupport_introspection_c.c
[13.149s] Listing '/home/boris/ros2_ws/src/install/my_service_interfaces/local/lib/python3.10/dist-packages/my_service_interfaces'...
[13.150s] Compiling '/home/boris/ros2_ws/src/install/my_service_interfaces/local/lib/python3.10/dist-packages/my_service_interfaces/__init__.py'...
[13.150s] Listing '/home/boris/ros2_ws/src/install/my_service_interfaces/local/lib/python3.10/dist-packages/my_service_interfaces/srv'...
[13.151s] Compiling '/home/boris/ros2_ws/src/install/my_service_interfaces/local/lib/python3.10/dist-packages/my_service_interfaces/srv/__init__.py'...
[13.151s] Compiling '/home/boris/ros2_ws/src/install/my_service_interfaces/local/lib/python3.10/dist-packages/my_service_interfaces/srv/_set_velocity.py'...
[13.161s] -- Installing: /home/boris/ros2_ws/src/install/my_service_interfaces/local/lib/python3.10/dist-packages/my_service_interfaces/my_service_interfaces_s__rosidl_typesupport_fastrtps_c.cpython-310-x86_64-linux-gnu.so
[13.162s] -- Set runtime path of "/home/boris/ros2_ws/src/install/my_service_interfaces/local/lib/python3.10/dist-packages/my_service_interfaces/my_service_interfaces_s__rosidl_typesupport_fastrtps_c.cpython-310-x86_64-linux-gnu.so" to ""
[13.163s] -- Installing: /home/boris/ros2_ws/src/install/my_service_interfaces/local/lib/python3.10/dist-packages/my_service_interfaces/my_service_interfaces_s__rosidl_typesupport_introspection_c.cpython-310-x86_64-linux-gnu.so
[13.164s] -- Set runtime path of "/home/boris/ros2_ws/src/install/my_service_interfaces/local/lib/python3.10/dist-packages/my_service_interfaces/my_service_interfaces_s__rosidl_typesupport_introspection_c.cpython-310-x86_64-linux-gnu.so" to ""
[13.165s] -- Installing: /home/boris/ros2_ws/src/install/my_service_interfaces/local/lib/python3.10/dist-packages/my_service_interfaces/my_service_interfaces_s__rosidl_typesupport_c.cpython-310-x86_64-linux-gnu.so
[13.166s] -- Set runtime path of "/home/boris/ros2_ws/src/install/my_service_interfaces/local/lib/python3.10/dist-packages/my_service_interfaces/my_service_interfaces_s__rosidl_typesupport_c.cpython-310-x86_64-linux-gnu.so" to ""
[13.167s] -- Installing: /home/boris/ros2_ws/src/install/my_service_interfaces/lib/libmy_service_interfaces__rosidl_generator_py.so
[13.167s] -- Set runtime path of "/home/boris/ros2_ws/src/install/my_service_interfaces/lib/libmy_service_interfaces__rosidl_generator_py.so" to ""
[13.168s] -- Installing: /home/boris/ros2_ws/src/install/my_service_interfaces/share/my_service_interfaces/srv/SetVelocity.idl
[13.168s] -- Installing: /home/boris/ros2_ws/src/install/my_service_interfaces/share/my_service_interfaces/srv/SetVelocity.srv
[13.168s] -- Installing: /home/boris/ros2_ws/src/install/my_service_interfaces/share/my_service_interfaces/srv/SetVelocity_Request.msg
[13.168s] -- Installing: /home/boris/ros2_ws/src/install/my_service_interfaces/share/my_service_interfaces/srv/SetVelocity_Response.msg
[13.169s] -- Installing: /home/boris/ros2_ws/src/install/my_service_interfaces/share/ament_index/resource_index/package_run_dependencies/my_service_interfaces
[13.169s] -- Installing: /home/boris/ros2_ws/src/install/my_service_interfaces/share/ament_index/resource_index/parent_prefix_path/my_service_interfaces
[13.169s] -- Installing: /home/boris/ros2_ws/src/install/my_service_interfaces/share/my_service_interfaces/environment/ament_prefix_path.sh
[13.169s] -- Installing: /home/boris/ros2_ws/src/install/my_service_interfaces/share/my_service_interfaces/environment/ament_prefix_path.dsv
[13.169s] -- Installing: /home/boris/ros2_ws/src/install/my_service_interfaces/share/my_service_interfaces/environment/path.sh
[13.170s] -- Installing: /home/boris/ros2_ws/src/install/my_service_interfaces/share/my_service_interfaces/environment/path.dsv
[13.170s] -- Installing: /home/boris/ros2_ws/src/install/my_service_interfaces/share/my_service_interfaces/local_setup.bash
[13.170s] -- Installing: /home/boris/ros2_ws/src/install/my_service_interfaces/share/my_service_interfaces/local_setup.sh
[13.170s] -- Installing: /home/boris/ros2_ws/src/install/my_service_interfaces/share/my_service_interfaces/local_setup.zsh
[13.170s] -- Installing: /home/boris/ros2_ws/src/install/my_service_interfaces/share/my_service_interfaces/local_setup.dsv
[13.171s] -- Installing: /home/boris/ros2_ws/src/install/my_service_interfaces/share/my_service_interfaces/package.dsv
[13.172s] -- Installing: /home/boris/ros2_ws/src/install/my_service_interfaces/share/ament_index/resource_index/packages/my_service_interfaces
[13.173s] -- Installing: /home/boris/ros2_ws/src/install/my_service_interfaces/share/my_service_interfaces/cmake/export_my_service_interfaces__rosidl_generator_cExport.cmake
[13.173s] -- Installing: /home/boris/ros2_ws/src/install/my_service_interfaces/share/my_service_interfaces/cmake/export_my_service_interfaces__rosidl_generator_cExport-noconfig.cmake
[13.174s] -- Installing: /home/boris/ros2_ws/src/install/my_service_interfaces/share/my_service_interfaces/cmake/export_my_service_interfaces__rosidl_typesupport_fastrtps_cExport.cmake
[13.175s] -- Installing: /home/boris/ros2_ws/src/install/my_service_interfaces/share/my_service_interfaces/cmake/export_my_service_interfaces__rosidl_typesupport_fastrtps_cExport-noconfig.cmake
[13.175s] -- Installing: /home/boris/ros2_ws/src/install/my_service_interfaces/share/my_service_interfaces/cmake/my_service_interfaces__rosidl_typesupport_introspection_cExport.cmake
[13.176s] -- Installing: /home/boris/ros2_ws/src/install/my_service_interfaces/share/my_service_interfaces/cmake/my_service_interfaces__rosidl_typesupport_introspection_cExport-noconfig.cmake
[13.177s] -- Installing: /home/boris/ros2_ws/src/install/my_service_interfaces/share/my_service_interfaces/cmake/my_service_interfaces__rosidl_typesupport_cExport.cmake
[13.177s] -- Installing: /home/boris/ros2_ws/src/install/my_service_interfaces/share/my_service_interfaces/cmake/my_service_interfaces__rosidl_typesupport_cExport-noconfig.cmake
[13.178s] -- Installing: /home/boris/ros2_ws/src/install/my_service_interfaces/share/my_service_interfaces/cmake/export_my_service_interfaces__rosidl_generator_cppExport.cmake
[13.178s] -- Installing: /home/boris/ros2_ws/src/install/my_service_interfaces/share/my_service_interfaces/cmake/export_my_service_interfaces__rosidl_typesupport_fastrtps_cppExport.cmake
[13.179s] -- Installing: /home/boris/ros2_ws/src/install/my_service_interfaces/share/my_service_interfaces/cmake/export_my_service_interfaces__rosidl_typesupport_fastrtps_cppExport-noconfig.cmake
[13.179s] -- Installing: /home/boris/ros2_ws/src/install/my_service_interfaces/share/my_service_interfaces/cmake/my_service_interfaces__rosidl_typesupport_introspection_cppExport.cmake
[13.180s] -- Installing: /home/boris/ros2_ws/src/install/my_service_interfaces/share/my_service_interfaces/cmake/my_service_interfaces__rosidl_typesupport_introspection_cppExport-noconfig.cmake
[13.180s] -- Installing: /home/boris/ros2_ws/src/install/my_service_interfaces/share/my_service_interfaces/cmake/my_service_interfaces__rosidl_typesupport_cppExport.cmake
[13.180s] -- Installing: /home/boris/ros2_ws/src/install/my_service_interfaces/share/my_service_interfaces/cmake/my_service_interfaces__rosidl_typesupport_cppExport-noconfig.cmake
[13.181s] -- Installing: /home/boris/ros2_ws/src/install/my_service_interfaces/share/my_service_interfaces/cmake/export_my_service_interfaces__rosidl_generator_pyExport.cmake
[13.181s] -- Installing: /home/boris/ros2_ws/src/install/my_service_interfaces/share/my_service_interfaces/cmake/export_my_service_interfaces__rosidl_generator_pyExport-noconfig.cmake
[13.181s] -- Installing: /home/boris/ros2_ws/src/install/my_service_interfaces/share/my_service_interfaces/cmake/rosidl_cmake-extras.cmake
[13.182s] -- Installing: /home/boris/ros2_ws/src/install/my_service_interfaces/share/my_service_interfaces/cmake/ament_cmake_export_dependencies-extras.cmake
[13.182s] -- Installing: /home/boris/ros2_ws/src/install/my_service_interfaces/share/my_service_interfaces/cmake/ament_cmake_export_include_directories-extras.cmake
[13.182s] -- Installing: /home/boris/ros2_ws/src/install/my_service_interfaces/share/my_service_interfaces/cmake/ament_cmake_export_libraries-extras.cmake
[13.183s] -- Installing: /home/boris/ros2_ws/src/install/my_service_interfaces/share/my_service_interfaces/cmake/ament_cmake_export_targets-extras.cmake
[13.185s] -- Installing: /home/boris/ros2_ws/src/install/my_service_interfaces/share/my_service_interfaces/cmake/rosidl_cmake_export_typesupport_targets-extras.cmake
[13.185s] -- Installing: /home/boris/ros2_ws/src/install/my_service_interfaces/share/my_service_interfaces/cmake/rosidl_cmake_export_typesupport_libraries-extras.cmake
[13.185s] -- Installing: /home/boris/ros2_ws/src/install/my_service_interfaces/share/my_service_interfaces/cmake/my_service_interfacesConfig.cmake
[13.185s] -- Installing: /home/boris/ros2_ws/src/install/my_service_interfaces/share/my_service_interfaces/cmake/my_service_interfacesConfig-version.cmake
[13.185s] -- Installing: /home/boris/ros2_ws/src/install/my_service_interfaces/share/my_service_interfaces/package.xml
[13.186s] Invoked command in '/home/boris/ros2_ws/src/build/my_service_interfaces' returned '0': CMAKE_PREFIX_PATH=/opt/ros/humble /usr/bin/cmake --install /home/boris/ros2_ws/src/build/my_service_interfaces
