[4.279s] Invoking command in '/home/boris/ros2_ws/src/my_calculate_action': PYTHONPATH=/home/boris/ros2_ws/src/build/my_calculate_action/prefix_override:/usr/lib/python3/dist-packages/colcon_core/task/python/colcon_distutils_commands:/home/boris/ros2_ws/src/install/my_calculate_action/lib/python3.10/site-packages:${PYTHONPATH} /usr/bin/python3 -W ignore:setup.py install is deprecated -W ignore:easy_install command is deprecated setup.py egg_info --egg-base ../build/my_calculate_action build --build-base /home/boris/ros2_ws/src/build/my_calculate_action/build install --record /home/boris/ros2_ws/src/build/my_calculate_action/install.log --single-version-externally-managed install_data
[5.402s] running egg_info
[5.404s] creating ../build/my_calculate_action/my_calculate_action.egg-info
[5.405s] writing ../build/my_calculate_action/my_calculate_action.egg-info/PKG-INFO
[5.406s] writing dependency_links to ../build/my_calculate_action/my_calculate_action.egg-info/dependency_links.txt
[5.407s] writing entry points to ../build/my_calculate_action/my_calculate_action.egg-info/entry_points.txt
[5.407s] writing requirements to ../build/my_calculate_action/my_calculate_action.egg-info/requires.txt
[5.408s] writing top-level names to ../build/my_calculate_action/my_calculate_action.egg-info/top_level.txt
[5.409s] writing manifest file '../build/my_calculate_action/my_calculate_action.egg-info/SOURCES.txt'
[5.422s] reading manifest file '../build/my_calculate_action/my_calculate_action.egg-info/SOURCES.txt'
[5.422s] writing manifest file '../build/my_calculate_action/my_calculate_action.egg-info/SOURCES.txt'
[5.422s] running build
[5.423s] running build_py
[5.424s] creating /home/boris/ros2_ws/src/build/my_calculate_action/build
[5.425s] creating /home/boris/ros2_ws/src/build/my_calculate_action/build/lib
[5.426s] creating /home/boris/ros2_ws/src/build/my_calculate_action/build/lib/my_calculate_action
[5.426s] copying my_calculate_action/calculate_action_client.py -> /home/boris/ros2_ws/src/build/my_calculate_action/build/lib/my_calculate_action
[5.426s] copying my_calculate_action/__init__.py -> /home/boris/ros2_ws/src/build/my_calculate_action/build/lib/my_calculate_action
[5.427s] copying my_calculate_action/calculate_action_server.py -> /home/boris/ros2_ws/src/build/my_calculate_action/build/lib/my_calculate_action
[5.427s] copying my_calculate_action/publisher_node.py -> /home/boris/ros2_ws/src/build/my_calculate_action/build/lib/my_calculate_action
[5.427s] running install
[5.428s] running install_lib
[5.431s] creating /home/boris/ros2_ws/src/install/my_calculate_action/lib/python3.10/site-packages/my_calculate_action
[5.433s] copying /home/boris/ros2_ws/src/build/my_calculate_action/build/lib/my_calculate_action/calculate_action_client.py -> /home/boris/ros2_ws/src/install/my_calculate_action/lib/python3.10/site-packages/my_calculate_action
[5.433s] copying /home/boris/ros2_ws/src/build/my_calculate_action/build/lib/my_calculate_action/__init__.py -> /home/boris/ros2_ws/src/install/my_calculate_action/lib/python3.10/site-packages/my_calculate_action
[5.437s] copying /home/boris/ros2_ws/src/build/my_calculate_action/build/lib/my_calculate_action/calculate_action_server.py -> /home/boris/ros2_ws/src/install/my_calculate_action/lib/python3.10/site-packages/my_calculate_action
[5.438s] copying /home/boris/ros2_ws/src/build/my_calculate_action/build/lib/my_calculate_action/publisher_node.py -> /home/boris/ros2_ws/src/install/my_calculate_action/lib/python3.10/site-packages/my_calculate_action
[5.445s] byte-compiling /home/boris/ros2_ws/src/install/my_calculate_action/lib/python3.10/site-packages/my_calculate_action/calculate_action_client.py to calculate_action_client.cpython-310.pyc
[5.451s] byte-compiling /home/boris/ros2_ws/src/install/my_calculate_action/lib/python3.10/site-packages/my_calculate_action/__init__.py to __init__.cpython-310.pyc
[5.452s] byte-compiling /home/boris/ros2_ws/src/install/my_calculate_action/lib/python3.10/site-packages/my_calculate_action/calculate_action_server.py to calculate_action_server.cpython-310.pyc
[5.454s] byte-compiling /home/boris/ros2_ws/src/install/my_calculate_action/lib/python3.10/site-packages/my_calculate_action/publisher_node.py to publisher_node.cpython-310.pyc
[5.468s] running install_data
[5.471s] creating /home/boris/ros2_ws/src/install/my_calculate_action/share/ament_index
[5.471s] creating /home/boris/ros2_ws/src/install/my_calculate_action/share/ament_index/resource_index
[5.472s] creating /home/boris/ros2_ws/src/install/my_calculate_action/share/ament_index/resource_index/packages
[5.473s] copying resource/my_calculate_action -> /home/boris/ros2_ws/src/install/my_calculate_action/share/ament_index/resource_index/packages
[5.473s] copying package.xml -> /home/boris/ros2_ws/src/install/my_calculate_action/share/my_calculate_action
[5.473s] running install_egg_info
[5.473s] Copying ../build/my_calculate_action/my_calculate_action.egg-info to /home/boris/ros2_ws/src/install/my_calculate_action/lib/python3.10/site-packages/my_calculate_action-0.0.0-py3.10.egg-info
[5.475s] running install_scripts
[5.573s] Installing calculate_action_client script to /home/boris/ros2_ws/src/install/my_calculate_action/lib/my_calculate_action
[5.573s] Installing calculate_action_server script to /home/boris/ros2_ws/src/install/my_calculate_action/lib/my_calculate_action
[5.574s] Installing number_publisher script to /home/boris/ros2_ws/src/install/my_calculate_action/lib/my_calculate_action
[5.575s] writing list of installed files to '/home/boris/ros2_ws/src/build/my_calculate_action/install.log'
[5.692s] Invoked command in '/home/boris/ros2_ws/src/my_calculate_action' returned '0': PYTHONPATH=/home/boris/ros2_ws/src/build/my_calculate_action/prefix_override:/usr/lib/python3/dist-packages/colcon_core/task/python/colcon_distutils_commands:/home/boris/ros2_ws/src/install/my_calculate_action/lib/python3.10/site-packages:${PYTHONPATH} /usr/bin/python3 -W ignore:setup.py install is deprecated -W ignore:easy_install command is deprecated setup.py egg_info --egg-base ../build/my_calculate_action build --build-base /home/boris/ros2_ws/src/build/my_calculate_action/build install --record /home/boris/ros2_ws/src/build/my_calculate_action/install.log --single-version-externally-managed install_data
